JobID|JobIDRaw|Cluster|Partition|Account|Group|GID|User|UID|Submit|Eligible|Start|End|Elapsed|ExitCode|State|NNodes|NCPUS|ReqCPUS|ReqMem|Timelimit|NodeList|QOS|ScheduledBy|JobName|NVEs|ToTSusT
1|1|micro|normal|account1|users|100|user1|1001|2021-01-01T00:00:45|2021-01-01T00:00:45|2021-01-01T00:01:00|2021-01-01T00:17:40|00:16:40|0:0|COMPLETED|1|2|2|2800Mn|00:18:00|sxat1|normal|0|1|1|00:00:00
56|56|micro|normal|account1|users|100|user1|1001|2021-01-01T00:00:45|2021-01-01T00:00:45|2021-01-01T00:01:00|2021-01-01T00:17:40|00:16:40|0:0|COMPLETED|1|2|2|2800Mn|00:18:00|sxat72|normal|0|56|8|00:00:00
54|54|micro|normal|account1|users|100|user1|1001|2021-01-01T00:00:45|2021-01-01T00:00:45|2021-01-01T00:01:00|2021-01-01T00:17:40|00:16:40|0:0|COMPLETED|2|4|4|2800Mn|00:18:00|sxat[10,34]|normal|0|54|8|00:00:00
53|53|micro|normal|account1|users|100|user1|1001|2021-01-01T00:00:45|2021-01-01T00:00:45|2021-01-01T00:01:00|2021-01-01T00:17:40|00:16:40|0:0|COMPLETED|1|2|2|2800Mn|00:18:00|sxat7|normal|0|53|6|00:00:00
51|51|micro|normal|account1|users|100|user1|1001|2021-01-01T00:00:45|2021-01-01T00:00:45|2021-01-01T00:01:00|2021-01-01T00:17:40|00:16:40|0:0|COMPLETED|5|10|10|2800Mn|00:18:00|sxat[67-71]|normal|0|51|8|00:00:00
50|50|micro|normal|account1|users|100|user1|1001|2021-01-01T00:00:45|2021-01-01T00:00:45|2021-01-01T00:01:00|2021-01-01T00:17:40|00:16:40|0:0|COMPLETED|1|2|2|2800Mn|00:18:00|sxat66|normal|0|50|8|00:00:00
48|48|micro|normal|account1|users|100|user1|1001|2021-01-01T00:00:45|2021-01-01T00:00:45|2021-01-01T00:01:00|2021-01-01T00:17:40|00:16:40|0:0|COMPLETED|5|10|10|2800Mn|00:18:00|sxat[61-65]|normal|0|48|8|00:00:00
45|45|micro|normal|account1|users|100|user1|1001|2021-01-01T00:00:45|2021-01-01T00:00:45|2021-01-01T00:01:00|2021-01-01T00:17:40|00:16:40|0:0|COMPLETED|4|8|8|2800Mn|00:18:00|sxat[57-60]|normal|0|45|8|00:00:00
44|44|micro|normal|account1|users|100|user1|1001|2021-01-01T00:00:45|2021-01-01T00:00:45|2021-01-01T00:01:00|2021-01-01T00:17:40|00:16:40|0:0|COMPLETED|1|2|2|2800Mn|00:18:00|sxat56|normal|0|44|3|00:00:00
42|42|micro|normal|account1|users|100|user1|1001|2021-01-01T00:00:45|2021-01-01T00:00:45|2021-01-01T00:01:00|2021-01-01T00:17:40|00:16:40|0:0|COMPLETED|1|2|2|2800Mn|00:18:00|sxat55|normal|0|42|8|00:00:00
39|39|micro|normal|account1|users|100|user1|1001|2021-01-01T00:00:45|2021-01-01T00:00:45|2021-01-01T00:01:00|2021-01-01T00:17:40|00:16:40|0:0|COMPLETED|4|8|8|2800Mn|00:18:00|sxat[51-54]|normal|0|39|8|00:00:00
38|38|micro|normal|account1|users|100|user1|1001|2021-01-01T00:00:45|2021-01-01T00:00:45|2021-01-01T00:01:00|2021-01-01T00:17:40|00:16:40|0:0|COMPLETED|1|2|2|2800Mn|00:18:00|sxat50|normal|0|38|5|00:00:00
36|36|micro|normal|account1|users|100|user1|1001|2021-01-01T00:00:45|2021-01-01T00:00:45|2021-01-01T00:01:00|2021-01-01T00:17:40|00:16:40|0:0|COMPLETED|4|8|8|2800Mn|00:18:00|sxat[46-49]|normal|0|36|8|00:00:00
35|35|micro|normal|account1|users|100|user1|1001|2021-01-01T00:00:45|2021-01-01T00:00:45|2021-01-01T00:01:00|2021-01-01T00:17:40|00:16:40|0:0|COMPLETED|1|2|2|2800Mn|00:18:00|sxat45|normal|0|35|8|00:00:00
33|33|micro|normal|account1|users|100|user1|1001|2021-01-01T00:00:45|2021-01-01T00:00:45|2021-01-01T00:01:00|2021-01-01T00:17:40|00:16:40|0:0|COMPLETED|4|8|8|2800Mn|00:18:00|sxat[41-44]|normal|0|33|8|00:00:00
32|32|micro|normal|account1|users|100|user1|1001|2021-01-01T00:00:45|2021-01-01T00:00:45|2021-01-01T00:01:00|2021-01-01T00:17:40|00:16:40|0:0|COMPLETED|1|2|2|2800Mn|00:18:00|sxat40|normal|0|32|3|00:00:00
30|30|micro|normal|account1|users|100|user1|1001|2021-01-01T00:00:45|2021-01-01T00:00:45|2021-01-01T00:01:00|2021-01-01T00:17:40|00:16:40|0:0|COMPLETED|1|2|2|2800Mn|00:18:00|sxat39|normal|0|30|8|00:00:00
28|28|micro|normal|account1|users|100|user1|1001|2021-01-01T00:00:45|2021-01-01T00:00:45|2021-01-01T00:01:00|2021-01-01T00:17:40|00:16:40|0:0|COMPLETED|1|2|2|2800Mn|00:18:00|sxat38|normal|0|28|1|00:00:00
27|27|micro|normal|account1|users|100|user1|1001|2021-01-01T00:00:45|2021-01-01T00:00:45|2021-01-01T00:01:00|2021-01-01T00:17:40|00:16:40|0:0|COMPLETED|5|10|10|2800Mn|00:18:00|sxat[32-33,35-37]|normal|0|27|8|00:00:00
24|24|micro|normal|account1|users|100|user1|1001|2021-01-01T00:00:45|2021-01-01T00:00:45|2021-01-01T00:01:00|2021-01-01T00:17:40|00:16:40|0:0|COMPLETED|2|4|4|2800Mn|00:18:00|sxat[30-31]|normal|0|24|8|00:00:00
23|23|micro|normal|account1|users|100|user1|1001|2021-01-01T00:00:45|2021-01-01T00:00:45|2021-01-01T00:01:00|2021-01-01T00:17:40|00:16:40|0:0|COMPLETED|1|2|2|2800Mn|00:18:00|sxat29|normal|0|23|4|00:00:00
21|21|micro|normal|account1|users|100|user1|1001|2021-01-01T00:00:45|2021-01-01T00:00:45|2021-01-01T00:01:00|2021-01-01T00:17:40|00:16:40|0:0|COMPLETED|5|10|10|2800Mn|00:18:00|sxat[24-28]|normal|0|21|8|00:00:00
18|18|micro|normal|account1|users|100|user1|1001|2021-01-01T00:00:45|2021-01-01T00:00:45|2021-01-01T00:01:00|2021-01-01T00:17:40|00:16:40|0:0|COMPLETED|1|2|2|2800Mn|00:18:00|sxat23|normal|0|18|8|00:00:00
17|17|micro|normal|account1|users|100|user1|1001|2021-01-01T00:00:45|2021-01-01T00:00:45|2021-01-01T00:01:00|2021-01-01T00:17:40|00:16:40|0:0|COMPLETED|1|2|2|2800Mn|00:18:00|sxat22|normal|0|17|8|00:00:00
15|15|micro|normal|account1|users|100|user1|1001|2021-01-01T00:00:45|2021-01-01T00:00:45|2021-01-01T00:01:00|2021-01-01T00:17:40|00:16:40|0:0|COMPLETED|3|6|6|2800Mn|00:18:00|sxat[19-21]|normal|0|15|8|00:00:00
14|14|micro|normal|account1|users|100|user1|1001|2021-01-01T00:00:45|2021-01-01T00:00:45|2021-01-01T00:01:00|2021-01-01T00:17:40|00:16:40|0:0|COMPLETED|1|2|2|2800Mn|00:18:00|sxat18|normal|0|14|7|00:00:00
12|12|micro|normal|account1|users|100|user1|1001|2021-01-01T00:00:45|2021-01-01T00:00:45|2021-01-01T00:01:00|2021-01-01T00:17:40|00:16:40|0:0|COMPLETED|3|6|6|2800Mn|00:18:00|sxat[15-17]|normal|0|12|8|00:00:00
10|10|micro|normal|account1|users|100|user1|1001|2021-01-01T00:00:45|2021-01-01T00:00:45|2021-01-01T00:01:00|2021-01-01T00:17:40|00:16:40|0:0|COMPLETED|1|2|2|2800Mn|00:18:00|sxat14|normal|0|10|1|00:00:00
9|9|micro|normal|account1|users|100|user1|1001|2021-01-01T00:00:45|2021-01-01T00:00:45|2021-01-01T00:01:00|2021-01-01T00:17:40|00:16:40|0:0|COMPLETED|4|8|8|2800Mn|00:18:00|sxat[9,11-13]|normal|0|9|8|00:00:00
6|6|micro|normal|account1|users|100|user1|1001|2021-01-01T00:00:45|2021-01-01T00:00:45|2021-01-01T00:01:00|2021-01-01T00:17:40|00:16:40|0:0|COMPLETED|4|8|8|2800Mn|00:18:00|sxat[4-6,8]|normal|0|6|8|00:00:00
3|3|micro|normal|account1|users|100|user1|1001|2021-01-01T00:00:45|2021-01-01T00:00:45|2021-01-01T00:01:00|2021-01-01T00:17:40|00:16:40|0:0|COMPLETED|1|2|2|2800Mn|00:18:00|sxat3|normal|0|3|8|00:00:00
2|2|micro|normal|account1|users|100|user1|1001|2021-01-01T00:00:45|2021-01-01T00:00:45|2021-01-01T00:01:00|2021-01-01T00:17:40|00:16:40|0:0|COMPLETED|1|2|2|2800Mn|00:18:00|sxat2|normal|0|2|8|00:00:00
58|58|micro|normal|account1|users|100|user1|1001|2021-01-01T00:00:45|2021-01-01T00:00:45|2021-01-01T00:01:30|2021-01-01T00:18:10|00:16:40|0:0|COMPLETED|1|2|2|2800Mn|00:18:00|sxat7|normal|0|58|1|00:00:00
57|57|micro|normal|account1|users|100|user1|1001|2021-01-01T00:00:45|2021-01-01T00:00:45|2021-01-01T00:01:30|2021-01-01T00:18:10|00:16:40|0:0|COMPLETED|1|2|2|2800Mn|00:18:00|sxat7|normal|0|57|1|00:00:00
55|55|micro|normal|account1|users|100|user1|1001|2021-01-01T00:00:45|2021-01-01T00:00:45|2021-01-01T00:01:30|2021-01-01T00:18:10|00:16:40|0:0|COMPLETED|1|2|2|2800Mn|00:18:00|sxat56|normal|0|55|1|00:00:00
52|52|micro|normal|account1|users|100|user1|1001|2021-01-01T00:00:45|2021-01-01T00:00:45|2021-01-01T00:01:30|2021-01-01T00:18:10|00:16:40|0:0|COMPLETED|1|2|2|2800Mn|00:18:00|sxat56|normal|0|52|1|00:00:00
49|49|micro|normal|account1|users|100|user1|1001|2021-01-01T00:00:45|2021-01-01T00:00:45|2021-01-01T00:01:30|2021-01-01T00:18:10|00:16:40|0:0|COMPLETED|1|2|2|2800Mn|00:18:00|sxat56|normal|0|49|1|00:00:00
47|47|micro|normal|account1|users|100|user1|1001|2021-01-01T00:00:45|2021-01-01T00:00:45|2021-01-01T00:01:30|2021-01-01T00:18:10|00:16:40|0:0|COMPLETED|1|2|2|2800Mn|00:18:00|sxat56|normal|0|47|2|00:00:00
46|46|micro|normal|account1|users|100|user1|1001|2021-01-01T00:00:45|2021-01-01T00:00:45|2021-01-01T00:01:30|2021-01-01T00:18:10|00:16:40|0:0|COMPLETED|1|2|2|2800Mn|00:18:00|sxat40|normal|0|46|1|00:00:00
43|43|micro|normal|account1|users|100|user1|1001|2021-01-01T00:00:45|2021-01-01T00:00:45|2021-01-01T00:01:30|2021-01-01T00:18:10|00:16:40|0:0|COMPLETED|1|2|2|2800Mn|00:18:00|sxat40|normal|0|43|1|00:00:00
41|41|micro|normal|account1|users|100|user1|1001|2021-01-01T00:00:45|2021-01-01T00:00:45|2021-01-01T00:01:30|2021-01-01T00:18:10|00:16:40|0:0|COMPLETED|1|2|2|2800Mn|00:18:00|sxat50|normal|0|41|3|00:00:00
40|40|micro|normal|account1|users|100|user1|1001|2021-01-01T00:00:45|2021-01-01T00:00:45|2021-01-01T00:01:30|2021-01-01T00:18:10|00:16:40|0:0|COMPLETED|1|2|2|2800Mn|00:18:00|sxat40|normal|0|40|1|00:00:00
37|37|micro|normal|account1|users|100|user1|1001|2021-01-01T00:00:45|2021-01-01T00:00:45|2021-01-01T00:01:30|2021-01-01T00:18:10|00:16:40|0:0|COMPLETED|1|2|2|2800Mn|00:18:00|sxat40|normal|0|37|1|00:00:00
34|34|micro|normal|account1|users|100|user1|1001|2021-01-01T00:00:45|2021-01-01T00:00:45|2021-01-01T00:01:30|2021-01-01T00:18:10|00:16:40|0:0|COMPLETED|1|2|2|2800Mn|00:18:00|sxat40|normal|0|34|1|00:00:00
31|31|micro|normal|account1|users|100|user1|1001|2021-01-01T00:00:45|2021-01-01T00:00:45|2021-01-01T00:01:30|2021-01-01T00:18:10|00:16:40|0:0|COMPLETED|1|2|2|2800Mn|00:18:00|sxat38|normal|0|31|1|00:00:00
29|29|micro|normal|account1|users|100|user1|1001|2021-01-01T00:00:45|2021-01-01T00:00:45|2021-01-01T00:01:30|2021-01-01T00:18:10|00:16:40|0:0|COMPLETED|1|2|2|2800Mn|00:18:00|sxat38|normal|0|29|6|00:00:00
26|26|micro|normal|account1|users|100|user1|1001|2021-01-01T00:00:45|2021-01-01T00:00:45|2021-01-01T00:01:30|2021-01-01T00:18:10|00:16:40|0:0|COMPLETED|1|2|2|2800Mn|00:18:00|sxat29|normal|0|26|3|00:00:00
25|25|micro|normal|account1|users|100|user1|1001|2021-01-01T00:00:45|2021-01-01T00:00:45|2021-01-01T00:01:30|2021-01-01T00:18:10|00:16:40|0:0|COMPLETED|1|2|2|2800Mn|00:18:00|sxat29|normal|0|25|1|00:00:00
22|22|micro|normal|account1|users|100|user1|1001|2021-01-01T00:00:45|2021-01-01T00:00:45|2021-01-01T00:01:30|2021-01-01T00:18:10|00:16:40|0:0|COMPLETED|1|2|2|2800Mn|00:18:00|sxat14|normal|0|22|1|00:00:00
20|20|micro|normal|account1|users|100|user1|1001|2021-01-01T00:00:45|2021-01-01T00:00:45|2021-01-01T00:01:30|2021-01-01T00:18:10|00:16:40|0:0|COMPLETED|1|2|2|2800Mn|00:18:00|sxat14|normal|0|20|2|00:00:00
19|19|micro|normal|account1|users|100|user1|1001|2021-01-01T00:00:45|2021-01-01T00:00:45|2021-01-01T00:01:30|2021-01-01T00:18:10|00:16:40|0:0|COMPLETED|1|2|2|2800Mn|00:18:00|sxat14|normal|0|19|1|00:00:00
16|16|micro|normal|account1|users|100|user1|1001|2021-01-01T00:00:45|2021-01-01T00:00:45|2021-01-01T00:01:30|2021-01-01T00:18:10|00:16:40|0:0|COMPLETED|1|2|2|2800Mn|00:18:00|sxat18|normal|0|16|1|00:00:00
13|13|micro|normal|account1|users|100|user1|1001|2021-01-01T00:00:45|2021-01-01T00:00:45|2021-01-01T00:01:30|2021-01-01T00:18:10|00:16:40|0:0|COMPLETED|1|2|2|2800Mn|00:18:00|sxat14|normal|0|13|1|00:00:00
11|11|micro|normal|account1|users|100|user1|1001|2021-01-01T00:00:45|2021-01-01T00:00:45|2021-01-01T00:01:30|2021-01-01T00:18:10|00:16:40|0:0|COMPLETED|1|2|2|2800Mn|00:18:00|sxat14|normal|0|11|2|00:00:00
8|8|micro|normal|account1|users|100|user1|1001|2021-01-01T00:00:45|2021-01-01T00:00:45|2021-01-01T00:01:30|2021-01-01T00:18:10|00:16:40|0:0|COMPLETED|1|2|2|2800Mn|00:18:00|sxat1|normal|0|8|3|00:00:00
7|7|micro|normal|account1|users|100|user1|1001|2021-01-01T00:00:45|2021-01-01T00:00:45|2021-01-01T00:01:30|2021-01-01T00:18:10|00:16:40|0:0|COMPLETED|1|2|2|2800Mn|00:18:00|sxat1|normal|0|7|1|00:00:00
5|5|micro|normal|account1|users|100|user1|1001|2021-01-01T00:00:45|2021-01-01T00:00:45|2021-01-01T00:01:30|2021-01-01T00:18:10|00:16:40|0:0|COMPLETED|1|2|2|2800Mn|00:18:00|sxat1|normal|0|5|2|00:00:00
4|4|micro|normal|account1|users|100|user1|1001|2021-01-01T00:00:45|2021-01-01T00:00:45|2021-01-01T00:01:30|2021-01-01T00:18:10|00:16:40|0:0|COMPLETED|1|2|2|2800Mn|00:18:00|sxat1|normal|0|4|1|00:00:00
