JobID|JobIDRaw|Cluster|Partition|Account|Group|GID|User|UID|Submit|Eligible|Start|End|Elapsed|ExitCode|State|NNodes|NCPUS|ReqCPUS|ReqMem|Timelimit|NodeList|QOS|ScheduledBy|JobName|NVEs|ToTSusT
1000|1000|micro|urgent|account1|users|100|user1|1001|2021-01-01T00:00:00|2021-01-01T00:00:00|2021-01-01T00:00:15|2021-01-01T00:10:37|00:10:22|0:0|COMPLETED|2|4|4|2800Mn|00:11:00|sxat[23,40]|normal|0|1000|8|00:00:00
2000|2000|micro|urgent|account1|users|100|user1|1001|2021-01-01T00:00:00|2021-01-01T00:00:00|2021-01-01T00:00:15|2021-01-01T00:10:37|00:10:22|0:0|COMPLETED|1|2|2|2800Mn|00:11:00|sxat45|normal|0|2000|1|00:00:00
2001|2001|micro|normal|account1|users|100|user1|1001|2021-01-01T00:08:10|2021-01-01T00:08:10|2021-01-01T00:11:53|2021-01-01T00:16:54|00:05:01|0:0|COMPLETED|1|2|2|2800Mn|00:06:00|sxat45|normal|0|2001|1|00:00:00
2004|2004|micro|normal|account1|users|100|user1|1001|2021-01-01T00:08:10|2021-01-01T00:08:10|2021-01-01T00:11:53|2021-01-01T00:16:57|00:05:04|0:0|COMPLETED|1|2|2|2800Mn|00:06:00|sxat40|normal|0|2004|1|00:00:00
2005|2005|micro|normal|account1|users|100|user1|1001|2021-01-01T00:08:10|2021-01-01T00:08:10|2021-01-01T00:11:53|2021-01-01T00:16:58|00:05:05|0:0|COMPLETED|1|2|2|2800Mn|00:06:00|sxat40|normal|0|2005|2|00:00:00
2007|2007|micro|normal|account1|users|100|user1|1001|2021-01-01T00:08:10|2021-01-01T00:08:10|2021-01-01T00:11:53|2021-01-01T00:17:00|00:05:07|0:0|COMPLETED|1|2|2|2800Mn|00:06:00|sxat40|normal|0|2007|1|00:00:00
2008|2008|micro|normal|account1|users|100|user1|1001|2021-01-01T00:08:10|2021-01-01T00:08:10|2021-01-01T00:11:53|2021-01-01T00:17:01|00:05:08|0:0|COMPLETED|1|2|2|2800Mn|00:06:00|sxat40|normal|0|2008|3|00:00:00
56|56|micro|normal|account1|users|100|user1|1001|2021-01-01T00:00:45|2021-01-01T00:00:45|2021-01-01T00:00:45|2021-01-01T00:17:25|00:16:40|0:0|COMPLETED|1|2|2|2800Mn|00:18:00|sxat72|normal|0|56|8|00:00:00
54|54|micro|normal|account1|users|100|user1|1001|2021-01-01T00:00:45|2021-01-01T00:00:45|2021-01-01T00:00:45|2021-01-01T00:17:25|00:16:40|0:0|COMPLETED|2|4|4|2800Mn|00:18:00|sxat[70-71]|normal|0|54|8|00:00:00
53|53|micro|normal|account1|users|100|user1|1001|2021-01-01T00:00:45|2021-01-01T00:00:45|2021-01-01T00:00:45|2021-01-01T00:17:25|00:16:40|0:0|COMPLETED|1|2|2|2800Mn|00:18:00|sxat69|normal|0|53|6|00:00:00
51|51|micro|normal|account1|users|100|user1|1001|2021-01-01T00:00:45|2021-01-01T00:00:45|2021-01-01T00:00:45|2021-01-01T00:17:25|00:16:40|0:0|COMPLETED|5|10|10|2800Mn|00:18:00|sxat[64-68]|normal|0|51|8|00:00:00
50|50|micro|normal|account1|users|100|user1|1001|2021-01-01T00:00:45|2021-01-01T00:00:45|2021-01-01T00:00:45|2021-01-01T00:17:25|00:16:40|0:0|COMPLETED|1|2|2|2800Mn|00:18:00|sxat63|normal|0|50|8|00:00:00
48|48|micro|normal|account1|users|100|user1|1001|2021-01-01T00:00:45|2021-01-01T00:00:45|2021-01-01T00:00:45|2021-01-01T00:17:25|00:16:40|0:0|COMPLETED|5|10|10|2800Mn|00:18:00|sxat[58-62]|normal|0|48|8|00:00:00
45|45|micro|normal|account1|users|100|user1|1001|2021-01-01T00:00:45|2021-01-01T00:00:45|2021-01-01T00:00:45|2021-01-01T00:17:25|00:16:40|0:0|COMPLETED|4|8|8|2800Mn|00:18:00|sxat[54-57]|normal|0|45|8|00:00:00
44|44|micro|normal|account1|users|100|user1|1001|2021-01-01T00:00:45|2021-01-01T00:00:45|2021-01-01T00:00:45|2021-01-01T00:17:25|00:16:40|0:0|COMPLETED|1|2|2|2800Mn|00:18:00|sxat53|normal|0|44|3|00:00:00
42|42|micro|normal|account1|users|100|user1|1001|2021-01-01T00:00:45|2021-01-01T00:00:45|2021-01-01T00:00:45|2021-01-01T00:17:25|00:16:40|0:0|COMPLETED|1|2|2|2800Mn|00:18:00|sxat52|normal|0|42|8|00:00:00
39|39|micro|normal|account1|users|100|user1|1001|2021-01-01T00:00:45|2021-01-01T00:00:45|2021-01-01T00:00:45|2021-01-01T00:17:25|00:16:40|0:0|COMPLETED|4|8|8|2800Mn|00:18:00|sxat[48-51]|normal|0|39|8|00:00:00
38|38|micro|normal|account1|users|100|user1|1001|2021-01-01T00:00:45|2021-01-01T00:00:45|2021-01-01T00:00:45|2021-01-01T00:17:25|00:16:40|0:0|COMPLETED|1|2|2|2800Mn|00:18:00|sxat47|normal|0|38|5|00:00:00
36|36|micro|normal|account1|users|100|user1|1001|2021-01-01T00:00:45|2021-01-01T00:00:45|2021-01-01T00:00:45|2021-01-01T00:17:25|00:16:40|0:0|COMPLETED|4|8|8|2800Mn|00:18:00|sxat[42-44,46]|normal|0|36|8|00:00:00
33|33|micro|normal|account1|users|100|user1|1001|2021-01-01T00:00:45|2021-01-01T00:00:45|2021-01-01T00:00:45|2021-01-01T00:17:25|00:16:40|0:0|COMPLETED|4|8|8|2800Mn|00:18:00|sxat[37-39,41]|normal|0|33|8|00:00:00
30|30|micro|normal|account1|users|100|user1|1001|2021-01-01T00:00:45|2021-01-01T00:00:45|2021-01-01T00:00:45|2021-01-01T00:17:25|00:16:40|0:0|COMPLETED|1|2|2|2800Mn|00:18:00|sxat36|normal|0|30|8|00:00:00
29|29|micro|normal|account1|users|100|user1|1001|2021-01-01T00:00:45|2021-01-01T00:00:45|2021-01-01T00:00:45|2021-01-01T00:17:25|00:16:40|0:0|COMPLETED|1|2|2|2800Mn|00:18:00|sxat35|normal|0|29|6|00:00:00
27|27|micro|normal|account1|users|100|user1|1001|2021-01-01T00:00:45|2021-01-01T00:00:45|2021-01-01T00:00:45|2021-01-01T00:17:25|00:16:40|0:0|COMPLETED|5|10|10|2800Mn|00:18:00|sxat[30-34]|normal|0|27|8|00:00:00
26|26|micro|normal|account1|users|100|user1|1001|2021-01-01T00:00:45|2021-01-01T00:00:45|2021-01-01T00:00:45|2021-01-01T00:17:25|00:16:40|0:0|COMPLETED|1|2|2|2800Mn|00:18:00|sxat29|normal|0|26|3|00:00:00
24|24|micro|normal|account1|users|100|user1|1001|2021-01-01T00:00:45|2021-01-01T00:00:45|2021-01-01T00:00:45|2021-01-01T00:17:25|00:16:40|0:0|COMPLETED|2|4|4|2800Mn|00:18:00|sxat[27-28]|normal|0|24|8|00:00:00
22|22|micro|normal|account1|users|100|user1|1001|2021-01-01T00:00:45|2021-01-01T00:00:45|2021-01-01T00:00:45|2021-01-01T00:17:25|00:16:40|0:0|COMPLETED|1|2|2|2800Mn|00:18:00|sxat26|normal|0|22|1|00:00:00
21|21|micro|normal|account1|users|100|user1|1001|2021-01-01T00:00:45|2021-01-01T00:00:45|2021-01-01T00:00:45|2021-01-01T00:17:25|00:16:40|0:0|COMPLETED|5|10|10|2800Mn|00:18:00|sxat[20-22,24-25]|normal|0|21|8|00:00:00
17|17|micro|normal|account1|users|100|user1|1001|2021-01-01T00:00:45|2021-01-01T00:00:45|2021-01-01T00:00:45|2021-01-01T00:17:25|00:16:40|0:0|COMPLETED|1|2|2|2800Mn|00:18:00|sxat19|normal|0|17|8|00:00:00
15|15|micro|normal|account1|users|100|user1|1001|2021-01-01T00:00:45|2021-01-01T00:00:45|2021-01-01T00:00:45|2021-01-01T00:17:25|00:16:40|0:0|COMPLETED|3|6|6|2800Mn|00:18:00|sxat[16-18]|normal|0|15|8|00:00:00
14|14|micro|normal|account1|users|100|user1|1001|2021-01-01T00:00:45|2021-01-01T00:00:45|2021-01-01T00:00:45|2021-01-01T00:17:25|00:16:40|0:0|COMPLETED|1|2|2|2800Mn|00:18:00|sxat15|normal|0|14|7|00:00:00
12|12|micro|normal|account1|users|100|user1|1001|2021-01-01T00:00:45|2021-01-01T00:00:45|2021-01-01T00:00:45|2021-01-01T00:17:25|00:16:40|0:0|COMPLETED|3|6|6|2800Mn|00:18:00|sxat[12-14]|normal|0|12|8|00:00:00
9|9|micro|normal|account1|users|100|user1|1001|2021-01-01T00:00:45|2021-01-01T00:00:45|2021-01-01T00:00:45|2021-01-01T00:17:25|00:16:40|0:0|COMPLETED|4|8|8|2800Mn|00:18:00|sxat[8-11]|normal|0|9|8|00:00:00
8|8|micro|normal|account1|users|100|user1|1001|2021-01-01T00:00:45|2021-01-01T00:00:45|2021-01-01T00:00:45|2021-01-01T00:17:25|00:16:40|0:0|COMPLETED|1|2|2|2800Mn|00:18:00|sxat7|normal|0|8|3|00:00:00
6|6|micro|normal|account1|users|100|user1|1001|2021-01-01T00:00:45|2021-01-01T00:00:45|2021-01-01T00:00:45|2021-01-01T00:17:25|00:16:40|0:0|COMPLETED|4|8|8|2800Mn|00:18:00|sxat[3-6]|normal|0|6|8|00:00:00
3|3|micro|normal|account1|users|100|user1|1001|2021-01-01T00:00:45|2021-01-01T00:00:45|2021-01-01T00:00:45|2021-01-01T00:17:25|00:16:40|0:0|COMPLETED|1|2|2|2800Mn|00:18:00|sxat2|normal|0|3|8|00:00:00
2|2|micro|normal|account1|users|100|user1|1001|2021-01-01T00:00:45|2021-01-01T00:00:45|2021-01-01T00:00:45|2021-01-01T00:17:25|00:16:40|0:0|COMPLETED|1|2|2|2800Mn|00:18:00|sxat1|normal|0|2|8|00:00:00
58|58|micro|normal|account1|users|100|user1|1001|2021-01-01T00:00:45|2021-01-01T00:00:45|2021-01-01T00:01:15|2021-01-01T00:17:55|00:16:40|0:0|COMPLETED|1|2|2|2800Mn|00:18:00|sxat69|normal|0|58|1|00:00:00
57|57|micro|normal|account1|users|100|user1|1001|2021-01-01T00:00:45|2021-01-01T00:00:45|2021-01-01T00:01:15|2021-01-01T00:17:55|00:16:40|0:0|COMPLETED|1|2|2|2800Mn|00:18:00|sxat69|normal|0|57|1|00:00:00
55|55|micro|normal|account1|users|100|user1|1001|2021-01-01T00:00:45|2021-01-01T00:00:45|2021-01-01T00:01:15|2021-01-01T00:17:55|00:16:40|0:0|COMPLETED|1|2|2|2800Mn|00:18:00|sxat53|normal|0|55|1|00:00:00
52|52|micro|normal|account1|users|100|user1|1001|2021-01-01T00:00:45|2021-01-01T00:00:45|2021-01-01T00:01:15|2021-01-01T00:17:55|00:16:40|0:0|COMPLETED|1|2|2|2800Mn|00:18:00|sxat53|normal|0|52|1|00:00:00
49|49|micro|normal|account1|users|100|user1|1001|2021-01-01T00:00:45|2021-01-01T00:00:45|2021-01-01T00:01:15|2021-01-01T00:17:55|00:16:40|0:0|COMPLETED|1|2|2|2800Mn|00:18:00|sxat53|normal|0|49|1|00:00:00
47|47|micro|normal|account1|users|100|user1|1001|2021-01-01T00:00:45|2021-01-01T00:00:45|2021-01-01T00:01:15|2021-01-01T00:17:55|00:16:40|0:0|COMPLETED|1|2|2|2800Mn|00:18:00|sxat53|normal|0|47|2|00:00:00
46|46|micro|normal|account1|users|100|user1|1001|2021-01-01T00:00:45|2021-01-01T00:00:45|2021-01-01T00:01:15|2021-01-01T00:17:55|00:16:40|0:0|COMPLETED|1|2|2|2800Mn|00:18:00|sxat35|normal|0|46|1|00:00:00
43|43|micro|normal|account1|users|100|user1|1001|2021-01-01T00:00:45|2021-01-01T00:00:45|2021-01-01T00:01:15|2021-01-01T00:17:55|00:16:40|0:0|COMPLETED|1|2|2|2800Mn|00:18:00|sxat35|normal|0|43|1|00:00:00
41|41|micro|normal|account1|users|100|user1|1001|2021-01-01T00:00:45|2021-01-01T00:00:45|2021-01-01T00:01:15|2021-01-01T00:17:55|00:16:40|0:0|COMPLETED|1|2|2|2800Mn|00:18:00|sxat47|normal|0|41|3|00:00:00
40|40|micro|normal|account1|users|100|user1|1001|2021-01-01T00:00:45|2021-01-01T00:00:45|2021-01-01T00:01:15|2021-01-01T00:17:55|00:16:40|0:0|COMPLETED|1|2|2|2800Mn|00:18:00|sxat29|normal|0|40|1|00:00:00
37|37|micro|normal|account1|users|100|user1|1001|2021-01-01T00:00:45|2021-01-01T00:00:45|2021-01-01T00:01:15|2021-01-01T00:17:55|00:16:40|0:0|COMPLETED|1|2|2|2800Mn|00:18:00|sxat29|normal|0|37|1|00:00:00
32|32|micro|normal|account1|users|100|user1|1001|2021-01-01T00:00:45|2021-01-01T00:00:45|2021-01-01T00:01:15|2021-01-01T00:17:55|00:16:40|0:0|COMPLETED|1|2|2|2800Mn|00:18:00|sxat29|normal|0|32|3|00:00:00
31|31|micro|normal|account1|users|100|user1|1001|2021-01-01T00:00:45|2021-01-01T00:00:45|2021-01-01T00:01:15|2021-01-01T00:17:55|00:16:40|0:0|COMPLETED|1|2|2|2800Mn|00:18:00|sxat26|normal|0|31|1|00:00:00
28|28|micro|normal|account1|users|100|user1|1001|2021-01-01T00:00:45|2021-01-01T00:00:45|2021-01-01T00:01:15|2021-01-01T00:17:55|00:16:40|0:0|COMPLETED|1|2|2|2800Mn|00:18:00|sxat26|normal|0|28|1|00:00:00
25|25|micro|normal|account1|users|100|user1|1001|2021-01-01T00:00:45|2021-01-01T00:00:45|2021-01-01T00:01:15|2021-01-01T00:17:55|00:16:40|0:0|COMPLETED|1|2|2|2800Mn|00:18:00|sxat26|normal|0|25|1|00:00:00
23|23|micro|normal|account1|users|100|user1|1001|2021-01-01T00:00:45|2021-01-01T00:00:45|2021-01-01T00:01:15|2021-01-01T00:17:55|00:16:40|0:0|COMPLETED|1|2|2|2800Mn|00:18:00|sxat26|normal|0|23|4|00:00:00
20|20|micro|normal|account1|users|100|user1|1001|2021-01-01T00:00:45|2021-01-01T00:00:45|2021-01-01T00:01:15|2021-01-01T00:17:55|00:16:40|0:0|COMPLETED|1|2|2|2800Mn|00:18:00|sxat7|normal|0|20|2|00:00:00
19|19|micro|normal|account1|users|100|user1|1001|2021-01-01T00:00:45|2021-01-01T00:00:45|2021-01-01T00:01:15|2021-01-01T00:17:55|00:16:40|0:0|COMPLETED|1|2|2|2800Mn|00:18:00|sxat7|normal|0|19|1|00:00:00
16|16|micro|normal|account1|users|100|user1|1001|2021-01-01T00:00:45|2021-01-01T00:00:45|2021-01-01T00:01:15|2021-01-01T00:17:55|00:16:40|0:0|COMPLETED|1|2|2|2800Mn|00:18:00|sxat15|normal|0|16|1|00:00:00
13|13|micro|normal|account1|users|100|user1|1001|2021-01-01T00:00:45|2021-01-01T00:00:45|2021-01-01T00:01:15|2021-01-01T00:17:55|00:16:40|0:0|COMPLETED|1|2|2|2800Mn|00:18:00|sxat45|normal|0|13|1|00:00:00
11|11|micro|normal|account1|users|100|user1|1001|2021-01-01T00:00:45|2021-01-01T00:00:45|2021-01-01T00:01:15|2021-01-01T00:17:55|00:16:40|0:0|COMPLETED|1|2|2|2800Mn|00:18:00|sxat7|normal|0|11|2|00:00:00
10|10|micro|normal|account1|users|100|user1|1001|2021-01-01T00:00:45|2021-01-01T00:00:45|2021-01-01T00:01:15|2021-01-01T00:17:55|00:16:40|0:0|COMPLETED|1|2|2|2800Mn|00:18:00|sxat45|normal|0|10|1|00:00:00
7|7|micro|normal|account1|users|100|user1|1001|2021-01-01T00:00:45|2021-01-01T00:00:45|2021-01-01T00:01:15|2021-01-01T00:17:55|00:16:40|0:0|COMPLETED|1|2|2|2800Mn|00:18:00|sxat45|normal|0|7|1|00:00:00
5|5|micro|normal|account1|users|100|user1|1001|2021-01-01T00:00:45|2021-01-01T00:00:45|2021-01-01T00:01:15|2021-01-01T00:17:55|00:16:40|0:0|COMPLETED|1|2|2|2800Mn|00:18:00|sxat45|normal|0|5|2|00:00:00
4|4|micro|normal|account1|users|100|user1|1001|2021-01-01T00:00:45|2021-01-01T00:00:45|2021-01-01T00:01:15|2021-01-01T00:17:55|00:16:40|0:0|COMPLETED|1|2|2|2800Mn|00:18:00|sxat45|normal|0|4|1|00:00:00
1|1|micro|normal|account1|users|100|user1|1001|2021-01-01T00:00:45|2021-01-01T00:00:45|2021-01-01T00:01:15|2021-01-01T00:17:55|00:16:40|0:0|COMPLETED|1|2|2|2800Mn|00:18:00|sxat45|normal|0|1|1|00:00:00
2010|2010|micro|normal|account1|users|100|user1|1001|2021-01-01T00:08:10|2021-01-01T00:08:10|2021-01-01T00:18:03|2021-01-01T00:23:13|00:05:10|0:0|COMPLETED|1|2|2|2800Mn|00:06:00|sxat40|normal|0|2010|1|00:00:00
2011|2011|micro|normal|account1|users|100|user1|1001|2021-01-01T00:08:10|2021-01-01T00:08:10|2021-01-01T00:18:03|2021-01-01T00:23:14|00:05:11|0:0|COMPLETED|1|2|2|2800Mn|00:06:00|sxat40|normal|0|2011|2|00:00:00
2013|2013|micro|normal|account1|users|100|user1|1001|2021-01-01T00:08:10|2021-01-01T00:08:10|2021-01-01T00:18:03|2021-01-01T00:23:16|00:05:13|0:0|COMPLETED|1|2|2|2800Mn|00:06:00|sxat40|normal|0|2013|1|00:00:00
2016|2016|micro|normal|account1|users|100|user1|1001|2021-01-01T00:08:10|2021-01-01T00:08:10|2021-01-01T00:18:03|2021-01-01T00:23:19|00:05:16|0:0|COMPLETED|1|2|2|2800Mn|00:06:00|sxat40|normal|0|2016|1|00:00:00
2019|2019|micro|normal|account1|users|100|user1|1001|2021-01-01T00:08:10|2021-01-01T00:08:10|2021-01-01T00:18:03|2021-01-01T00:23:22|00:05:19|0:0|COMPLETED|1|2|2|2800Mn|00:06:00|sxat40|normal|0|2019|1|00:00:00
2022|2022|micro|normal|account1|users|100|user1|1001|2021-01-01T00:08:10|2021-01-01T00:08:10|2021-01-01T00:18:03|2021-01-01T00:23:25|00:05:22|0:0|COMPLETED|1|2|2|2800Mn|00:07:00|sxat40|normal|0|2022|1|00:00:00
2002|2002|micro|normal|account1|users|100|user1|1001|2021-01-01T00:08:10|2021-01-01T00:08:10|2021-01-01T00:18:33|2021-01-01T00:23:35|00:05:02|0:0|COMPLETED|1|2|2|2800Mn|00:06:00|sxat1|normal|0|2002|8|00:00:00
2003|2003|micro|normal|account1|users|100|user1|1001|2021-01-01T00:08:10|2021-01-01T00:08:10|2021-01-01T00:18:33|2021-01-01T00:23:36|00:05:03|0:0|COMPLETED|1|2|2|2800Mn|00:06:00|sxat2|normal|0|2003|8|00:00:00
2006|2006|micro|normal|account1|users|100|user1|1001|2021-01-01T00:08:10|2021-01-01T00:08:10|2021-01-01T00:18:33|2021-01-01T00:23:39|00:05:06|0:0|COMPLETED|4|8|8|2800Mn|00:06:00|sxat[3-6]|normal|0|2006|8|00:00:00
2009|2009|micro|normal|account1|users|100|user1|1001|2021-01-01T00:08:10|2021-01-01T00:08:10|2021-01-01T00:18:33|2021-01-01T00:23:42|00:05:09|0:0|COMPLETED|4|8|8|2800Mn|00:06:00|sxat[8-11]|normal|0|2009|8|00:00:00
2012|2012|micro|normal|account1|users|100|user1|1001|2021-01-01T00:08:10|2021-01-01T00:08:10|2021-01-01T00:18:33|2021-01-01T00:23:45|00:05:12|0:0|COMPLETED|3|6|6|2800Mn|00:06:00|sxat[12-14]|normal|0|2012|8|00:00:00
2014|2014|micro|normal|account1|users|100|user1|1001|2021-01-01T00:08:10|2021-01-01T00:08:10|2021-01-01T00:18:33|2021-01-01T00:23:47|00:05:14|0:0|COMPLETED|1|2|2|2800Mn|00:06:00|sxat7|normal|0|2014|7|00:00:00
2015|2015|micro|normal|account1|users|100|user1|1001|2021-01-01T00:08:10|2021-01-01T00:08:10|2021-01-01T00:18:33|2021-01-01T00:23:48|00:05:15|0:0|COMPLETED|3|6|6|2800Mn|00:06:00|sxat[16-18]|normal|0|2015|8|00:00:00
2017|2017|micro|normal|account1|users|100|user1|1001|2021-01-01T00:08:10|2021-01-01T00:08:10|2021-01-01T00:18:33|2021-01-01T00:23:50|00:05:17|0:0|COMPLETED|1|2|2|2800Mn|00:06:00|sxat15|normal|0|2017|8|00:00:00
2018|2018|micro|normal|account1|users|100|user1|1001|2021-01-01T00:08:10|2021-01-01T00:08:10|2021-01-01T00:18:33|2021-01-01T00:23:51|00:05:18|0:0|COMPLETED|1|2|2|2800Mn|00:06:00|sxat19|normal|0|2018|8|00:00:00
2020|2020|micro|normal|account1|users|100|user1|1001|2021-01-01T00:08:10|2021-01-01T00:08:10|2021-01-01T00:18:33|2021-01-01T00:23:53|00:05:20|0:0|COMPLETED|1|2|2|2800Mn|00:07:00|sxat26|normal|0|2020|2|00:00:00
2021|2021|micro|normal|account1|users|100|user1|1001|2021-01-01T00:08:10|2021-01-01T00:08:10|2021-01-01T00:18:33|2021-01-01T00:23:54|00:05:21|0:0|COMPLETED|5|10|10|2800Mn|00:07:00|sxat[20-22,24-25]|normal|0|2021|8|00:00:00
2024|2024|micro|normal|account1|users|100|user1|1001|2021-01-01T00:08:10|2021-01-01T00:08:10|2021-01-01T00:18:33|2021-01-01T00:23:57|00:05:24|0:0|COMPLETED|2|4|4|2800Mn|00:07:00|sxat[27-28]|normal|0|2024|8|00:00:00
2026|2026|micro|normal|account1|users|100|user1|1001|2021-01-01T00:08:10|2021-01-01T00:08:10|2021-01-01T00:18:33|2021-01-01T00:23:59|00:05:26|0:0|COMPLETED|1|2|2|2800Mn|00:07:00|sxat29|normal|0|2026|3|00:00:00
2027|2027|micro|normal|account1|users|100|user1|1001|2021-01-01T00:08:10|2021-01-01T00:08:10|2021-01-01T00:18:33|2021-01-01T00:24:00|00:05:27|0:0|COMPLETED|5|10|10|2800Mn|00:07:00|sxat[30-34]|normal|0|2027|8|00:00:00
2029|2029|micro|normal|account1|users|100|user1|1001|2021-01-01T00:08:10|2021-01-01T00:08:10|2021-01-01T00:18:33|2021-01-01T00:24:02|00:05:29|0:0|COMPLETED|1|2|2|2800Mn|00:07:00|sxat35|normal|0|2029|6|00:00:00
2030|2030|micro|normal|account1|users|100|user1|1001|2021-01-01T00:08:10|2021-01-01T00:08:10|2021-01-01T00:18:33|2021-01-01T00:24:03|00:05:30|0:0|COMPLETED|1|2|2|2800Mn|00:07:00|sxat36|normal|0|2030|8|00:00:00
2033|2033|micro|normal|account1|users|100|user1|1001|2021-01-01T00:08:10|2021-01-01T00:08:10|2021-01-01T00:18:33|2021-01-01T00:24:06|00:05:33|0:0|COMPLETED|4|8|8|2800Mn|00:07:00|sxat[37-39,41]|normal|0|2033|8|00:00:00
2035|2035|micro|normal|account1|users|100|user1|1001|2021-01-01T00:08:10|2021-01-01T00:08:10|2021-01-01T00:18:33|2021-01-01T00:24:08|00:05:35|0:0|COMPLETED|1|2|2|2800Mn|00:07:00|sxat47|normal|0|2035|8|00:00:00
2036|2036|micro|normal|account1|users|100|user1|1001|2021-01-01T00:08:10|2021-01-01T00:08:10|2021-01-01T00:18:33|2021-01-01T00:24:09|00:05:36|0:0|COMPLETED|4|8|8|2800Mn|00:07:00|sxat[42-44,46]|normal|0|2036|8|00:00:00
2038|2038|micro|normal|account1|users|100|user1|1001|2021-01-01T00:08:10|2021-01-01T00:08:10|2021-01-01T00:18:33|2021-01-01T00:24:11|00:05:38|0:0|COMPLETED|1|2|2|2800Mn|00:07:00|sxat52|normal|0|2038|5|00:00:00
2039|2039|micro|normal|account1|users|100|user1|1001|2021-01-01T00:08:10|2021-01-01T00:08:10|2021-01-01T00:18:33|2021-01-01T00:24:12|00:05:39|0:0|COMPLETED|4|8|8|2800Mn|00:07:00|sxat[48-51]|normal|0|2039|8|00:00:00
2042|2042|micro|normal|account1|users|100|user1|1001|2021-01-01T00:08:10|2021-01-01T00:08:10|2021-01-01T00:18:33|2021-01-01T00:24:15|00:05:42|0:0|COMPLETED|1|2|2|2800Mn|00:07:00|sxat53|normal|0|2042|8|00:00:00
2044|2044|micro|normal|account1|users|100|user1|1001|2021-01-01T00:08:10|2021-01-01T00:08:10|2021-01-01T00:18:33|2021-01-01T00:24:17|00:05:44|0:0|COMPLETED|1|2|2|2800Mn|00:07:00|sxat63|normal|0|2044|3|00:00:00
2045|2045|micro|normal|account1|users|100|user1|1001|2021-01-01T00:08:10|2021-01-01T00:08:10|2021-01-01T00:18:33|2021-01-01T00:24:18|00:05:45|0:0|COMPLETED|4|8|8|2800Mn|00:07:00|sxat[54-57]|normal|0|2045|8|00:00:00
2048|2048|micro|normal|account1|users|100|user1|1001|2021-01-01T00:08:10|2021-01-01T00:08:10|2021-01-01T00:18:33|2021-01-01T00:24:21|00:05:48|0:0|COMPLETED|5|10|10|2800Mn|00:07:00|sxat[58-62]|normal|0|2048|8|00:00:00
2050|2050|micro|normal|account1|users|100|user1|1001|2021-01-01T00:08:10|2021-01-01T00:08:10|2021-01-01T00:18:33|2021-01-01T00:24:23|00:05:50|0:0|COMPLETED|1|2|2|2800Mn|00:07:00|sxat69|normal|0|2050|8|00:00:00
2051|2051|micro|normal|account1|users|100|user1|1001|2021-01-01T00:08:10|2021-01-01T00:08:10|2021-01-01T00:18:33|2021-01-01T00:24:24|00:05:51|0:0|COMPLETED|5|10|10|2800Mn|00:07:00|sxat[64-68]|normal|0|2051|8|00:00:00
2053|2053|micro|normal|account1|users|100|user1|1001|2021-01-01T00:08:10|2021-01-01T00:08:10|2021-01-01T00:18:33|2021-01-01T00:24:26|00:05:53|0:0|COMPLETED|1|2|2|2800Mn|00:07:00|sxat72|normal|0|2053|6|00:00:00
2054|2054|micro|normal|account1|users|100|user1|1001|2021-01-01T00:08:10|2021-01-01T00:08:10|2021-01-01T00:18:33|2021-01-01T00:24:27|00:05:54|0:0|COMPLETED|2|4|4|2800Mn|00:07:00|sxat[70-71]|normal|0|2054|8|00:00:00
2023|2023|micro|normal|account1|users|100|user1|1001|2021-01-01T00:08:10|2021-01-01T00:08:10|2021-01-01T00:19:05|2021-01-01T00:24:28|00:05:23|0:0|COMPLETED|1|2|2|2800Mn|00:07:00|sxat26|normal|0|2023|4|00:00:00
2025|2025|micro|normal|account1|users|100|user1|1001|2021-01-01T00:08:10|2021-01-01T00:08:10|2021-01-01T00:19:05|2021-01-01T00:24:30|00:05:25|0:0|COMPLETED|1|2|2|2800Mn|00:07:00|sxat7|normal|0|2025|1|00:00:00
2028|2028|micro|normal|account1|users|100|user1|1001|2021-01-01T00:08:10|2021-01-01T00:08:10|2021-01-01T00:19:05|2021-01-01T00:24:33|00:05:28|0:0|COMPLETED|1|2|2|2800Mn|00:07:00|sxat26|normal|0|2028|1|00:00:00
2031|2031|micro|normal|account1|users|100|user1|1001|2021-01-01T00:08:10|2021-01-01T00:08:10|2021-01-01T00:19:05|2021-01-01T00:24:36|00:05:31|0:0|COMPLETED|1|2|2|2800Mn|00:07:00|sxat26|normal|0|2031|1|00:00:00
2032|2032|micro|normal|account1|users|100|user1|1001|2021-01-01T00:08:10|2021-01-01T00:08:10|2021-01-01T00:19:05|2021-01-01T00:24:37|00:05:32|0:0|COMPLETED|1|2|2|2800Mn|00:07:00|sxat29|normal|0|2032|3|00:00:00
2034|2034|micro|normal|account1|users|100|user1|1001|2021-01-01T00:08:10|2021-01-01T00:08:10|2021-01-01T00:19:05|2021-01-01T00:24:39|00:05:34|0:0|COMPLETED|1|2|2|2800Mn|00:07:00|sxat29|normal|0|2034|1|00:00:00
2037|2037|micro|normal|account1|users|100|user1|1001|2021-01-01T00:08:10|2021-01-01T00:08:10|2021-01-01T00:19:05|2021-01-01T00:24:42|00:05:37|0:0|COMPLETED|1|2|2|2800Mn|00:07:00|sxat29|normal|0|2037|1|00:00:00
2040|2040|micro|normal|account1|users|100|user1|1001|2021-01-01T00:08:10|2021-01-01T00:08:10|2021-01-01T00:19:05|2021-01-01T00:24:45|00:05:40|0:0|COMPLETED|1|2|2|2800Mn|00:07:00|sxat35|normal|0|2040|1|00:00:00
2041|2041|micro|normal|account1|users|100|user1|1001|2021-01-01T00:08:10|2021-01-01T00:08:10|2021-01-01T00:19:05|2021-01-01T00:24:46|00:05:41|0:0|COMPLETED|1|2|2|2800Mn|00:07:00|sxat52|normal|0|2041|3|00:00:00
2043|2043|micro|normal|account1|users|100|user1|1001|2021-01-01T00:08:10|2021-01-01T00:08:10|2021-01-01T00:19:05|2021-01-01T00:24:48|00:05:43|0:0|COMPLETED|1|2|2|2800Mn|00:07:00|sxat35|normal|0|2043|1|00:00:00
2046|2046|micro|normal|account1|users|100|user1|1001|2021-01-01T00:08:10|2021-01-01T00:08:10|2021-01-01T00:19:05|2021-01-01T00:24:51|00:05:46|0:0|COMPLETED|1|2|2|2800Mn|00:07:00|sxat63|normal|0|2046|1|00:00:00
2047|2047|micro|normal|account1|users|100|user1|1001|2021-01-01T00:08:10|2021-01-01T00:08:10|2021-01-01T00:19:05|2021-01-01T00:24:52|00:05:47|0:0|COMPLETED|1|2|2|2800Mn|00:07:00|sxat63|normal|0|2047|2|00:00:00
2049|2049|micro|normal|account1|users|100|user1|1001|2021-01-01T00:08:10|2021-01-01T00:08:10|2021-01-01T00:19:05|2021-01-01T00:24:54|00:05:49|0:0|COMPLETED|1|2|2|2800Mn|00:07:00|sxat63|normal|0|2049|1|00:00:00
2052|2052|micro|normal|account1|users|100|user1|1001|2021-01-01T00:08:10|2021-01-01T00:08:10|2021-01-01T00:19:05|2021-01-01T00:24:57|00:05:52|0:0|COMPLETED|1|2|2|2800Mn|00:07:00|sxat63|normal|0|2052|1|00:00:00
2055|2055|micro|normal|account1|users|100|user1|1001|2021-01-01T00:08:10|2021-01-01T00:08:10|2021-01-01T00:19:05|2021-01-01T00:25:00|00:05:55|0:0|COMPLETED|1|2|2|2800Mn|00:07:00|sxat72|normal|0|2055|1|00:00:00
2057|2057|micro|normal|account1|users|100|user1|1001|2021-01-01T00:08:10|2021-01-01T00:08:10|2021-01-01T00:19:05|2021-01-01T00:25:02|00:05:57|0:0|COMPLETED|1|2|2|2800Mn|00:07:00|sxat72|normal|0|2057|1|00:00:00
34|34|micro|que2|account1|users|100|user1|1001|2021-01-01T00:01:00|2021-01-01T00:01:00|2021-01-01T00:11:53|2021-01-01T00:28:33|00:16:40|0:0|COMPLETED|1|2|2|2800Mn|00:18:00|sxat40|normal|0|34|1|00:00:00
18|18|micro|que1|account1|users|100|user1|1001|2021-01-01T00:01:00|2021-01-01T00:01:00|2021-01-01T00:11:53|2021-01-01T00:28:33|00:16:40|0:0|COMPLETED|1|2|2|2800Mn|00:18:00|sxat23|normal|0|18|8|00:00:00
3001|3001|micro|normal|account1|users|100|user1|1001|2021-01-01T00:08:10|2021-01-01T00:08:10|2021-01-01T00:24:11|2021-01-01T00:29:42|00:05:31|0:0|COMPLETED|1|2|2|2800Mn|00:07:00|sxat40|normal|0|3001|1|00:00:00
3004|3004|micro|normal|account1|users|100|user1|1001|2021-01-01T00:08:10|2021-01-01T00:08:10|2021-01-01T00:24:11|2021-01-01T00:29:45|00:05:34|0:0|COMPLETED|1|2|2|2800Mn|00:07:00|sxat40|normal|0|3004|1|00:00:00
3005|3005|micro|normal|account1|users|100|user1|1001|2021-01-01T00:08:10|2021-01-01T00:08:10|2021-01-01T00:24:11|2021-01-01T00:29:46|00:05:35|0:0|COMPLETED|1|2|2|2800Mn|00:07:00|sxat40|normal|0|3005|2|00:00:00
3007|3007|micro|normal|account1|users|100|user1|1001|2021-01-01T00:08:10|2021-01-01T00:08:10|2021-01-01T00:24:11|2021-01-01T00:29:48|00:05:37|0:0|COMPLETED|1|2|2|2800Mn|00:07:00|sxat40|normal|0|3007|1|00:00:00
2058|2058|micro|normal|account1|users|100|user1|1001|2021-01-01T00:08:10|2021-01-01T00:08:10|2021-01-01T00:24:11|2021-01-01T00:30:09|00:05:58|0:0|COMPLETED|1|2|2|2800Mn|00:07:00|sxat40|normal|0|2058|1|00:00:00
3002|3002|micro|normal|account1|users|100|user1|1001|2021-01-01T00:08:10|2021-01-01T00:08:10|2021-01-01T00:25:11|2021-01-01T00:30:43|00:05:32|0:0|COMPLETED|1|2|2|2800Mn|00:07:00|sxat2|normal|0|3002|8|00:00:00
3003|3003|micro|normal|account1|users|100|user1|1001|2021-01-01T00:08:10|2021-01-01T00:08:10|2021-01-01T00:25:11|2021-01-01T00:30:44|00:05:33|0:0|COMPLETED|1|2|2|2800Mn|00:07:00|sxat15|normal|0|3003|8|00:00:00
3006|3006|micro|normal|account1|users|100|user1|1001|2021-01-01T00:08:10|2021-01-01T00:08:10|2021-01-01T00:25:11|2021-01-01T00:30:47|00:05:36|0:0|COMPLETED|4|8|8|2800Mn|00:07:00|sxat[3-6]|normal|0|3006|8|00:00:00
3008|3008|micro|normal|account1|users|100|user1|1001|2021-01-01T00:08:10|2021-01-01T00:08:10|2021-01-01T00:25:11|2021-01-01T00:30:49|00:05:38|0:0|COMPLETED|1|2|2|2800Mn|00:07:00|sxat7|normal|0|3008|3|00:00:00
3009|3009|micro|normal|account1|users|100|user1|1001|2021-01-01T00:08:10|2021-01-01T00:08:10|2021-01-01T00:25:11|2021-01-01T00:30:50|00:05:39|0:0|COMPLETED|4|8|8|2800Mn|00:07:00|sxat[8-11]|normal|0|3009|8|00:00:00
3010|3010|micro|normal|account1|users|100|user1|1001|2021-01-01T00:08:10|2021-01-01T00:08:10|2021-01-01T00:25:11|2021-01-01T00:30:51|00:05:40|0:0|COMPLETED|1|2|2|2800Mn|00:07:00|sxat40|normal|0|3010|1|00:00:00
3011|3011|micro|normal|account1|users|100|user1|1001|2021-01-01T00:08:10|2021-01-01T00:08:10|2021-01-01T00:25:11|2021-01-01T00:30:52|00:05:41|0:0|COMPLETED|1|2|2|2800Mn|00:07:00|sxat7|normal|0|3011|2|00:00:00
3012|3012|micro|normal|account1|users|100|user1|1001|2021-01-01T00:08:10|2021-01-01T00:08:10|2021-01-01T00:25:11|2021-01-01T00:30:53|00:05:42|0:0|COMPLETED|3|6|6|2800Mn|00:07:00|sxat[12-14]|normal|0|3012|8|00:00:00
3013|3013|micro|normal|account1|users|100|user1|1001|2021-01-01T00:08:10|2021-01-01T00:08:10|2021-01-01T00:25:11|2021-01-01T00:30:54|00:05:43|0:0|COMPLETED|1|2|2|2800Mn|00:07:00|sxat7|normal|0|3013|1|00:00:00
3014|3014|micro|normal|account1|users|100|user1|1001|2021-01-01T00:08:10|2021-01-01T00:08:10|2021-01-01T00:25:11|2021-01-01T00:30:55|00:05:44|0:0|COMPLETED|1|2|2|2800Mn|00:07:00|sxat19|normal|0|3014|7|00:00:00
3015|3015|micro|normal|account1|users|100|user1|1001|2021-01-01T00:08:10|2021-01-01T00:08:10|2021-01-01T00:25:11|2021-01-01T00:30:56|00:05:45|0:0|COMPLETED|3|6|6|2800Mn|00:07:00|sxat[16-18]|normal|0|3015|8|00:00:00
3016|3016|micro|normal|account1|users|100|user1|1001|2021-01-01T00:08:10|2021-01-01T00:08:10|2021-01-01T00:25:11|2021-01-01T00:30:57|00:05:46|0:0|COMPLETED|1|2|2|2800Mn|00:07:00|sxat7|normal|0|3016|1|00:00:00
3019|3019|micro|normal|account1|users|100|user1|1001|2021-01-01T00:08:10|2021-01-01T00:08:10|2021-01-01T00:25:11|2021-01-01T00:31:00|00:05:49|0:0|COMPLETED|1|2|2|2800Mn|00:07:00|sxat19|normal|0|3019|1|00:00:00
2056|2056|micro|normal|account1|users|100|user1|1001|2021-01-01T00:08:10|2021-01-01T00:08:10|2021-01-01T00:25:11|2021-01-01T00:31:07|00:05:56|0:0|COMPLETED|1|2|2|2800Mn|00:07:00|sxat1|normal|0|2056|8|00:00:00
3017|3017|micro|normal|account1|users|100|user1|1001|2021-01-01T00:08:10|2021-01-01T00:08:10|2021-01-01T00:26:12|2021-01-01T00:31:59|00:05:47|0:0|COMPLETED|1|2|2|2800Mn|00:07:00|sxat26|normal|0|3017|8|00:00:00
3018|3018|micro|normal|account1|users|100|user1|1001|2021-01-01T00:08:10|2021-01-01T00:08:10|2021-01-01T00:26:12|2021-01-01T00:32:00|00:05:48|0:0|COMPLETED|1|2|2|2800Mn|00:07:00|sxat29|normal|0|3018|8|00:00:00
3020|3020|micro|normal|account1|users|100|user1|1001|2021-01-01T00:08:10|2021-01-01T00:08:10|2021-01-01T00:26:12|2021-01-01T00:32:02|00:05:50|0:0|COMPLETED|1|2|2|2800Mn|00:07:00|sxat35|normal|0|3020|2|00:00:00
3021|3021|micro|normal|account1|users|100|user1|1001|2021-01-01T00:08:10|2021-01-01T00:08:10|2021-01-01T00:26:12|2021-01-01T00:32:03|00:05:51|0:0|COMPLETED|5|10|10|2800Mn|00:07:00|sxat[20-22,24-25]|normal|0|3021|8|00:00:00
3022|3022|micro|normal|account1|users|100|user1|1001|2021-01-01T00:08:10|2021-01-01T00:08:10|2021-01-01T00:26:12|2021-01-01T00:32:04|00:05:52|0:0|COMPLETED|1|2|2|2800Mn|00:07:00|sxat7|normal|0|3022|1|00:00:00
3023|3023|micro|normal|account1|users|100|user1|1001|2021-01-01T00:08:10|2021-01-01T00:08:10|2021-01-01T00:26:12|2021-01-01T00:32:05|00:05:53|0:0|COMPLETED|1|2|2|2800Mn|00:07:00|sxat35|normal|0|3023|4|00:00:00
3024|3024|micro|normal|account1|users|100|user1|1001|2021-01-01T00:08:10|2021-01-01T00:08:10|2021-01-01T00:26:12|2021-01-01T00:32:06|00:05:54|0:0|COMPLETED|2|4|4|2800Mn|00:07:00|sxat[27-28]|normal|0|3024|8|00:00:00
3025|3025|micro|normal|account1|users|100|user1|1001|2021-01-01T00:08:10|2021-01-01T00:08:10|2021-01-01T00:26:12|2021-01-01T00:32:07|00:05:55|0:0|COMPLETED|1|2|2|2800Mn|00:07:00|sxat35|normal|0|3025|1|00:00:00
3026|3026|micro|normal|account1|users|100|user1|1001|2021-01-01T00:08:10|2021-01-01T00:08:10|2021-01-01T00:26:12|2021-01-01T00:32:08|00:05:56|0:0|COMPLETED|1|2|2|2800Mn|00:07:00|sxat36|normal|0|3026|3|00:00:00
3027|3027|micro|normal|account1|users|100|user1|1001|2021-01-01T00:08:10|2021-01-01T00:08:10|2021-01-01T00:26:12|2021-01-01T00:32:09|00:05:57|0:0|COMPLETED|5|10|10|2800Mn|00:07:00|sxat[30-34]|normal|0|3027|8|00:00:00
3028|3028|micro|normal|account1|users|100|user1|1001|2021-01-01T00:08:10|2021-01-01T00:08:10|2021-01-01T00:26:12|2021-01-01T00:32:10|00:05:58|0:0|COMPLETED|1|2|2|2800Mn|00:07:00|sxat35|normal|0|3028|1|00:00:00
3029|3029|micro|normal|account1|users|100|user1|1001|2021-01-01T00:08:10|2021-01-01T00:08:10|2021-01-01T00:26:12|2021-01-01T00:32:11|00:05:59|0:0|COMPLETED|1|2|2|2800Mn|00:07:00|sxat47|normal|0|3029|6|00:00:00
3030|3030|micro|normal|account1|users|100|user1|1001|2021-01-01T00:08:10|2021-01-01T00:08:10|2021-01-01T00:26:12|2021-01-01T00:32:12|00:06:00|0:0|COMPLETED|1|2|2|2800Mn|00:07:00|sxat52|normal|0|3030|8|00:00:00
3031|3031|micro|normal|account1|users|100|user1|1001|2021-01-01T00:08:10|2021-01-01T00:08:10|2021-01-01T00:26:12|2021-01-01T00:32:13|00:06:01|0:0|COMPLETED|1|2|2|2800Mn|00:07:00|sxat47|normal|0|3031|1|00:00:00
3032|3032|micro|normal|account1|users|100|user1|1001|2021-01-01T00:08:10|2021-01-01T00:08:10|2021-01-01T00:26:12|2021-01-01T00:32:14|00:06:02|0:0|COMPLETED|1|2|2|2800Mn|00:07:00|sxat36|normal|0|3032|3|00:00:00
3033|3033|micro|normal|account1|users|100|user1|1001|2021-01-01T00:08:10|2021-01-01T00:08:10|2021-01-01T00:26:12|2021-01-01T00:32:15|00:06:03|0:0|COMPLETED|4|8|8|2800Mn|00:07:00|sxat[37-39,41]|normal|0|3033|8|00:00:00
3034|3034|micro|normal|account1|users|100|user1|1001|2021-01-01T00:08:10|2021-01-01T00:08:10|2021-01-01T00:26:12|2021-01-01T00:32:17|00:06:05|0:0|COMPLETED|1|2|2|2800Mn|00:07:00|sxat47|normal|0|3034|1|00:00:00
3035|3035|micro|normal|account1|users|100|user1|1001|2021-01-01T00:08:10|2021-01-01T00:08:10|2021-01-01T00:26:12|2021-01-01T00:32:17|00:06:05|0:0|COMPLETED|1|2|2|2800Mn|00:07:00|sxat53|normal|0|3035|8|00:00:00
3036|3036|micro|normal|account1|users|100|user1|1001|2021-01-01T00:08:10|2021-01-01T00:08:10|2021-01-01T00:26:12|2021-01-01T00:32:18|00:06:06|0:0|COMPLETED|4|8|8|2800Mn|00:07:00|sxat[42-44,46]|normal|0|3036|8|00:00:00
3037|3037|micro|normal|account1|users|100|user1|1001|2021-01-01T00:08:10|2021-01-01T00:08:10|2021-01-01T00:26:12|2021-01-01T00:32:19|00:06:07|0:0|COMPLETED|1|2|2|2800Mn|00:07:00|sxat36|normal|0|3037|1|00:00:00
3038|3038|micro|normal|account1|users|100|user1|1001|2021-01-01T00:08:10|2021-01-01T00:08:10|2021-01-01T00:26:12|2021-01-01T00:32:20|00:06:08|0:0|COMPLETED|1|2|2|2800Mn|00:07:00|sxat63|normal|0|3038|5|00:00:00
3039|3039|micro|normal|account1|users|100|user1|1001|2021-01-01T00:08:10|2021-01-01T00:08:10|2021-01-01T00:26:12|2021-01-01T00:32:21|00:06:09|0:0|COMPLETED|4|8|8|2800Mn|00:07:00|sxat[48-51]|normal|0|3039|8|00:00:00
3040|3040|micro|normal|account1|users|100|user1|1001|2021-01-01T00:08:10|2021-01-01T00:08:10|2021-01-01T00:26:12|2021-01-01T00:32:22|00:06:10|0:0|COMPLETED|1|2|2|2800Mn|00:07:00|sxat36|normal|0|3040|1|00:00:00
3041|3041|micro|normal|account1|users|100|user1|1001|2021-01-01T00:08:10|2021-01-01T00:08:10|2021-01-01T00:26:12|2021-01-01T00:32:23|00:06:11|0:0|COMPLETED|1|2|2|2800Mn|00:07:00|sxat63|normal|0|3041|3|00:00:00
3042|3042|micro|normal|account1|users|100|user1|1001|2021-01-01T00:08:10|2021-01-01T00:08:10|2021-01-01T00:26:12|2021-01-01T00:32:24|00:06:12|0:0|COMPLETED|1|2|2|2800Mn|00:07:00|sxat69|normal|0|3042|8|00:00:00
3043|3043|micro|normal|account1|users|100|user1|1001|2021-01-01T00:08:10|2021-01-01T00:08:10|2021-01-01T00:26:12|2021-01-01T00:32:25|00:06:13|0:0|COMPLETED|1|2|2|2800Mn|00:07:00|sxat72|normal|0|3043|1|00:00:00
3044|3044|micro|normal|account1|users|100|user1|1001|2021-01-01T00:08:10|2021-01-01T00:08:10|2021-01-01T00:26:12|2021-01-01T00:32:26|00:06:14|0:0|COMPLETED|1|2|2|2800Mn|00:07:00|sxat72|normal|0|3044|3|00:00:00
3045|3045|micro|normal|account1|users|100|user1|1001|2021-01-01T00:08:10|2021-01-01T00:08:10|2021-01-01T00:26:12|2021-01-01T00:32:27|00:06:15|0:0|COMPLETED|4|8|8|2800Mn|00:07:00|sxat[54-57]|normal|0|3045|8|00:00:00
3046|3046|micro|normal|account1|users|100|user1|1001|2021-01-01T00:08:10|2021-01-01T00:08:10|2021-01-01T00:26:12|2021-01-01T00:32:28|00:06:16|0:0|COMPLETED|1|2|2|2800Mn|00:07:00|sxat72|normal|0|3046|1|00:00:00
3047|3047|micro|normal|account1|users|100|user1|1001|2021-01-01T00:08:10|2021-01-01T00:08:10|2021-01-01T00:26:12|2021-01-01T00:32:29|00:06:17|0:0|COMPLETED|1|2|2|2800Mn|00:07:00|sxat72|normal|0|3047|2|00:00:00
3048|3048|micro|normal|account1|users|100|user1|1001|2021-01-01T00:08:10|2021-01-01T00:08:10|2021-01-01T00:26:12|2021-01-01T00:32:30|00:06:18|0:0|COMPLETED|5|10|10|2800Mn|00:07:00|sxat[58-62]|normal|0|3048|8|00:00:00
3049|3049|micro|normal|account1|users|100|user1|1001|2021-01-01T00:08:10|2021-01-01T00:08:10|2021-01-01T00:26:12|2021-01-01T00:32:31|00:06:19|0:0|COMPLETED|1|2|2|2800Mn|00:07:00|sxat72|normal|0|3049|1|00:00:00
3050|3050|micro|normal|account1|users|100|user1|1001|2021-01-01T00:08:10|2021-01-01T00:08:10|2021-01-01T00:26:12|2021-01-01T00:32:32|00:06:20|0:0|COMPLETED|1|2|2|2800Mn|00:08:00|sxat70|normal|0|3050|8|00:00:00
3051|3051|micro|normal|account1|users|100|user1|1001|2021-01-01T00:08:10|2021-01-01T00:08:10|2021-01-01T00:26:12|2021-01-01T00:32:33|00:06:21|0:0|COMPLETED|5|10|10|2800Mn|00:08:00|sxat[64-68]|normal|0|3051|8|00:00:00
3052|3052|micro|normal|account1|users|100|user1|1001|2021-01-01T00:08:10|2021-01-01T00:08:10|2021-01-01T00:26:12|2021-01-01T00:32:34|00:06:22|0:0|COMPLETED|1|2|2|2800Mn|00:08:00|sxat71|normal|0|3052|1|00:00:00
3053|3053|micro|normal|account1|users|100|user1|1001|2021-01-01T00:08:10|2021-01-01T00:08:10|2021-01-01T00:26:12|2021-01-01T00:32:35|00:06:23|0:0|COMPLETED|1|2|2|2800Mn|00:08:00|sxat71|normal|0|3053|6|00:00:00
3055|3055|micro|normal|account1|users|100|user1|1001|2021-01-01T00:08:10|2021-01-01T00:08:10|2021-01-01T00:26:12|2021-01-01T00:32:37|00:06:25|0:0|COMPLETED|1|2|2|2800Mn|00:08:00|sxat71|normal|0|3055|1|00:00:00
35|35|micro|que3|account1|users|100|user1|1001|2021-01-01T00:01:00|2021-01-01T00:01:00|2021-01-01T00:18:33|2021-01-01T00:35:13|00:16:40|0:0|COMPLETED|1|2|2|2800Mn|00:18:00|sxat45|normal|0|35|8|00:00:00
4001|4001|micro|normal|account1|users|100|user1|1001|2021-01-01T00:08:10|2021-01-01T00:08:10|2021-01-01T00:32:15|2021-01-01T00:38:17|00:06:02|0:0|COMPLETED|1|2|2|2800Mn|00:07:00|sxat7|normal|0|4001|1|00:00:00
4002|4002|micro|normal|account1|users|100|user1|1001|2021-01-01T00:08:10|2021-01-01T00:08:10|2021-01-01T00:32:16|2021-01-01T00:38:18|00:06:02|0:0|COMPLETED|1|2|2|2800Mn|00:07:00|sxat2|normal|0|4002|8|00:00:00
4003|4003|micro|normal|account1|users|100|user1|1001|2021-01-01T00:08:10|2021-01-01T00:08:10|2021-01-01T00:32:16|2021-01-01T00:38:19|00:06:03|0:0|COMPLETED|1|2|2|2800Mn|00:07:00|sxat15|normal|0|4003|8|00:00:00
4004|4004|micro|normal|account1|users|100|user1|1001|2021-01-01T00:08:10|2021-01-01T00:08:10|2021-01-01T00:32:16|2021-01-01T00:38:20|00:06:04|0:0|COMPLETED|1|2|2|2800Mn|00:07:00|sxat7|normal|0|4004|1|00:00:00
4005|4005|micro|normal|account1|users|100|user1|1001|2021-01-01T00:08:10|2021-01-01T00:08:10|2021-01-01T00:32:16|2021-01-01T00:38:21|00:06:05|0:0|COMPLETED|1|2|2|2800Mn|00:07:00|sxat7|normal|0|4005|2|00:00:00
4006|4006|micro|normal|account1|users|100|user1|1001|2021-01-01T00:08:10|2021-01-01T00:08:10|2021-01-01T00:32:16|2021-01-01T00:38:22|00:06:06|0:0|COMPLETED|4|8|8|2800Mn|00:07:00|sxat[3-6]|normal|0|4006|8|00:00:00
4007|4007|micro|normal|account1|users|100|user1|1001|2021-01-01T00:08:10|2021-01-01T00:08:10|2021-01-01T00:32:16|2021-01-01T00:38:23|00:06:07|0:0|COMPLETED|1|2|2|2800Mn|00:07:00|sxat7|normal|0|4007|1|00:00:00
4008|4008|micro|normal|account1|users|100|user1|1001|2021-01-01T00:08:10|2021-01-01T00:08:10|2021-01-01T00:32:16|2021-01-01T00:38:24|00:06:08|0:0|COMPLETED|1|2|2|2800Mn|00:07:00|sxat19|normal|0|4008|3|00:00:00
4009|4009|micro|normal|account1|users|100|user1|1001|2021-01-01T00:08:10|2021-01-01T00:08:10|2021-01-01T00:32:16|2021-01-01T00:38:25|00:06:09|0:0|COMPLETED|4|8|8|2800Mn|00:07:00|sxat[8-11]|normal|0|4009|8|00:00:00
4010|4010|micro|normal|account1|users|100|user1|1001|2021-01-01T00:08:10|2021-01-01T00:08:10|2021-01-01T00:32:16|2021-01-01T00:38:26|00:06:10|0:0|COMPLETED|1|2|2|2800Mn|00:07:00|sxat19|normal|0|4010|1|00:00:00
4011|4011|micro|normal|account1|users|100|user1|1001|2021-01-01T00:08:10|2021-01-01T00:08:10|2021-01-01T00:32:16|2021-01-01T00:38:27|00:06:11|0:0|COMPLETED|1|2|2|2800Mn|00:07:00|sxat19|normal|0|4011|2|00:00:00
4012|4012|micro|normal|account1|users|100|user1|1001|2021-01-01T00:08:10|2021-01-01T00:08:10|2021-01-01T00:32:16|2021-01-01T00:38:28|00:06:12|0:0|COMPLETED|3|6|6|2800Mn|00:07:00|sxat[12-14]|normal|0|4012|8|00:00:00
4013|4013|micro|normal|account1|users|100|user1|1001|2021-01-01T00:08:10|2021-01-01T00:08:10|2021-01-01T00:32:16|2021-01-01T00:38:29|00:06:13|0:0|COMPLETED|1|2|2|2800Mn|00:07:00|sxat19|normal|0|4013|1|00:00:00
4014|4014|micro|normal|account1|users|100|user1|1001|2021-01-01T00:08:10|2021-01-01T00:08:10|2021-01-01T00:32:16|2021-01-01T00:38:30|00:06:14|0:0|COMPLETED|1|2|2|2800Mn|00:07:00|sxat16|normal|0|4014|7|00:00:00
4016|4016|micro|normal|account1|users|100|user1|1001|2021-01-01T00:08:10|2021-01-01T00:08:10|2021-01-01T00:32:16|2021-01-01T00:38:32|00:06:16|0:0|COMPLETED|1|2|2|2800Mn|00:07:00|sxat19|normal|0|4016|1|00:00:00
4017|4017|micro|normal|account1|users|100|user1|1001|2021-01-01T00:08:10|2021-01-01T00:08:10|2021-01-01T00:32:16|2021-01-01T00:38:33|00:06:17|0:0|COMPLETED|1|2|2|2800Mn|00:07:00|sxat17|normal|0|4017|8|00:00:00
4018|4018|micro|normal|account1|users|100|user1|1001|2021-01-01T00:08:10|2021-01-01T00:08:10|2021-01-01T00:32:16|2021-01-01T00:38:34|00:06:18|0:0|COMPLETED|1|2|2|2800Mn|00:07:00|sxat18|normal|0|4018|8|00:00:00
4019|4019|micro|normal|account1|users|100|user1|1001|2021-01-01T00:08:10|2021-01-01T00:08:10|2021-01-01T00:32:16|2021-01-01T00:38:35|00:06:19|0:0|COMPLETED|1|2|2|2800Mn|00:07:00|sxat16|normal|0|4019|1|00:00:00
3054|3054|micro|normal|account1|users|100|user1|1001|2021-01-01T00:08:10|2021-01-01T00:08:10|2021-01-01T00:32:15|2021-01-01T00:38:39|00:06:24|0:0|COMPLETED|2|4|4|2800Mn|00:08:00|sxat[23,40]|normal|0|3054|8|00:00:00
3056|3056|micro|normal|account1|users|100|user1|1001|2021-01-01T00:08:10|2021-01-01T00:08:10|2021-01-01T00:32:15|2021-01-01T00:38:41|00:06:26|0:0|COMPLETED|1|2|2|2800Mn|00:08:00|sxat1|normal|0|3056|8|00:00:00
3057|3057|micro|normal|account1|users|100|user1|1001|2021-01-01T00:08:10|2021-01-01T00:08:10|2021-01-01T00:32:15|2021-01-01T00:38:42|00:06:27|0:0|COMPLETED|1|2|2|2800Mn|00:08:00|sxat7|normal|0|3057|1|00:00:00
3058|3058|micro|normal|account1|users|100|user1|1001|2021-01-01T00:08:10|2021-01-01T00:08:10|2021-01-01T00:32:15|2021-01-01T00:38:43|00:06:28|0:0|COMPLETED|1|2|2|2800Mn|00:08:00|sxat7|normal|0|3058|1|00:00:00
4015|4015|micro|normal|account1|users|100|user1|1001|2021-01-01T00:08:10|2021-01-01T00:08:10|2021-01-01T00:33:16|2021-01-01T00:39:31|00:06:15|0:0|COMPLETED|3|6|6|2800Mn|00:07:00|sxat[37-39]|normal|0|4015|8|00:00:00
4020|4020|micro|normal|account1|users|100|user1|1001|2021-01-01T00:08:10|2021-01-01T00:08:10|2021-01-01T00:33:16|2021-01-01T00:39:36|00:06:20|0:0|COMPLETED|1|2|2|2800Mn|00:08:00|sxat26|normal|0|4020|2|00:00:00
4021|4021|micro|normal|account1|users|100|user1|1001|2021-01-01T00:08:10|2021-01-01T00:08:10|2021-01-01T00:33:16|2021-01-01T00:39:37|00:06:21|0:0|COMPLETED|5|10|10|2800Mn|00:08:00|sxat[20-22,24-25]|normal|0|4021|8|00:00:00
4022|4022|micro|normal|account1|users|100|user1|1001|2021-01-01T00:08:10|2021-01-01T00:08:10|2021-01-01T00:33:16|2021-01-01T00:39:38|00:06:22|0:0|COMPLETED|1|2|2|2800Mn|00:08:00|sxat7|normal|0|4022|1|00:00:00
4023|4023|micro|normal|account1|users|100|user1|1001|2021-01-01T00:08:10|2021-01-01T00:08:10|2021-01-01T00:33:16|2021-01-01T00:39:39|00:06:23|0:0|COMPLETED|1|2|2|2800Mn|00:08:00|sxat26|normal|0|4023|4|00:00:00
4024|4024|micro|normal|account1|users|100|user1|1001|2021-01-01T00:08:10|2021-01-01T00:08:10|2021-01-01T00:33:16|2021-01-01T00:39:40|00:06:24|0:0|COMPLETED|2|4|4|2800Mn|00:08:00|sxat[27-28]|normal|0|4024|8|00:00:00
4025|4025|micro|normal|account1|users|100|user1|1001|2021-01-01T00:08:10|2021-01-01T00:08:10|2021-01-01T00:33:16|2021-01-01T00:39:41|00:06:25|0:0|COMPLETED|1|2|2|2800Mn|00:08:00|sxat26|normal|0|4025|1|00:00:00
4026|4026|micro|normal|account1|users|100|user1|1001|2021-01-01T00:08:10|2021-01-01T00:08:10|2021-01-01T00:33:16|2021-01-01T00:39:42|00:06:26|0:0|COMPLETED|1|2|2|2800Mn|00:08:00|sxat29|normal|0|4026|3|00:00:00
4027|4027|micro|normal|account1|users|100|user1|1001|2021-01-01T00:08:10|2021-01-01T00:08:10|2021-01-01T00:33:16|2021-01-01T00:39:43|00:06:27|0:0|COMPLETED|5|10|10|2800Mn|00:08:00|sxat[30-34]|normal|0|4027|8|00:00:00
4028|4028|micro|normal|account1|users|100|user1|1001|2021-01-01T00:08:10|2021-01-01T00:08:10|2021-01-01T00:33:16|2021-01-01T00:39:44|00:06:28|0:0|COMPLETED|1|2|2|2800Mn|00:08:00|sxat26|normal|0|4028|1|00:00:00
4029|4029|micro|normal|account1|users|100|user1|1001|2021-01-01T00:08:10|2021-01-01T00:08:10|2021-01-01T00:33:16|2021-01-01T00:39:45|00:06:29|0:0|COMPLETED|1|2|2|2800Mn|00:08:00|sxat35|normal|0|4029|6|00:00:00
4030|4030|micro|normal|account1|users|100|user1|1001|2021-01-01T00:08:10|2021-01-01T00:08:10|2021-01-01T00:33:16|2021-01-01T00:39:46|00:06:30|0:0|COMPLETED|1|2|2|2800Mn|00:08:00|sxat36|normal|0|4030|8|00:00:00
4031|4031|micro|normal|account1|users|100|user1|1001|2021-01-01T00:08:10|2021-01-01T00:08:10|2021-01-01T00:33:16|2021-01-01T00:39:47|00:06:31|0:0|COMPLETED|1|2|2|2800Mn|00:08:00|sxat35|normal|0|4031|1|00:00:00
4032|4032|micro|normal|account1|users|100|user1|1001|2021-01-01T00:08:10|2021-01-01T00:08:10|2021-01-01T00:33:16|2021-01-01T00:39:48|00:06:32|0:0|COMPLETED|1|2|2|2800Mn|00:08:00|sxat29|normal|0|4032|3|00:00:00
4033|4033|micro|normal|account1|users|100|user1|1001|2021-01-01T00:08:10|2021-01-01T00:08:10|2021-01-01T00:33:16|2021-01-01T00:39:49|00:06:33|0:0|COMPLETED|4|8|8|2800Mn|00:08:00|sxat[41-44]|normal|0|4033|8|00:00:00
4034|4034|micro|normal|account1|users|100|user1|1001|2021-01-01T00:08:10|2021-01-01T00:08:10|2021-01-01T00:33:16|2021-01-01T00:39:50|00:06:34|0:0|COMPLETED|1|2|2|2800Mn|00:08:00|sxat35|normal|0|4034|1|00:00:00
4035|4035|micro|normal|account1|users|100|user1|1001|2021-01-01T00:08:10|2021-01-01T00:08:10|2021-01-01T00:33:16|2021-01-01T00:39:51|00:06:35|0:0|COMPLETED|1|2|2|2800Mn|00:08:00|sxat47|normal|0|4035|8|00:00:00
4036|4036|micro|normal|account1|users|100|user1|1001|2021-01-01T00:08:10|2021-01-01T00:08:10|2021-01-01T00:33:16|2021-01-01T00:39:52|00:06:36|0:0|COMPLETED|4|8|8|2800Mn|00:08:00|sxat[46,48-50]|normal|0|4036|8|00:00:00
4037|4037|micro|normal|account1|users|100|user1|1001|2021-01-01T00:08:10|2021-01-01T00:08:10|2021-01-01T00:33:16|2021-01-01T00:39:53|00:06:37|0:0|COMPLETED|1|2|2|2800Mn|00:08:00|sxat29|normal|0|4037|1|00:00:00
4038|4038|micro|normal|account1|users|100|user1|1001|2021-01-01T00:08:10|2021-01-01T00:08:10|2021-01-01T00:33:16|2021-01-01T00:39:54|00:06:38|0:0|COMPLETED|1|2|2|2800Mn|00:08:00|sxat52|normal|0|4038|5|00:00:00
4039|4039|micro|normal|account1|users|100|user1|1001|2021-01-01T00:08:10|2021-01-01T00:08:10|2021-01-01T00:33:16|2021-01-01T00:39:55|00:06:39|0:0|COMPLETED|4|8|8|2800Mn|00:08:00|sxat[51,54-56]|normal|0|4039|8|00:00:00
4040|4040|micro|normal|account1|users|100|user1|1001|2021-01-01T00:08:10|2021-01-01T00:08:10|2021-01-01T00:33:16|2021-01-01T00:39:56|00:06:40|0:0|COMPLETED|1|2|2|2800Mn|00:08:00|sxat29|normal|0|4040|1|00:00:00
4041|4041|micro|normal|account1|users|100|user1|1001|2021-01-01T00:08:10|2021-01-01T00:08:10|2021-01-01T00:33:16|2021-01-01T00:39:57|00:06:41|0:0|COMPLETED|1|2|2|2800Mn|00:08:00|sxat52|normal|0|4041|3|00:00:00
4042|4042|micro|normal|account1|users|100|user1|1001|2021-01-01T00:08:10|2021-01-01T00:08:10|2021-01-01T00:33:16|2021-01-01T00:39:58|00:06:42|0:0|COMPLETED|1|2|2|2800Mn|00:08:00|sxat53|normal|0|4042|8|00:00:00
4043|4043|micro|normal|account1|users|100|user1|1001|2021-01-01T00:08:10|2021-01-01T00:08:10|2021-01-01T00:33:16|2021-01-01T00:39:59|00:06:43|0:0|COMPLETED|1|2|2|2800Mn|00:08:00|sxat63|normal|0|4043|1|00:00:00
4044|4044|micro|normal|account1|users|100|user1|1001|2021-01-01T00:08:10|2021-01-01T00:08:10|2021-01-01T00:33:16|2021-01-01T00:40:00|00:06:44|0:0|COMPLETED|1|2|2|2800Mn|00:08:00|sxat63|normal|0|4044|3|00:00:00
4045|4045|micro|normal|account1|users|100|user1|1001|2021-01-01T00:08:10|2021-01-01T00:08:10|2021-01-01T00:33:16|2021-01-01T00:40:01|00:06:45|0:0|COMPLETED|4|8|8|2800Mn|00:08:00|sxat[57-60]|normal|0|4045|8|00:00:00
4046|4046|micro|normal|account1|users|100|user1|1001|2021-01-01T00:08:10|2021-01-01T00:08:10|2021-01-01T00:33:16|2021-01-01T00:40:02|00:06:46|0:0|COMPLETED|1|2|2|2800Mn|00:08:00|sxat63|normal|0|4046|1|00:00:00
4047|4047|micro|normal|account1|users|100|user1|1001|2021-01-01T00:08:10|2021-01-01T00:08:10|2021-01-01T00:33:16|2021-01-01T00:40:03|00:06:47|0:0|COMPLETED|1|2|2|2800Mn|00:08:00|sxat63|normal|0|4047|2|00:00:00
4048|4048|micro|normal|account1|users|100|user1|1001|2021-01-01T00:08:10|2021-01-01T00:08:10|2021-01-01T00:33:16|2021-01-01T00:40:04|00:06:48|0:0|COMPLETED|5|10|10|2800Mn|00:08:00|sxat[64-68]|normal|0|4048|8|00:00:00
4049|4049|micro|normal|account1|users|100|user1|1001|2021-01-01T00:08:10|2021-01-01T00:08:10|2021-01-01T00:33:16|2021-01-01T00:40:05|00:06:49|0:0|COMPLETED|1|2|2|2800Mn|00:08:00|sxat63|normal|0|4049|1|00:00:00
4050|4050|micro|normal|account1|users|100|user1|1001|2021-01-01T00:08:10|2021-01-01T00:08:10|2021-01-01T00:33:16|2021-01-01T00:40:06|00:06:50|0:0|COMPLETED|1|2|2|2800Mn|00:08:00|sxat69|normal|0|4050|8|00:00:00
4051|4051|micro|normal|account1|users|100|user1|1001|2021-01-01T00:08:10|2021-01-01T00:08:10|2021-01-01T00:33:16|2021-01-01T00:40:07|00:06:51|0:0|COMPLETED|5|10|10|2800Mn|00:08:00|sxat[61-62,70-72]|normal|0|4051|8|00:00:00
4052|4052|micro|normal|account1|users|100|user1|1001|2021-01-01T00:08:10|2021-01-01T00:08:10|2021-01-01T00:35:47|2021-01-01T00:42:39|00:06:52|0:0|COMPLETED|1|2|2|2800Mn|00:08:00|sxat45|normal|0|4052|1|00:00:00
4053|4053|micro|normal|account1|users|100|user1|1001|2021-01-01T00:08:10|2021-01-01T00:08:10|2021-01-01T00:36:17|2021-01-01T00:43:10|00:06:53|0:0|COMPLETED|1|2|2|2800Mn|00:08:00|sxat45|normal|0|4053|6|00:00:00
4055|4055|micro|normal|account1|users|100|user1|1001|2021-01-01T00:08:10|2021-01-01T00:08:10|2021-01-01T00:36:17|2021-01-01T00:43:12|00:06:55|0:0|COMPLETED|1|2|2|2800Mn|00:08:00|sxat45|normal|0|4055|1|00:00:00
5001|5001|micro|normal|account1|users|100|user1|1001|2021-01-01T00:08:10|2021-01-01T00:08:10|2021-01-01T00:39:18|2021-01-01T00:45:49|00:06:31|0:0|COMPLETED|1|2|2|2800Mn|00:08:00|sxat7|normal|0|5001|1|00:00:00
5002|5002|micro|normal|account1|users|100|user1|1001|2021-01-01T00:08:10|2021-01-01T00:08:10|2021-01-01T00:39:18|2021-01-01T00:45:50|00:06:32|0:0|COMPLETED|1|2|2|2800Mn|00:08:00|sxat15|normal|0|5002|8|00:00:00
5003|5003|micro|normal|account1|users|100|user1|1001|2021-01-01T00:08:10|2021-01-01T00:08:10|2021-01-01T00:39:18|2021-01-01T00:45:51|00:06:33|0:0|COMPLETED|1|2|2|2800Mn|00:08:00|sxat16|normal|0|5003|8|00:00:00
5004|5004|micro|normal|account1|users|100|user1|1001|2021-01-01T00:08:10|2021-01-01T00:08:10|2021-01-01T00:39:18|2021-01-01T00:45:52|00:06:34|0:0|COMPLETED|1|2|2|2800Mn|00:08:00|sxat7|normal|0|5004|1|00:00:00
5005|5005|micro|normal|account1|users|100|user1|1001|2021-01-01T00:08:10|2021-01-01T00:08:10|2021-01-01T00:39:18|2021-01-01T00:45:53|00:06:35|0:0|COMPLETED|1|2|2|2800Mn|00:08:00|sxat17|normal|0|5005|2|00:00:00
5006|5006|micro|normal|account1|users|100|user1|1001|2021-01-01T00:08:10|2021-01-01T00:08:10|2021-01-01T00:39:18|2021-01-01T00:45:54|00:06:36|0:0|COMPLETED|4|8|8|2800Mn|00:08:00|sxat[3-6]|normal|0|5006|8|00:00:00
5007|5007|micro|normal|account1|users|100|user1|1001|2021-01-01T00:08:10|2021-01-01T00:08:10|2021-01-01T00:39:18|2021-01-01T00:45:55|00:06:37|0:0|COMPLETED|1|2|2|2800Mn|00:08:00|sxat7|normal|0|5007|1|00:00:00
5008|5008|micro|normal|account1|users|100|user1|1001|2021-01-01T00:08:10|2021-01-01T00:08:10|2021-01-01T00:39:18|2021-01-01T00:45:56|00:06:38|0:0|COMPLETED|1|2|2|2800Mn|00:08:00|sxat17|normal|0|5008|3|00:00:00
5009|5009|micro|normal|account1|users|100|user1|1001|2021-01-01T00:08:10|2021-01-01T00:08:10|2021-01-01T00:39:18|2021-01-01T00:45:57|00:06:39|0:0|COMPLETED|4|8|8|2800Mn|00:08:00|sxat[8-11]|normal|0|5009|8|00:00:00
5010|5010|micro|normal|account1|users|100|user1|1001|2021-01-01T00:08:10|2021-01-01T00:08:10|2021-01-01T00:39:18|2021-01-01T00:45:58|00:06:40|0:0|COMPLETED|1|2|2|2800Mn|00:08:00|sxat17|normal|0|5010|1|00:00:00
5011|5011|micro|normal|account1|users|100|user1|1001|2021-01-01T00:08:10|2021-01-01T00:08:10|2021-01-01T00:39:18|2021-01-01T00:45:59|00:06:41|0:0|COMPLETED|1|2|2|2800Mn|00:08:00|sxat17|normal|0|5011|2|00:00:00
5012|5012|micro|normal|account1|users|100|user1|1001|2021-01-01T00:08:10|2021-01-01T00:08:10|2021-01-01T00:39:18|2021-01-01T00:46:00|00:06:42|0:0|COMPLETED|3|6|6|2800Mn|00:08:00|sxat[14,18-19]|normal|0|5012|8|00:00:00
5017|5017|micro|normal|account1|users|100|user1|1001|2021-01-01T00:08:10|2021-01-01T00:08:10|2021-01-01T00:39:18|2021-01-01T00:46:05|00:06:47|0:0|COMPLETED|1|2|2|2800Mn|00:08:00|sxat1|normal|0|5017|8|00:00:00
4054|4054|micro|normal|account1|users|100|user1|1001|2021-01-01T00:08:10|2021-01-01T00:08:10|2021-01-01T00:39:18|2021-01-01T00:46:12|00:06:54|0:0|COMPLETED|2|4|4|2800Mn|00:08:00|sxat[12-13]|normal|0|4054|8|00:00:00
4056|4056|micro|normal|account1|users|100|user1|1001|2021-01-01T00:08:10|2021-01-01T00:08:10|2021-01-01T00:39:18|2021-01-01T00:46:14|00:06:56|0:0|COMPLETED|1|2|2|2800Mn|00:08:00|sxat2|normal|0|4056|8|00:00:00
4057|4057|micro|normal|account1|users|100|user1|1001|2021-01-01T00:08:10|2021-01-01T00:08:10|2021-01-01T00:39:18|2021-01-01T00:46:15|00:06:57|0:0|COMPLETED|1|2|2|2800Mn|00:08:00|sxat7|normal|0|4057|1|00:00:00
4058|4058|micro|normal|account1|users|100|user1|1001|2021-01-01T00:08:10|2021-01-01T00:08:10|2021-01-01T00:39:18|2021-01-01T00:46:16|00:06:58|0:0|COMPLETED|1|2|2|2800Mn|00:08:00|sxat7|normal|0|4058|1|00:00:00
5013|5013|micro|normal|account1|users|100|user1|1001|2021-01-01T00:08:10|2021-01-01T00:08:10|2021-01-01T00:39:49|2021-01-01T00:46:32|00:06:43|0:0|COMPLETED|1|2|2|2800Mn|00:08:00|sxat23|normal|0|5013|1|00:00:00
5014|5014|micro|normal|account1|users|100|user1|1001|2021-01-01T00:08:10|2021-01-01T00:08:10|2021-01-01T00:39:49|2021-01-01T00:46:33|00:06:44|0:0|COMPLETED|1|2|2|2800Mn|00:08:00|sxat23|normal|0|5014|7|00:00:00
5016|5016|micro|normal|account1|users|100|user1|1001|2021-01-01T00:08:10|2021-01-01T00:08:10|2021-01-01T00:39:49|2021-01-01T00:46:35|00:06:46|0:0|COMPLETED|1|2|2|2800Mn|00:08:00|sxat40|normal|0|5016|1|00:00:00
5019|5019|micro|normal|account1|users|100|user1|1001|2021-01-01T00:08:10|2021-01-01T00:08:10|2021-01-01T00:39:49|2021-01-01T00:46:38|00:06:49|0:0|COMPLETED|1|2|2|2800Mn|00:08:00|sxat40|normal|0|5019|1|00:00:00
5020|5020|micro|normal|account1|users|100|user1|1001|2021-01-01T00:08:10|2021-01-01T00:08:10|2021-01-01T00:39:49|2021-01-01T00:46:39|00:06:50|0:0|COMPLETED|1|2|2|2800Mn|00:08:00|sxat40|normal|0|5020|2|00:00:00
5022|5022|micro|normal|account1|users|100|user1|1001|2021-01-01T00:08:10|2021-01-01T00:08:10|2021-01-01T00:39:49|2021-01-01T00:46:41|00:06:52|0:0|COMPLETED|1|2|2|2800Mn|00:08:00|sxat40|normal|0|5022|1|00:00:00
5025|5025|micro|normal|account1|users|100|user1|1001|2021-01-01T00:08:10|2021-01-01T00:08:10|2021-01-01T00:39:49|2021-01-01T00:46:44|00:06:55|0:0|COMPLETED|1|2|2|2800Mn|00:08:00|sxat40|normal|0|5025|1|00:00:00
5028|5028|micro|normal|account1|users|100|user1|1001|2021-01-01T00:08:10|2021-01-01T00:08:10|2021-01-01T00:39:49|2021-01-01T00:46:47|00:06:58|0:0|COMPLETED|1|2|2|2800Mn|00:08:00|sxat40|normal|0|5028|1|00:00:00
5031|5031|micro|normal|account1|users|100|user1|1001|2021-01-01T00:08:10|2021-01-01T00:08:10|2021-01-01T00:39:49|2021-01-01T00:46:50|00:07:01|0:0|COMPLETED|1|2|2|2800Mn|00:08:00|sxat40|normal|0|5031|1|00:00:00
5015|5015|micro|normal|account1|users|100|user1|1001|2021-01-01T00:08:10|2021-01-01T00:08:10|2021-01-01T00:40:19|2021-01-01T00:47:04|00:06:45|0:0|COMPLETED|3|6|6|2800Mn|00:08:00|sxat[37-39]|normal|0|5015|8|00:00:00
5018|5018|micro|normal|account1|users|100|user1|1001|2021-01-01T00:08:10|2021-01-01T00:08:10|2021-01-01T00:41:19|2021-01-01T00:48:07|00:06:48|0:0|COMPLETED|1|2|2|2800Mn|00:08:00|sxat26|normal|0|5018|8|00:00:00
5048|5048|micro|normal|account1|users|100|user1|1001|2021-01-01T00:08:10|2021-01-01T00:08:10|2021-01-01T00:40:49|2021-01-01T00:48:07|00:07:18|0:0|COMPLETED|5|10|10|2800Mn|00:08:00|sxat[61-62,64-66]|normal|0|5048|8|00:00:00
5021|5021|micro|normal|account1|users|100|user1|1001|2021-01-01T00:08:10|2021-01-01T00:08:10|2021-01-01T00:41:19|2021-01-01T00:48:10|00:06:51|0:0|COMPLETED|5|10|10|2800Mn|00:08:00|sxat[20-22,24-25]|normal|0|5021|8|00:00:00
5051|5051|micro|normal|account1|users|100|user1|1001|2021-01-01T00:08:10|2021-01-01T00:08:10|2021-01-01T00:40:49|2021-01-01T00:48:10|00:07:21|0:0|COMPLETED|5|10|10|2800Mn|00:09:00|sxat[67-68,70-72]|normal|0|5051|8|00:00:00
5023|5023|micro|normal|account1|users|100|user1|1001|2021-01-01T00:08:10|2021-01-01T00:08:10|2021-01-01T00:41:19|2021-01-01T00:48:12|00:06:53|0:0|COMPLETED|1|2|2|2800Mn|00:08:00|sxat29|normal|0|5023|4|00:00:00
5024|5024|micro|normal|account1|users|100|user1|1001|2021-01-01T00:08:10|2021-01-01T00:08:10|2021-01-01T00:41:19|2021-01-01T00:48:13|00:06:54|0:0|COMPLETED|2|4|4|2800Mn|00:08:00|sxat[27-28]|normal|0|5024|8|00:00:00
5026|5026|micro|normal|account1|users|100|user1|1001|2021-01-01T00:08:10|2021-01-01T00:08:10|2021-01-01T00:41:19|2021-01-01T00:48:15|00:06:56|0:0|COMPLETED|1|2|2|2800Mn|00:08:00|sxat7|normal|0|5026|3|00:00:00
5027|5027|micro|normal|account1|users|100|user1|1001|2021-01-01T00:08:10|2021-01-01T00:08:10|2021-01-01T00:41:19|2021-01-01T00:48:16|00:06:57|0:0|COMPLETED|5|10|10|2800Mn|00:08:00|sxat[30-34]|normal|0|5027|8|00:00:00
5029|5029|micro|normal|account1|users|100|user1|1001|2021-01-01T00:08:10|2021-01-01T00:08:10|2021-01-01T00:41:19|2021-01-01T00:48:18|00:06:59|0:0|COMPLETED|1|2|2|2800Mn|00:08:00|sxat35|normal|0|5029|6|00:00:00
5030|5030|micro|normal|account1|users|100|user1|1001|2021-01-01T00:08:10|2021-01-01T00:08:10|2021-01-01T00:41:19|2021-01-01T00:48:19|00:07:00|0:0|COMPLETED|1|2|2|2800Mn|00:08:00|sxat36|normal|0|5030|8|00:00:00
5032|5032|micro|normal|account1|users|100|user1|1001|2021-01-01T00:08:10|2021-01-01T00:08:10|2021-01-01T00:41:19|2021-01-01T00:48:21|00:07:02|0:0|COMPLETED|1|2|2|2800Mn|00:08:00|sxat29|normal|0|5032|3|00:00:00
5033|5033|micro|normal|account1|users|100|user1|1001|2021-01-01T00:08:10|2021-01-01T00:08:10|2021-01-01T00:41:19|2021-01-01T00:48:22|00:07:03|0:0|COMPLETED|4|8|8|2800Mn|00:08:00|sxat[41-44]|normal|0|5033|8|00:00:00
5034|5034|micro|normal|account1|users|100|user1|1001|2021-01-01T00:08:10|2021-01-01T00:08:10|2021-01-01T00:41:19|2021-01-01T00:48:23|00:07:04|0:0|COMPLETED|1|2|2|2800Mn|00:08:00|sxat29|normal|0|5034|1|00:00:00
5035|5035|micro|normal|account1|users|100|user1|1001|2021-01-01T00:08:10|2021-01-01T00:08:10|2021-01-01T00:41:19|2021-01-01T00:48:24|00:07:05|0:0|COMPLETED|1|2|2|2800Mn|00:08:00|sxat47|normal|0|5035|8|00:00:00
5036|5036|micro|normal|account1|users|100|user1|1001|2021-01-01T00:08:10|2021-01-01T00:08:10|2021-01-01T00:41:19|2021-01-01T00:48:25|00:07:06|0:0|COMPLETED|4|8|8|2800Mn|00:08:00|sxat[46,48-50]|normal|0|5036|8|00:00:00
5037|5037|micro|normal|account1|users|100|user1|1001|2021-01-01T00:08:10|2021-01-01T00:08:10|2021-01-01T00:41:19|2021-01-01T00:48:26|00:07:07|0:0|COMPLETED|1|2|2|2800Mn|00:08:00|sxat35|normal|0|5037|1|00:00:00
5038|5038|micro|normal|account1|users|100|user1|1001|2021-01-01T00:08:10|2021-01-01T00:08:10|2021-01-01T00:41:19|2021-01-01T00:48:27|00:07:08|0:0|COMPLETED|1|2|2|2800Mn|00:08:00|sxat52|normal|0|5038|5|00:00:00
5039|5039|micro|normal|account1|users|100|user1|1001|2021-01-01T00:08:10|2021-01-01T00:08:10|2021-01-01T00:41:19|2021-01-01T00:48:28|00:07:09|0:0|COMPLETED|4|8|8|2800Mn|00:08:00|sxat[51,54-56]|normal|0|5039|8|00:00:00
5040|5040|micro|normal|account1|users|100|user1|1001|2021-01-01T00:08:10|2021-01-01T00:08:10|2021-01-01T00:41:19|2021-01-01T00:48:29|00:07:10|0:0|COMPLETED|1|2|2|2800Mn|00:08:00|sxat35|normal|0|5040|1|00:00:00
5041|5041|micro|normal|account1|users|100|user1|1001|2021-01-01T00:08:10|2021-01-01T00:08:10|2021-01-01T00:41:19|2021-01-01T00:48:30|00:07:11|0:0|COMPLETED|1|2|2|2800Mn|00:08:00|sxat52|normal|0|5041|3|00:00:00
5042|5042|micro|normal|account1|users|100|user1|1001|2021-01-01T00:08:10|2021-01-01T00:08:10|2021-01-01T00:41:19|2021-01-01T00:48:31|00:07:12|0:0|COMPLETED|1|2|2|2800Mn|00:08:00|sxat53|normal|0|5042|8|00:00:00
5043|5043|micro|normal|account1|users|100|user1|1001|2021-01-01T00:08:10|2021-01-01T00:08:10|2021-01-01T00:41:19|2021-01-01T00:48:32|00:07:13|0:0|COMPLETED|1|2|2|2800Mn|00:08:00|sxat63|normal|0|5043|1|00:00:00
5044|5044|micro|normal|account1|users|100|user1|1001|2021-01-01T00:08:10|2021-01-01T00:08:10|2021-01-01T00:41:19|2021-01-01T00:48:33|00:07:14|0:0|COMPLETED|1|2|2|2800Mn|00:08:00|sxat63|normal|0|5044|3|00:00:00
5045|5045|micro|normal|account1|users|100|user1|1001|2021-01-01T00:08:10|2021-01-01T00:08:10|2021-01-01T00:41:19|2021-01-01T00:48:34|00:07:15|0:0|COMPLETED|4|8|8|2800Mn|00:08:00|sxat[57-60]|normal|0|5045|8|00:00:00
5046|5046|micro|normal|account1|users|100|user1|1001|2021-01-01T00:08:10|2021-01-01T00:08:10|2021-01-01T00:41:19|2021-01-01T00:48:35|00:07:16|0:0|COMPLETED|1|2|2|2800Mn|00:08:00|sxat63|normal|0|5046|1|00:00:00
5047|5047|micro|normal|account1|users|100|user1|1001|2021-01-01T00:08:10|2021-01-01T00:08:10|2021-01-01T00:41:19|2021-01-01T00:48:36|00:07:17|0:0|COMPLETED|1|2|2|2800Mn|00:08:00|sxat63|normal|0|5047|2|00:00:00
5049|5049|micro|normal|account1|users|100|user1|1001|2021-01-01T00:08:10|2021-01-01T00:08:10|2021-01-01T00:41:19|2021-01-01T00:48:39|00:07:20|0:0|COMPLETED|1|2|2|2800Mn|00:08:00|sxat63|normal|0|5049|1|00:00:00
5050|5050|micro|normal|account1|users|100|user1|1001|2021-01-01T00:08:10|2021-01-01T00:08:10|2021-01-01T00:41:20|2021-01-01T00:48:40|00:07:20|0:0|COMPLETED|1|2|2|2800Mn|00:09:00|sxat69|normal|0|5050|8|00:00:00
5052|5052|micro|normal|account1|users|100|user1|1001|2021-01-01T00:08:10|2021-01-01T00:08:10|2021-01-01T00:44:21|2021-01-01T00:51:43|00:07:22|0:0|COMPLETED|1|2|2|2800Mn|00:09:00|sxat45|normal|0|5052|1|00:00:00
5053|5053|micro|normal|account1|users|100|user1|1001|2021-01-01T00:08:10|2021-01-01T00:08:10|2021-01-01T00:44:21|2021-01-01T00:51:44|00:07:23|0:0|COMPLETED|1|2|2|2800Mn|00:09:00|sxat45|normal|0|5053|6|00:00:00
5055|5055|micro|normal|account1|users|100|user1|1001|2021-01-01T00:08:10|2021-01-01T00:08:10|2021-01-01T00:44:21|2021-01-01T00:51:46|00:07:25|0:0|COMPLETED|1|2|2|2800Mn|00:09:00|sxat45|normal|0|5055|1|00:00:00
6001|6001|micro|normal|account1|users|100|user1|1001|2021-01-01T00:08:10|2021-01-01T00:08:10|2021-01-01T00:47:21|2021-01-01T00:54:22|00:07:01|0:0|COMPLETED|1|2|2|2800Mn|00:08:00|sxat7|normal|0|6001|1|00:00:00
6002|6002|micro|normal|account1|users|100|user1|1001|2021-01-01T00:08:10|2021-01-01T00:08:10|2021-01-01T00:47:21|2021-01-01T00:54:23|00:07:02|0:0|COMPLETED|1|2|2|2800Mn|00:08:00|sxat15|normal|0|6002|8|00:00:00
6003|6003|micro|normal|account1|users|100|user1|1001|2021-01-01T00:08:10|2021-01-01T00:08:10|2021-01-01T00:47:21|2021-01-01T00:54:24|00:07:03|0:0|COMPLETED|1|2|2|2800Mn|00:08:00|sxat16|normal|0|6003|8|00:00:00
6004|6004|micro|normal|account1|users|100|user1|1001|2021-01-01T00:08:10|2021-01-01T00:08:10|2021-01-01T00:47:21|2021-01-01T00:54:25|00:07:04|0:0|COMPLETED|1|2|2|2800Mn|00:08:00|sxat7|normal|0|6004|1|00:00:00
6005|6005|micro|normal|account1|users|100|user1|1001|2021-01-01T00:08:10|2021-01-01T00:08:10|2021-01-01T00:47:21|2021-01-01T00:54:26|00:07:05|0:0|COMPLETED|1|2|2|2800Mn|00:08:00|sxat17|normal|0|6005|2|00:00:00
6006|6006|micro|normal|account1|users|100|user1|1001|2021-01-01T00:08:10|2021-01-01T00:08:10|2021-01-01T00:47:21|2021-01-01T00:54:27|00:07:06|0:0|COMPLETED|4|8|8|2800Mn|00:08:00|sxat[3-6]|normal|0|6006|8|00:00:00
6007|6007|micro|normal|account1|users|100|user1|1001|2021-01-01T00:08:10|2021-01-01T00:08:10|2021-01-01T00:47:21|2021-01-01T00:54:28|00:07:07|0:0|COMPLETED|1|2|2|2800Mn|00:08:00|sxat7|normal|0|6007|1|00:00:00
6008|6008|micro|normal|account1|users|100|user1|1001|2021-01-01T00:08:10|2021-01-01T00:08:10|2021-01-01T00:47:21|2021-01-01T00:54:29|00:07:08|0:0|COMPLETED|1|2|2|2800Mn|00:08:00|sxat17|normal|0|6008|3|00:00:00
6009|6009|micro|normal|account1|users|100|user1|1001|2021-01-01T00:08:10|2021-01-01T00:08:10|2021-01-01T00:47:21|2021-01-01T00:54:30|00:07:09|0:0|COMPLETED|4|8|8|2800Mn|00:08:00|sxat[8-11]|normal|0|6009|8|00:00:00
6010|6010|micro|normal|account1|users|100|user1|1001|2021-01-01T00:08:10|2021-01-01T00:08:10|2021-01-01T00:47:21|2021-01-01T00:54:31|00:07:10|0:0|COMPLETED|1|2|2|2800Mn|00:08:00|sxat17|normal|0|6010|1|00:00:00
6011|6011|micro|normal|account1|users|100|user1|1001|2021-01-01T00:08:10|2021-01-01T00:08:10|2021-01-01T00:47:21|2021-01-01T00:54:32|00:07:11|0:0|COMPLETED|1|2|2|2800Mn|00:08:00|sxat17|normal|0|6011|2|00:00:00
6012|6012|micro|normal|account1|users|100|user1|1001|2021-01-01T00:08:10|2021-01-01T00:08:10|2021-01-01T00:47:21|2021-01-01T00:54:33|00:07:12|0:0|COMPLETED|3|6|6|2800Mn|00:08:00|sxat[14,18-19]|normal|0|6012|8|00:00:00
5054|5054|micro|normal|account1|users|100|user1|1001|2021-01-01T00:08:10|2021-01-01T00:08:10|2021-01-01T00:47:21|2021-01-01T00:54:45|00:07:24|0:0|COMPLETED|2|4|4|2800Mn|00:09:00|sxat[12-13]|normal|0|5054|8|00:00:00
5056|5056|micro|normal|account1|users|100|user1|1001|2021-01-01T00:08:10|2021-01-01T00:08:10|2021-01-01T00:47:21|2021-01-01T00:54:47|00:07:26|0:0|COMPLETED|1|2|2|2800Mn|00:09:00|sxat2|normal|0|5056|8|00:00:00
5057|5057|micro|normal|account1|users|100|user1|1001|2021-01-01T00:08:10|2021-01-01T00:08:10|2021-01-01T00:47:21|2021-01-01T00:54:48|00:07:27|0:0|COMPLETED|1|2|2|2800Mn|00:09:00|sxat7|normal|0|5057|1|00:00:00
5058|5058|micro|normal|account1|users|100|user1|1001|2021-01-01T00:08:10|2021-01-01T00:08:10|2021-01-01T00:47:21|2021-01-01T00:54:49|00:07:28|0:0|COMPLETED|1|2|2|2800Mn|00:09:00|sxat7|normal|0|5058|1|00:00:00
6013|6013|micro|normal|account1|users|100|user1|1001|2021-01-01T00:08:10|2021-01-01T00:08:10|2021-01-01T00:47:51|2021-01-01T00:55:04|00:07:13|0:0|COMPLETED|1|2|2|2800Mn|00:08:00|sxat23|normal|0|6013|1|00:00:00
6014|6014|micro|normal|account1|users|100|user1|1001|2021-01-01T00:08:10|2021-01-01T00:08:10|2021-01-01T00:47:51|2021-01-01T00:55:05|00:07:14|0:0|COMPLETED|1|2|2|2800Mn|00:08:00|sxat23|normal|0|6014|7|00:00:00
6016|6016|micro|normal|account1|users|100|user1|1001|2021-01-01T00:08:10|2021-01-01T00:08:10|2021-01-01T00:47:51|2021-01-01T00:55:07|00:07:16|0:0|COMPLETED|1|2|2|2800Mn|00:08:00|sxat40|normal|0|6016|1|00:00:00
6017|6017|micro|normal|account1|users|100|user1|1001|2021-01-01T00:08:10|2021-01-01T00:08:10|2021-01-01T00:47:51|2021-01-01T00:55:08|00:07:17|0:0|COMPLETED|1|2|2|2800Mn|00:08:00|sxat1|normal|0|6017|8|00:00:00
6019|6019|micro|normal|account1|users|100|user1|1001|2021-01-01T00:08:10|2021-01-01T00:08:10|2021-01-01T00:47:51|2021-01-01T00:55:10|00:07:19|0:0|COMPLETED|1|2|2|2800Mn|00:08:00|sxat40|normal|0|6019|1|00:00:00
6020|6020|micro|normal|account1|users|100|user1|1001|2021-01-01T00:08:10|2021-01-01T00:08:10|2021-01-01T00:47:51|2021-01-01T00:55:11|00:07:20|0:0|COMPLETED|1|2|2|2800Mn|00:09:00|sxat40|normal|0|6020|2|00:00:00
6022|6022|micro|normal|account1|users|100|user1|1001|2021-01-01T00:08:10|2021-01-01T00:08:10|2021-01-01T00:47:51|2021-01-01T00:55:13|00:07:22|0:0|COMPLETED|1|2|2|2800Mn|00:09:00|sxat40|normal|0|6022|1|00:00:00
6025|6025|micro|normal|account1|users|100|user1|1001|2021-01-01T00:08:10|2021-01-01T00:08:10|2021-01-01T00:47:52|2021-01-01T00:55:17|00:07:25|0:0|COMPLETED|1|2|2|2800Mn|00:09:00|sxat40|normal|0|6025|1|00:00:00
6028|6028|micro|normal|account1|users|100|user1|1001|2021-01-01T00:08:10|2021-01-01T00:08:10|2021-01-01T00:47:52|2021-01-01T00:55:20|00:07:28|0:0|COMPLETED|1|2|2|2800Mn|00:09:00|sxat40|normal|0|6028|1|00:00:00
6031|6031|micro|normal|account1|users|100|user1|1001|2021-01-01T00:08:10|2021-01-01T00:08:10|2021-01-01T00:47:52|2021-01-01T00:55:23|00:07:31|0:0|COMPLETED|1|2|2|2800Mn|00:09:00|sxat40|normal|0|6031|1|00:00:00
6015|6015|micro|normal|account1|users|100|user1|1001|2021-01-01T00:08:10|2021-01-01T00:08:10|2021-01-01T00:48:22|2021-01-01T00:55:37|00:07:15|0:0|COMPLETED|3|6|6|2800Mn|00:08:00|sxat[37-39]|normal|0|6015|8|00:00:00
6018|6018|micro|normal|account1|users|100|user1|1001|2021-01-01T00:08:10|2021-01-01T00:08:10|2021-01-01T00:49:22|2021-01-01T00:56:40|00:07:18|0:0|COMPLETED|1|2|2|2800Mn|00:08:00|sxat26|normal|0|6018|8|00:00:00
6021|6021|micro|normal|account1|users|100|user1|1001|2021-01-01T00:08:10|2021-01-01T00:08:10|2021-01-01T00:49:22|2021-01-01T00:56:43|00:07:21|0:0|COMPLETED|5|10|10|2800Mn|00:09:00|sxat[20-22,24-25]|normal|0|6021|8|00:00:00
6023|6023|micro|normal|account1|users|100|user1|1001|2021-01-01T00:08:10|2021-01-01T00:08:10|2021-01-01T00:49:22|2021-01-01T00:56:45|00:07:23|0:0|COMPLETED|1|2|2|2800Mn|00:09:00|sxat29|normal|0|6023|4|00:00:00
6024|6024|micro|normal|account1|users|100|user1|1001|2021-01-01T00:08:10|2021-01-01T00:08:10|2021-01-01T00:49:22|2021-01-01T00:56:46|00:07:24|0:0|COMPLETED|2|4|4|2800Mn|00:09:00|sxat[27-28]|normal|0|6024|8|00:00:00
6026|6026|micro|normal|account1|users|100|user1|1001|2021-01-01T00:08:10|2021-01-01T00:08:10|2021-01-01T00:49:22|2021-01-01T00:56:48|00:07:26|0:0|COMPLETED|1|2|2|2800Mn|00:09:00|sxat7|normal|0|6026|3|00:00:00
6027|6027|micro|normal|account1|users|100|user1|1001|2021-01-01T00:08:10|2021-01-01T00:08:10|2021-01-01T00:49:22|2021-01-01T00:56:49|00:07:27|0:0|COMPLETED|5|10|10|2800Mn|00:09:00|sxat[30-34]|normal|0|6027|8|00:00:00
6029|6029|micro|normal|account1|users|100|user1|1001|2021-01-01T00:08:10|2021-01-01T00:08:10|2021-01-01T00:49:22|2021-01-01T00:56:51|00:07:29|0:0|COMPLETED|1|2|2|2800Mn|00:09:00|sxat35|normal|0|6029|6|00:00:00
6030|6030|micro|normal|account1|users|100|user1|1001|2021-01-01T00:08:10|2021-01-01T00:08:10|2021-01-01T00:49:22|2021-01-01T00:56:52|00:07:30|0:0|COMPLETED|1|2|2|2800Mn|00:09:00|sxat36|normal|0|6030|8|00:00:00
6032|6032|micro|normal|account1|users|100|user1|1001|2021-01-01T00:08:10|2021-01-01T00:08:10|2021-01-01T00:49:22|2021-01-01T00:56:54|00:07:32|0:0|COMPLETED|1|2|2|2800Mn|00:09:00|sxat29|normal|0|6032|3|00:00:00
6033|6033|micro|normal|account1|users|100|user1|1001|2021-01-01T00:08:10|2021-01-01T00:08:10|2021-01-01T00:49:22|2021-01-01T00:56:55|00:07:33|0:0|COMPLETED|4|8|8|2800Mn|00:09:00|sxat[41-44]|normal|0|6033|8|00:00:00
6034|6034|micro|normal|account1|users|100|user1|1001|2021-01-01T00:08:10|2021-01-01T00:08:10|2021-01-01T00:49:22|2021-01-01T00:56:56|00:07:34|0:0|COMPLETED|1|2|2|2800Mn|00:09:00|sxat29|normal|0|6034|1|00:00:00
6035|6035|micro|normal|account1|users|100|user1|1001|2021-01-01T00:08:10|2021-01-01T00:08:10|2021-01-01T00:49:22|2021-01-01T00:56:57|00:07:35|0:0|COMPLETED|1|2|2|2800Mn|00:09:00|sxat47|normal|0|6035|8|00:00:00
6036|6036|micro|normal|account1|users|100|user1|1001|2021-01-01T00:08:10|2021-01-01T00:08:10|2021-01-01T00:49:22|2021-01-01T00:56:58|00:07:36|0:0|COMPLETED|4|8|8|2800Mn|00:09:00|sxat[46,48-50]|normal|0|6036|8|00:00:00
6037|6037|micro|normal|account1|users|100|user1|1001|2021-01-01T00:08:10|2021-01-01T00:08:10|2021-01-01T00:49:22|2021-01-01T00:56:59|00:07:37|0:0|COMPLETED|1|2|2|2800Mn|00:09:00|sxat35|normal|0|6037|1|00:00:00
6038|6038|micro|normal|account1|users|100|user1|1001|2021-01-01T00:08:10|2021-01-01T00:08:10|2021-01-01T00:49:22|2021-01-01T00:57:00|00:07:38|0:0|COMPLETED|1|2|2|2800Mn|00:09:00|sxat52|normal|0|6038|5|00:00:00
6039|6039|micro|normal|account1|users|100|user1|1001|2021-01-01T00:08:10|2021-01-01T00:08:10|2021-01-01T00:49:22|2021-01-01T00:57:01|00:07:39|0:0|COMPLETED|4|8|8|2800Mn|00:09:00|sxat[51,54-56]|normal|0|6039|8|00:00:00
6040|6040|micro|normal|account1|users|100|user1|1001|2021-01-01T00:08:10|2021-01-01T00:08:10|2021-01-01T00:49:22|2021-01-01T00:57:02|00:07:40|0:0|COMPLETED|1|2|2|2800Mn|00:09:00|sxat35|normal|0|6040|1|00:00:00
6041|6041|micro|normal|account1|users|100|user1|1001|2021-01-01T00:08:10|2021-01-01T00:08:10|2021-01-01T00:49:22|2021-01-01T00:57:03|00:07:41|0:0|COMPLETED|1|2|2|2800Mn|00:09:00|sxat52|normal|0|6041|3|00:00:00
6042|6042|micro|normal|account1|users|100|user1|1001|2021-01-01T00:08:10|2021-01-01T00:08:10|2021-01-01T00:49:22|2021-01-01T00:57:04|00:07:42|0:0|COMPLETED|1|2|2|2800Mn|00:09:00|sxat53|normal|0|6042|8|00:00:00
6043|6043|micro|normal|account1|users|100|user1|1001|2021-01-01T00:08:10|2021-01-01T00:08:10|2021-01-01T00:49:22|2021-01-01T00:57:05|00:07:43|0:0|COMPLETED|1|2|2|2800Mn|00:09:00|sxat63|normal|0|6043|1|00:00:00
6044|6044|micro|normal|account1|users|100|user1|1001|2021-01-01T00:08:10|2021-01-01T00:08:10|2021-01-01T00:49:22|2021-01-01T00:57:06|00:07:44|0:0|COMPLETED|1|2|2|2800Mn|00:09:00|sxat63|normal|0|6044|3|00:00:00
6045|6045|micro|normal|account1|users|100|user1|1001|2021-01-01T00:08:10|2021-01-01T00:08:10|2021-01-01T00:49:22|2021-01-01T00:57:07|00:07:45|0:0|COMPLETED|4|8|8|2800Mn|00:09:00|sxat[57-60]|normal|0|6045|8|00:00:00
6046|6046|micro|normal|account1|users|100|user1|1001|2021-01-01T00:08:10|2021-01-01T00:08:10|2021-01-01T00:49:22|2021-01-01T00:57:08|00:07:46|0:0|COMPLETED|1|2|2|2800Mn|00:09:00|sxat63|normal|0|6046|1|00:00:00
6047|6047|micro|normal|account1|users|100|user1|1001|2021-01-01T00:08:10|2021-01-01T00:08:10|2021-01-01T00:49:22|2021-01-01T00:57:09|00:07:47|0:0|COMPLETED|1|2|2|2800Mn|00:09:00|sxat63|normal|0|6047|2|00:00:00
6048|6048|micro|normal|account1|users|100|user1|1001|2021-01-01T00:08:10|2021-01-01T00:08:10|2021-01-01T00:49:22|2021-01-01T00:57:10|00:07:48|0:0|COMPLETED|5|10|10|2800Mn|00:09:00|sxat[61-62,64-66]|normal|0|6048|8|00:00:00
6049|6049|micro|normal|account1|users|100|user1|1001|2021-01-01T00:08:10|2021-01-01T00:08:10|2021-01-01T00:49:22|2021-01-01T00:57:11|00:07:49|0:0|COMPLETED|1|2|2|2800Mn|00:09:00|sxat63|normal|0|6049|1|00:00:00
6050|6050|micro|normal|account1|users|100|user1|1001|2021-01-01T00:08:10|2021-01-01T00:08:10|2021-01-01T00:49:22|2021-01-01T00:57:12|00:07:50|0:0|COMPLETED|1|2|2|2800Mn|00:09:00|sxat69|normal|0|6050|8|00:00:00
6051|6051|micro|normal|account1|users|100|user1|1001|2021-01-01T00:08:10|2021-01-01T00:08:10|2021-01-01T00:49:22|2021-01-01T00:57:13|00:07:51|0:0|COMPLETED|5|10|10|2800Mn|00:09:00|sxat[67-68,70-72]|normal|0|6051|8|00:00:00
6052|6052|micro|normal|account1|users|100|user1|1001|2021-01-01T00:08:10|2021-01-01T00:08:10|2021-01-01T00:52:22|2021-01-01T01:00:14|00:07:52|0:0|COMPLETED|1|2|2|2800Mn|00:09:00|sxat45|normal|0|6052|1|00:00:00
6053|6053|micro|normal|account1|users|100|user1|1001|2021-01-01T00:08:10|2021-01-01T00:08:10|2021-01-01T00:52:52|2021-01-01T01:00:45|00:07:53|0:0|COMPLETED|1|2|2|2800Mn|00:09:00|sxat45|normal|0|6053|6|00:00:00
6055|6055|micro|normal|account1|users|100|user1|1001|2021-01-01T00:08:10|2021-01-01T00:08:10|2021-01-01T00:52:52|2021-01-01T01:00:47|00:07:55|0:0|COMPLETED|1|2|2|2800Mn|00:09:00|sxat45|normal|0|6055|1|00:00:00
6054|6054|micro|normal|account1|users|100|user1|1001|2021-01-01T00:08:10|2021-01-01T00:08:10|2021-01-01T00:55:22|2021-01-01T01:03:16|00:07:54|0:0|COMPLETED|2|4|4|2800Mn|00:09:00|sxat[14,18]|normal|0|6054|8|00:00:00
6056|6056|micro|normal|account1|users|100|user1|1001|2021-01-01T00:08:10|2021-01-01T00:08:10|2021-01-01T00:55:22|2021-01-01T01:03:18|00:07:56|0:0|COMPLETED|1|2|2|2800Mn|00:09:00|sxat15|normal|0|6056|8|00:00:00
6057|6057|micro|normal|account1|users|100|user1|1001|2021-01-01T00:08:10|2021-01-01T00:08:10|2021-01-01T00:55:22|2021-01-01T01:03:19|00:07:57|0:0|COMPLETED|1|2|2|2800Mn|00:09:00|sxat7|normal|0|6057|1|00:00:00
6058|6058|micro|normal|account1|users|100|user1|1001|2021-01-01T00:08:10|2021-01-01T00:08:10|2021-01-01T00:55:22|2021-01-01T01:03:20|00:07:58|0:0|COMPLETED|1|2|2|2800Mn|00:09:00|sxat7|normal|0|6058|1|00:00:00
