JobID|JobIDRaw|Cluster|Partition|Account|Group|GID|User|UID|Submit|Eligible|Start|End|Elapsed|ExitCode|State|NNodes|NCPUS|ReqCPUS|ReqMem|Timelimit|NodeList|QOS|ScheduledBy|JobName|NVEs|ToTSusT
52|52|micro|normal|account1|users|100|user1|1001|2021-01-01T00:00:00|2021-01-01T00:00:00|2021-01-01T00:00:14|2021-01-01T00:01:46|00:01:32|0:0|COMPLETED|1|24|2|2800Mn|00:03:00|v64|normal|0|52|8|00:00:00
7|7|micro|normal|account1|users|100|user1|1001|2021-01-01T00:00:00|2021-01-01T00:00:00|2021-01-01T00:00:02|2021-01-01T00:03:06|00:03:04|0:0|COMPLETED|1|24|2|2800Mn|00:04:00|v19|normal|0|7|8|00:00:00
31|31|micro|normal|account1|users|100|user1|1001|2021-01-01T00:00:00|2021-01-01T00:00:00|2021-01-01T00:00:13|2021-01-01T00:03:24|00:03:11|0:0|COMPLETED|1|24|2|2800Mn|00:04:00|v43|normal|0|31|8|00:00:00
37|37|micro|normal|account1|users|100|user1|1001|2021-01-01T00:00:00|2021-01-01T00:00:00|2021-01-01T00:00:13|2021-01-01T00:03:28|00:03:15|0:0|COMPLETED|1|24|2|2800Mn|00:04:00|v49|normal|0|37|8|00:00:00
28|28|micro|normal|account1|users|100|user1|1001|2021-01-01T00:00:00|2021-01-01T00:00:00|2021-01-01T00:00:12|2021-01-01T00:04:12|00:04:00|0:0|COMPLETED|1|24|2|2800Mn|00:05:00|v40|normal|0|28|8|00:00:00
34|34|micro|normal|account1|users|100|user1|1001|2021-01-01T00:00:00|2021-01-01T00:00:00|2021-01-01T00:00:13|2021-01-01T00:04:16|00:04:03|0:0|COMPLETED|1|24|2|2800Mn|00:05:00|v46|normal|0|34|8|00:00:00
40|40|micro|normal|account1|users|100|user1|1001|2021-01-01T00:00:00|2021-01-01T00:00:00|2021-01-01T00:00:14|2021-01-01T00:04:29|00:04:15|0:0|COMPLETED|1|24|2|2800Mn|00:05:00|v52|normal|0|40|8|00:00:00
10|10|micro|normal|account1|users|100|user1|1001|2021-01-01T00:00:00|2021-01-01T00:00:00|2021-01-01T00:00:02|2021-01-01T00:04:32|00:04:30|0:0|COMPLETED|1|24|2|2800Mn|00:06:00|v22|normal|0|10|8|00:00:00
19|19|micro|normal|account1|users|100|user1|1001|2021-01-01T00:00:00|2021-01-01T00:00:00|2021-01-01T00:00:12|2021-01-01T00:05:02|00:04:50|0:0|COMPLETED|1|24|2|2800Mn|00:06:00|v31|normal|0|19|8|00:00:00
64|64|micro|normal|account1|users|100|user1|1001|2021-01-01T00:00:00|2021-01-01T00:00:00|2021-01-01T00:03:34|2021-01-01T00:05:20|00:01:46|0:0|COMPLETED|1|24|2|2800Mn|00:03:00|v49|normal|0|64|8|00:00:00
22|22|micro|normal|account1|users|100|user1|1001|2021-01-01T00:00:00|2021-01-01T00:00:00|2021-01-01T00:00:12|2021-01-01T00:05:38|00:05:26|0:0|COMPLETED|1|24|2|2800Mn|00:07:00|v34|normal|0|22|8|00:00:00
13|13|micro|normal|account1|users|100|user1|1001|2021-01-01T00:00:00|2021-01-01T00:00:00|2021-01-01T00:00:12|2021-01-01T00:06:41|00:06:29|0:0|COMPLETED|1|24|2|2800Mn|00:08:00|v25|normal|0|13|8|00:00:00
12|12|micro|normal|account1|users|100|user1|1001|2021-01-01T00:00:00|2021-01-01T00:00:00|2021-01-01T00:00:02|2021-01-01T00:06:52|00:06:50|0:0|COMPLETED|1|24|2|2800Mn|00:08:00|v24|normal|0|12|8|00:00:00
23|23|micro|normal|account1|users|100|user1|1001|2021-01-01T00:00:00|2021-01-01T00:00:00|2021-01-01T00:00:12|2021-01-01T00:06:55|00:06:43|0:0|COMPLETED|1|24|2|2800Mn|00:08:00|v35|normal|0|23|8|00:00:00
46|46|micro|normal|account1|users|100|user1|1001|2021-01-01T00:00:00|2021-01-01T00:00:00|2021-01-01T00:00:14|2021-01-01T00:06:57|00:06:43|0:0|COMPLETED|1|24|2|2800Mn|00:08:00|v58|normal|0|46|8|00:00:00
3|3|micro|normal|account1|users|100|user1|1001|2021-01-01T00:00:00|2021-01-01T00:00:00|2021-01-01T00:00:02|2021-01-01T00:06:58|00:06:56|0:0|COMPLETED|1|24|2|2800Mn|00:08:00|v15|normal|0|3|8|00:00:00
2|2|micro|normal|account1|users|100|user1|1001|2021-01-01T00:00:00|2021-01-01T00:00:00|2021-01-01T00:00:02|2021-01-01T00:06:59|00:06:57|0:0|COMPLETED|1|24|2|2800Mn|00:08:00|v14|normal|0|2|8|00:00:00
16|16|micro|normal|account1|users|100|user1|1001|2021-01-01T00:00:00|2021-01-01T00:00:00|2021-01-01T00:00:12|2021-01-01T00:07:01|00:06:49|0:0|COMPLETED|1|24|2|2800Mn|00:08:00|v28|normal|0|16|8|00:00:00
58|58|micro|normal|account1|users|100|user1|1001|2021-01-01T00:00:00|2021-01-01T00:00:00|2021-01-01T00:00:15|2021-01-01T00:07:04|00:06:49|0:0|COMPLETED|1|24|2|2800Mn|00:08:00|v70|normal|0|58|8|00:00:00
50|50|micro|normal|account1|users|100|user1|1001|2021-01-01T00:00:00|2021-01-01T00:00:00|2021-01-01T00:00:14|2021-01-01T00:07:07|00:06:53|0:0|COMPLETED|1|24|2|2800Mn|00:08:00|v62|normal|0|50|8|00:00:00
49|49|micro|normal|account1|users|100|user1|1001|2021-01-01T00:00:00|2021-01-01T00:00:00|2021-01-01T00:00:14|2021-01-01T00:07:32|00:07:18|0:0|COMPLETED|1|24|2|2800Mn|00:08:00|v61|normal|0|49|8|00:00:00
25|25|micro|normal|account1|users|100|user1|1001|2021-01-01T00:00:00|2021-01-01T00:00:00|2021-01-01T00:00:12|2021-01-01T00:07:32|00:07:20|0:0|COMPLETED|1|24|2|2800Mn|00:08:00|v37|normal|0|25|8|00:00:00
60|60|micro|normal|account1|users|100|user1|1001|2021-01-01T00:00:00|2021-01-01T00:00:00|2021-01-01T00:00:15|2021-01-01T00:07:32|00:07:17|0:0|COMPLETED|1|24|2|2800Mn|00:08:00|v72|normal|0|60|8|00:00:00
20|20|micro|normal|account1|users|100|user1|1001|2021-01-01T00:00:00|2021-01-01T00:00:00|2021-01-01T00:00:12|2021-01-01T00:07:33|00:07:21|0:0|COMPLETED|1|24|2|2800Mn|00:09:00|v32|normal|0|20|8|00:00:00
14|14|micro|normal|account1|users|100|user1|1001|2021-01-01T00:00:00|2021-01-01T00:00:00|2021-01-01T00:00:12|2021-01-01T00:07:35|00:07:23|0:0|COMPLETED|1|24|2|2800Mn|00:09:00|v26|normal|0|14|8|00:00:00
15|15|micro|normal|account1|users|100|user1|1001|2021-01-01T00:00:00|2021-01-01T00:00:00|2021-01-01T00:00:12|2021-01-01T00:07:40|00:07:28|0:0|COMPLETED|1|24|2|2800Mn|00:09:00|v27|normal|0|15|8|00:00:00
56|56|micro|normal|account1|users|100|user1|1001|2021-01-01T00:00:00|2021-01-01T00:00:00|2021-01-01T00:00:14|2021-01-01T00:07:41|00:07:27|0:0|COMPLETED|1|24|2|2800Mn|00:09:00|v68|normal|0|56|8|00:00:00
8|8|micro|normal|account1|users|100|user1|1001|2021-01-01T00:00:00|2021-01-01T00:00:00|2021-01-01T00:00:02|2021-01-01T00:07:44|00:07:42|0:0|COMPLETED|1|24|2|2800Mn|00:09:00|v20|normal|0|8|8|00:00:00
57|57|micro|normal|account1|users|100|user1|1001|2021-01-01T00:00:00|2021-01-01T00:00:00|2021-01-01T00:00:15|2021-01-01T00:07:48|00:07:33|0:0|COMPLETED|1|24|2|2800Mn|00:09:00|v69|normal|0|57|8|00:00:00
4|4|micro|normal|account1|users|100|user1|1001|2021-01-01T00:00:00|2021-01-01T00:00:00|2021-01-01T00:00:02|2021-01-01T00:07:49|00:07:47|0:0|COMPLETED|1|24|2|2800Mn|00:09:00|v16|normal|0|4|8|00:00:00
41|41|micro|normal|account1|users|100|user1|1001|2021-01-01T00:00:00|2021-01-01T00:00:00|2021-01-01T00:00:14|2021-01-01T00:07:50|00:07:36|0:0|COMPLETED|1|24|2|2800Mn|00:09:00|v53|normal|0|41|8|00:00:00
45|45|micro|normal|account1|users|100|user1|1001|2021-01-01T00:00:00|2021-01-01T00:00:00|2021-01-01T00:00:14|2021-01-01T00:07:52|00:07:38|0:0|COMPLETED|1|24|2|2800Mn|00:09:00|v57|normal|0|45|8|00:00:00
24|24|micro|normal|account1|users|100|user1|1001|2021-01-01T00:00:00|2021-01-01T00:00:00|2021-01-01T00:00:12|2021-01-01T00:07:52|00:07:40|0:0|COMPLETED|1|24|2|2800Mn|00:09:00|v36|normal|0|24|8|00:00:00
47|47|micro|normal|account1|users|100|user1|1001|2021-01-01T00:00:00|2021-01-01T00:00:00|2021-01-01T00:00:14|2021-01-01T00:07:56|00:07:42|0:0|COMPLETED|1|24|2|2800Mn|00:09:00|v59|normal|0|47|8|00:00:00
18|18|micro|normal|account1|users|100|user1|1001|2021-01-01T00:00:00|2021-01-01T00:00:00|2021-01-01T00:00:12|2021-01-01T00:08:09|00:07:57|0:0|COMPLETED|1|24|2|2800Mn|00:09:00|v30|normal|0|18|8|00:00:00
55|55|micro|normal|account1|users|100|user1|1001|2021-01-01T00:00:00|2021-01-01T00:00:00|2021-01-01T00:00:14|2021-01-01T00:08:16|00:08:02|0:0|COMPLETED|1|24|2|2800Mn|00:09:00|v67|normal|0|55|8|00:00:00
11|11|micro|normal|account1|users|100|user1|1001|2021-01-01T00:00:00|2021-01-01T00:00:00|2021-01-01T00:00:02|2021-01-01T00:08:24|00:08:22|0:0|COMPLETED|1|24|2|2800Mn|00:10:00|v23|normal|0|11|8|00:00:00
42|42|micro|normal|account1|users|100|user1|1001|2021-01-01T00:00:00|2021-01-01T00:00:00|2021-01-01T00:00:14|2021-01-01T00:08:27|00:08:13|0:0|COMPLETED|1|24|2|2800Mn|00:09:00|v54|normal|0|42|8|00:00:00
26|26|micro|normal|account1|users|100|user1|1001|2021-01-01T00:00:00|2021-01-01T00:00:00|2021-01-01T00:00:12|2021-01-01T00:08:36|00:08:24|0:0|COMPLETED|1|24|2|2800Mn|00:10:00|v38|normal|0|26|8|00:00:00
39|39|micro|normal|account1|users|100|user1|1001|2021-01-01T00:00:00|2021-01-01T00:00:00|2021-01-01T00:00:13|2021-01-01T00:08:36|00:08:23|0:0|COMPLETED|1|24|2|2800Mn|00:10:00|v51|normal|0|39|8|00:00:00
36|36|micro|normal|account1|users|100|user1|1001|2021-01-01T00:00:00|2021-01-01T00:00:00|2021-01-01T00:00:13|2021-01-01T00:08:40|00:08:27|0:0|COMPLETED|1|24|2|2800Mn|00:10:00|v48|normal|0|36|8|00:00:00
32|32|micro|normal|account1|users|100|user1|1001|2021-01-01T00:00:00|2021-01-01T00:00:00|2021-01-01T00:00:13|2021-01-01T00:08:41|00:08:28|0:0|COMPLETED|1|24|2|2800Mn|00:10:00|v44|normal|0|32|8|00:00:00
44|44|micro|normal|account1|users|100|user1|1001|2021-01-01T00:00:00|2021-01-01T00:00:00|2021-01-01T00:00:14|2021-01-01T00:08:43|00:08:29|0:0|COMPLETED|1|24|2|2800Mn|00:10:00|v56|normal|0|44|8|00:00:00
53|53|micro|normal|account1|users|100|user1|1001|2021-01-01T00:00:00|2021-01-01T00:00:00|2021-01-01T00:00:14|2021-01-01T00:08:48|00:08:34|0:0|COMPLETED|1|24|2|2800Mn|00:10:00|v65|normal|0|53|8|00:00:00
43|43|micro|normal|account1|users|100|user1|1001|2021-01-01T00:00:00|2021-01-01T00:00:00|2021-01-01T00:00:14|2021-01-01T00:09:04|00:08:50|0:0|COMPLETED|1|24|2|2800Mn|00:10:00|v55|normal|0|43|8|00:00:00
21|21|micro|normal|account1|users|100|user1|1001|2021-01-01T00:00:00|2021-01-01T00:00:00|2021-01-01T00:00:12|2021-01-01T00:09:05|00:08:53|0:0|COMPLETED|1|24|2|2800Mn|00:10:00|v33|normal|0|21|8|00:00:00
17|17|micro|normal|account1|users|100|user1|1001|2021-01-01T00:00:00|2021-01-01T00:00:00|2021-01-01T00:00:12|2021-01-01T00:09:05|00:08:53|0:0|COMPLETED|1|24|2|2800Mn|00:10:00|v29|normal|0|17|8|00:00:00
59|59|micro|normal|account1|users|100|user1|1001|2021-01-01T00:00:00|2021-01-01T00:00:00|2021-01-01T00:00:15|2021-01-01T00:09:06|00:08:51|0:0|COMPLETED|1|24|2|2800Mn|00:10:00|v71|normal|0|59|8|00:00:00
30|30|micro|normal|account1|users|100|user1|1001|2021-01-01T00:00:00|2021-01-01T00:00:00|2021-01-01T00:00:13|2021-01-01T00:09:06|00:08:53|0:0|COMPLETED|1|24|2|2800Mn|00:10:00|v42|normal|0|30|8|00:00:00
54|54|micro|normal|account1|users|100|user1|1001|2021-01-01T00:00:00|2021-01-01T00:00:00|2021-01-01T00:00:14|2021-01-01T00:09:11|00:08:57|0:0|COMPLETED|1|24|2|2800Mn|00:10:00|v66|normal|0|54|8|00:00:00
38|38|micro|normal|account1|users|100|user1|1001|2021-01-01T00:00:00|2021-01-01T00:00:00|2021-01-01T00:00:13|2021-01-01T00:09:15|00:09:02|0:0|COMPLETED|1|24|2|2800Mn|00:10:00|v50|normal|0|38|8|00:00:00
33|33|micro|normal|account1|users|100|user1|1001|2021-01-01T00:00:00|2021-01-01T00:00:00|2021-01-01T00:00:13|2021-01-01T00:09:22|00:09:09|0:0|COMPLETED|1|24|2|2800Mn|00:10:00|v45|normal|0|33|8|00:00:00
6|6|micro|normal|account1|users|100|user1|1001|2021-01-01T00:00:00|2021-01-01T00:00:00|2021-01-01T00:00:02|2021-01-01T00:09:25|00:09:23|0:0|COMPLETED|1|24|2|2800Mn|00:11:00|v18|normal|0|6|8|00:00:00
5|5|micro|normal|account1|users|100|user1|1001|2021-01-01T00:00:00|2021-01-01T00:00:00|2021-01-01T00:00:02|2021-01-01T00:09:26|00:09:24|0:0|COMPLETED|1|24|2|2800Mn|00:11:00|v17|normal|0|5|8|00:00:00
27|27|micro|normal|account1|users|100|user1|1001|2021-01-01T00:00:00|2021-01-01T00:00:00|2021-01-01T00:00:12|2021-01-01T00:09:29|00:09:17|0:0|COMPLETED|1|24|2|2800Mn|00:10:00|v39|normal|0|27|8|00:00:00
9|9|micro|normal|account1|users|100|user1|1001|2021-01-01T00:00:00|2021-01-01T00:00:00|2021-01-01T00:00:02|2021-01-01T00:09:30|00:09:28|0:0|COMPLETED|1|24|2|2800Mn|00:11:00|v21|normal|0|9|8|00:00:00
51|51|micro|normal|account1|users|100|user1|1001|2021-01-01T00:00:00|2021-01-01T00:00:00|2021-01-01T00:00:14|2021-01-01T00:09:37|00:09:23|0:0|COMPLETED|1|24|2|2800Mn|00:11:00|v63|normal|0|51|8|00:00:00
61|61|micro|normal|account1|users|100|user1|1001|2021-01-01T00:00:00|2021-01-01T00:00:00|2021-01-01T00:01:55|2021-01-01T00:09:47|00:07:52|0:0|COMPLETED|1|24|2|2800Mn|00:09:00|v64|normal|0|61|8|00:00:00
29|29|micro|normal|account1|users|100|user1|1001|2021-01-01T00:00:00|2021-01-01T00:00:00|2021-01-01T00:00:12|2021-01-01T00:09:48|00:09:36|0:0|COMPLETED|1|24|2|2800Mn|00:11:00|v41|normal|0|29|8|00:00:00
48|48|micro|normal|account1|users|100|user1|1001|2021-01-01T00:00:00|2021-01-01T00:00:00|2021-01-01T00:00:14|2021-01-01T00:10:01|00:09:47|0:0|COMPLETED|1|24|2|2800Mn|00:11:00|v60|normal|0|48|8|00:00:00
35|35|micro|normal|account1|users|100|user1|1001|2021-01-01T00:00:00|2021-01-01T00:00:00|2021-01-01T00:00:13|2021-01-01T00:10:11|00:09:58|0:0|COMPLETED|1|24|2|2800Mn|00:11:00|v47|normal|0|35|8|00:00:00
62|62|micro|normal|account1|users|100|user1|1001|2021-01-01T00:00:00|2021-01-01T00:00:00|2021-01-01T00:03:15|2021-01-01T00:11:09|00:07:54|0:0|COMPLETED|1|24|2|2800Mn|00:09:00|v19|normal|0|62|8|00:00:00
69|69|micro|normal|account1|users|100|user1|1001|2021-01-01T00:00:01|2021-01-01T00:00:01|2021-01-01T00:05:11|2021-01-01T00:12:06|00:06:55|0:0|COMPLETED|1|24|2|2800Mn|00:08:00|v31|normal|0|69|8|00:00:00
184|184|micro|urgent|account1|users|100|user1|1001|2021-01-01T00:00:33|2021-01-01T00:00:33|2021-01-01T00:00:44|2021-01-01T00:12:12|00:11:28|0:0|COMPLETED|13|312|26|2800Mn|00:13:00|v[1-13]|normal|0|184|8|00:00:00
86|86|micro|normal|account1|users|100|user1|1001|2021-01-01T00:00:01|2021-01-01T00:00:01|2021-01-01T00:08:04|2021-01-01T00:12:33|00:04:29|0:0|COMPLETED|1|24|2|2800Mn|00:06:00|v27|normal|0|86|8|00:00:00
63|63|micro|normal|account1|users|100|user1|1001|2021-01-01T00:00:00|2021-01-01T00:00:00|2021-01-01T00:03:34|2021-01-01T00:12:36|00:09:02|0:0|COMPLETED|1|24|2|2800Mn|00:10:00|v43|normal|0|63|8|00:00:00
67|67|micro|normal|account1|users|100|user1|1001|2021-01-01T00:00:01|2021-01-01T00:00:01|2021-01-01T00:04:40|2021-01-01T00:12:53|00:08:13|0:0|COMPLETED|1|24|2|2800Mn|00:09:00|v52|normal|0|67|8|00:00:00
70|70|micro|normal|account1|users|100|user1|1001|2021-01-01T00:00:01|2021-01-01T00:00:01|2021-01-01T00:05:47|2021-01-01T00:13:46|00:07:59|0:0|COMPLETED|1|24|2|2800Mn|00:09:00|v34|normal|0|70|8|00:00:00
183|183|micro|normal|account1|users|100|user1|1001|2021-01-01T00:00:02|2021-01-01T00:00:02|2021-01-01T00:12:49|2021-01-01T00:13:58|00:01:09|0:0|COMPLETED|2|48|4|2800Mn|00:02:00|v[19,27]|normal|0|183|8|00:00:00
75|75|micro|normal|account1|users|100|user1|1001|2021-01-01T00:00:01|2021-01-01T00:00:01|2021-01-01T00:07:20|2021-01-01T00:14:01|00:06:41|0:0|COMPLETED|1|24|2|2800Mn|00:08:00|v28|normal|0|75|8|00:00:00
68|68|micro|normal|account1|users|100|user1|1001|2021-01-01T00:00:01|2021-01-01T00:00:01|2021-01-01T00:04:40|2021-01-01T00:14:01|00:09:21|0:0|COMPLETED|1|24|2|2800Mn|00:11:00|v22|normal|0|68|8|00:00:00
65|65|micro|normal|account1|users|100|user1|1001|2021-01-01T00:00:00|2021-01-01T00:00:00|2021-01-01T00:04:23|2021-01-01T00:14:06|00:09:43|0:0|COMPLETED|1|24|2|2800Mn|00:11:00|v40|normal|0|65|8|00:00:00
66|66|micro|normal|account1|users|100|user1|1001|2021-01-01T00:00:00|2021-01-01T00:00:00|2021-01-01T00:04:23|2021-01-01T00:14:19|00:09:56|0:0|COMPLETED|1|24|2|2800Mn|00:11:00|v46|normal|0|66|8|00:00:00
97|97|micro|normal|account1|users|100|user1|1001|2021-01-01T00:00:01|2021-01-01T00:00:01|2021-01-01T00:08:04|2021-01-01T00:14:21|00:06:17|0:0|COMPLETED|1|24|2|2800Mn|00:07:00|v69|normal|0|97|8|00:00:00
73|73|micro|normal|account1|users|100|user1|1001|2021-01-01T00:00:01|2021-01-01T00:00:01|2021-01-01T00:07:20|2021-01-01T00:14:31|00:07:11|0:0|COMPLETED|1|24|2|2800Mn|00:08:00|v24|normal|0|73|8|00:00:00
74|74|micro|normal|account1|users|100|user1|1001|2021-01-01T00:00:01|2021-01-01T00:00:01|2021-01-01T00:06:47|2021-01-01T00:14:32|00:07:45|0:0|COMPLETED|1|24|2|2800Mn|00:09:00|v25|normal|0|74|8|00:00:00
80|80|micro|normal|account1|users|100|user1|1001|2021-01-01T00:00:01|2021-01-01T00:00:01|2021-01-01T00:07:20|2021-01-01T00:14:45|00:07:25|0:0|COMPLETED|1|24|2|2800Mn|00:09:00|v62|normal|0|80|8|00:00:00
90|90|micro|normal|account1|users|100|user1|1001|2021-01-01T00:00:01|2021-01-01T00:00:01|2021-01-01T00:05:29|2021-01-01T00:15:04|00:09:35|0:0|COMPLETED|1|24|2|2800Mn|00:11:00|v49|normal|0|90|8|00:00:00
95|95|micro|normal|account1|users|100|user1|1001|2021-01-01T00:00:01|2021-01-01T00:00:01|2021-01-01T00:08:28|2021-01-01T00:15:12|00:06:44|0:0|COMPLETED|1|24|2|2800Mn|00:08:00|v67|normal|0|95|8|00:00:00
72|72|micro|normal|account1|users|100|user1|1001|2021-01-01T00:00:01|2021-01-01T00:00:01|2021-01-01T00:07:13|2021-01-01T00:15:14|00:08:01|0:0|COMPLETED|1|24|2|2800Mn|00:09:00|v15|normal|0|72|8|00:00:00
77|77|micro|normal|account1|users|100|user1|1001|2021-01-01T00:00:01|2021-01-01T00:00:01|2021-01-01T00:08:04|2021-01-01T00:15:17|00:07:13|0:0|COMPLETED|1|24|2|2800Mn|00:08:00|v37|normal|0|77|8|00:00:00
89|89|micro|normal|account1|users|100|user1|1001|2021-01-01T00:00:01|2021-01-01T00:00:01|2021-01-01T00:08:04|2021-01-01T00:15:27|00:07:23|0:0|COMPLETED|1|24|2|2800Mn|00:09:00|v36|normal|0|89|8|00:00:00
71|71|micro|normal|account1|users|100|user1|1001|2021-01-01T00:00:01|2021-01-01T00:00:01|2021-01-01T00:07:13|2021-01-01T00:15:29|00:08:16|0:0|COMPLETED|1|24|2|2800Mn|00:09:00|v14|normal|0|71|8|00:00:00
79|79|micro|normal|account1|users|100|user1|1001|2021-01-01T00:00:01|2021-01-01T00:00:01|2021-01-01T00:08:04|2021-01-01T00:15:34|00:07:30|0:0|COMPLETED|1|24|2|2800Mn|00:09:00|v61|normal|0|79|8|00:00:00
92|92|micro|normal|account1|users|100|user1|1001|2021-01-01T00:00:01|2021-01-01T00:00:01|2021-01-01T00:08:33|2021-01-01T00:15:53|00:07:20|0:0|COMPLETED|1|24|2|2800Mn|00:09:00|v54|normal|0|92|8|00:00:00
83|83|micro|normal|account1|users|100|user1|1001|2021-01-01T00:00:01|2021-01-01T00:00:01|2021-01-01T00:08:04|2021-01-01T00:15:55|00:07:51|0:0|COMPLETED|1|24|2|2800Mn|00:09:00|v16|normal|0|83|8|00:00:00
93|93|micro|normal|account1|users|100|user1|1001|2021-01-01T00:00:01|2021-01-01T00:00:01|2021-01-01T00:08:04|2021-01-01T00:16:02|00:07:58|0:0|COMPLETED|1|24|2|2800Mn|00:09:00|v57|normal|0|93|8|00:00:00
85|85|micro|normal|account1|users|100|user1|1001|2021-01-01T00:00:01|2021-01-01T00:00:01|2021-01-01T00:08:04|2021-01-01T00:16:06|00:08:02|0:0|COMPLETED|1|24|2|2800Mn|00:09:00|v26|normal|0|85|8|00:00:00
96|96|micro|normal|account1|users|100|user1|1001|2021-01-01T00:00:01|2021-01-01T00:00:01|2021-01-01T00:08:04|2021-01-01T00:16:24|00:08:20|0:0|COMPLETED|1|24|2|2800Mn|00:10:00|v68|normal|0|96|8|00:00:00
84|84|micro|normal|account1|users|100|user1|1001|2021-01-01T00:00:01|2021-01-01T00:00:01|2021-01-01T00:08:04|2021-01-01T00:17:01|00:08:57|0:0|COMPLETED|1|24|2|2800Mn|00:10:00|v20|normal|0|84|8|00:00:00
82|82|micro|normal|account1|users|100|user1|1001|2021-01-01T00:00:01|2021-01-01T00:00:01|2021-01-01T00:08:04|2021-01-01T00:17:01|00:08:57|0:0|COMPLETED|1|24|2|2800Mn|00:10:00|v72|normal|0|82|8|00:00:00
91|91|micro|normal|account1|users|100|user1|1001|2021-01-01T00:00:01|2021-01-01T00:00:01|2021-01-01T00:08:04|2021-01-01T00:17:02|00:08:58|0:0|COMPLETED|1|24|2|2800Mn|00:10:00|v53|normal|0|91|8|00:00:00
81|81|micro|normal|account1|users|100|user1|1001|2021-01-01T00:00:01|2021-01-01T00:00:01|2021-01-01T00:07:20|2021-01-01T00:17:07|00:09:47|0:0|COMPLETED|1|24|2|2800Mn|00:11:00|v70|normal|0|81|8|00:00:00
78|78|micro|normal|account1|users|100|user1|1001|2021-01-01T00:00:01|2021-01-01T00:00:01|2021-01-01T00:07:20|2021-01-01T00:17:10|00:09:50|0:0|COMPLETED|1|24|2|2800Mn|00:11:00|v58|normal|0|78|8|00:00:00
88|88|micro|normal|account1|users|100|user1|1001|2021-01-01T00:00:01|2021-01-01T00:00:01|2021-01-01T00:08:04|2021-01-01T00:17:14|00:09:10|0:0|COMPLETED|1|24|2|2800Mn|00:10:00|v32|normal|0|88|8|00:00:00
87|87|micro|normal|account1|users|100|user1|1001|2021-01-01T00:00:01|2021-01-01T00:00:01|2021-01-01T00:08:21|2021-01-01T00:17:16|00:08:55|0:0|COMPLETED|1|24|2|2800Mn|00:10:00|v30|normal|0|87|8|00:00:00
76|76|micro|normal|account1|users|100|user1|1001|2021-01-01T00:00:01|2021-01-01T00:00:01|2021-01-01T00:07:20|2021-01-01T00:17:19|00:09:59|0:0|COMPLETED|1|24|2|2800Mn|00:11:00|v35|normal|0|76|8|00:00:00
94|94|micro|normal|account1|users|100|user1|1001|2021-01-01T00:00:01|2021-01-01T00:00:01|2021-01-01T00:08:04|2021-01-01T00:17:27|00:09:23|0:0|COMPLETED|1|24|2|2800Mn|00:11:00|v59|normal|0|94|8|00:00:00
103|103|micro|normal|account1|users|100|user1|1001|2021-01-01T00:00:01|2021-01-01T00:00:01|2021-01-01T00:10:07|2021-01-01T00:20:28|00:10:21|0:0|COMPLETED|3|72|6|2800Mn|00:12:00|v[60,63-64]|normal|0|103|8|00:00:00
101|101|micro|normal|account1|users|100|user1|1001|2021-01-01T00:00:01|2021-01-01T00:00:01|2021-01-01T00:09:44|2021-01-01T00:21:08|00:11:24|0:0|COMPLETED|3|72|6|2800Mn|00:13:00|v[17-18,21]|normal|0|101|8|00:00:00
99|99|micro|normal|account1|users|100|user1|1001|2021-01-01T00:00:01|2021-01-01T00:00:01|2021-01-01T00:09:44|2021-01-01T00:22:45|00:13:01|0:0|COMPLETED|6|144|12|2800Mn|00:14:00|v[39,42,44-45,48,50]|normal|0|99|8|00:00:00
100|100|micro|normal|account1|users|100|user1|1001|2021-01-01T00:00:01|2021-01-01T00:00:01|2021-01-01T00:09:44|2021-01-01T00:22:55|00:13:11|0:0|COMPLETED|6|144|12|2800Mn|00:14:00|v[51,55-56,65-66,71]|normal|0|100|8|00:00:00
98|98|micro|normal|account1|users|100|user1|1001|2021-01-01T00:00:01|2021-01-01T00:00:01|2021-01-01T00:09:44|2021-01-01T00:23:16|00:13:32|0:0|COMPLETED|4|96|8|2800Mn|00:15:00|v[23,29,33,38]|normal|0|98|8|00:00:00
185|185|micro|urgent|account1|users|100|user1|1001|2021-01-01T00:01:00|2021-01-01T00:01:00|2021-01-01T00:12:19|2021-01-01T00:23:48|00:11:29|0:0|COMPLETED|13|312|26|2800Mn|00:13:00|v[1-13]|normal|0|185|8|00:00:00
104|104|micro|normal|account1|users|100|user1|1001|2021-01-01T00:00:01|2021-01-01T00:00:01|2021-01-01T00:12:59|2021-01-01T00:24:48|00:11:49|0:0|COMPLETED|3|72|6|2800Mn|00:13:00|v[31,43,52]|normal|0|104|8|00:00:00
102|102|micro|normal|account1|users|100|user1|1001|2021-01-01T00:00:01|2021-01-01T00:00:01|2021-01-01T00:10:18|2021-01-01T00:24:57|00:14:39|0:0|COMPLETED|2|48|4|2800Mn|00:16:00|v[41,47]|normal|0|102|8|00:00:00
105|105|micro|normal|account1|users|100|user1|1001|2021-01-01T00:00:01|2021-01-01T00:00:01|2021-01-01T00:15:23|2021-01-01T00:26:10|00:10:47|0:0|COMPLETED|8|192|16|2800Mn|00:12:00|v[24,27-28,34,37,40,46,69]|normal|0|105|8|00:00:00
106|106|micro|normal|account1|users|100|user1|1001|2021-01-01T00:00:01|2021-01-01T00:00:01|2021-01-01T00:15:39|2021-01-01T00:26:14|00:10:35|0:0|COMPLETED|6|144|12|2800Mn|00:12:00|v[14-15,22,25,61-62]|normal|0|106|8|00:00:00
109|109|micro|normal|account1|users|100|user1|1001|2021-01-01T00:00:01|2021-01-01T00:00:01|2021-01-01T00:17:25|2021-01-01T00:27:36|00:10:11|0:0|COMPLETED|2|48|4|2800Mn|00:11:00|v[30,32]|normal|0|109|8|00:00:00
120|120|micro|normal|account1|users|100|user1|1001|2021-01-01T00:00:01|2021-01-01T00:00:01|2021-01-01T00:17:25|2021-01-01T00:30:28|00:13:03|0:0|COMPLETED|1|24|2|2800Mn|00:14:00|v70|normal|0|120|8|00:00:00
107|107|micro|normal|account1|users|100|user1|1001|2021-01-01T00:00:01|2021-01-01T00:00:01|2021-01-01T00:17:25|2021-01-01T00:30:43|00:13:18|0:0|COMPLETED|8|192|16|2800Mn|00:14:00|v[16,19,26,36,54,57,67,72]|normal|0|107|8|00:00:00
108|108|micro|normal|account1|users|100|user1|1001|2021-01-01T00:00:01|2021-01-01T00:00:01|2021-01-01T00:17:25|2021-01-01T00:32:38|00:15:13|0:0|COMPLETED|1|24|2|2800Mn|00:16:00|v20|normal|0|108|8|00:00:00
110|110|micro|normal|account1|users|100|user1|1001|2021-01-01T00:00:01|2021-01-01T00:00:01|2021-01-01T00:17:25|2021-01-01T00:33:38|00:16:13|0:0|COMPLETED|4|96|8|2800Mn|00:17:00|v[35,53,58,68]|normal|0|110|8|00:00:00
113|113|micro|normal|account1|users|100|user1|1001|2021-01-01T00:00:01|2021-01-01T00:00:01|2021-01-01T00:23:04|2021-01-01T00:33:43|00:10:39|0:0|COMPLETED|5|120|10|2800Mn|00:12:00|v[17-18,21,49,71]|normal|0|113|8|00:00:00
111|111|micro|normal|account1|users|100|user1|1001|2021-01-01T00:00:01|2021-01-01T00:00:01|2021-01-01T00:22:53|2021-01-01T00:34:08|00:11:15|0:0|COMPLETED|4|96|8|2800Mn|00:12:00|v[39,42,44-45]|normal|0|111|8|00:00:00
114|114|micro|normal|account1|users|100|user1|1001|2021-01-01T00:00:01|2021-01-01T00:00:01|2021-01-01T00:23:21|2021-01-01T00:35:45|00:12:24|0:0|COMPLETED|4|96|8|2800Mn|00:14:00|v[23,29,33,38]|normal|0|114|8|00:00:00
118|118|micro|normal|account1|users|100|user1|1001|2021-01-01T00:00:01|2021-01-01T00:00:01|2021-01-01T00:26:20|2021-01-01T00:37:08|00:10:48|0:0|COMPLETED|3|72|6|2800Mn|00:12:00|v[46,59,69]|normal|0|118|8|00:00:00
116|116|micro|normal|account1|users|100|user1|1001|2021-01-01T00:00:01|2021-01-01T00:00:01|2021-01-01T00:26:20|2021-01-01T00:37:42|00:11:22|0:0|COMPLETED|4|96|8|2800Mn|00:13:00|v[24,27-28,34]|normal|0|116|8|00:00:00
117|117|micro|normal|account1|users|100|user1|1001|2021-01-01T00:00:01|2021-01-01T00:00:01|2021-01-01T00:26:20|2021-01-01T00:38:19|00:11:59|0:0|COMPLETED|8|192|16|2800Mn|00:13:00|v[14-15,22,25,37,40,61-62]|normal|0|117|8|00:00:00
115|115|micro|normal|account1|users|100|user1|1001|2021-01-01T00:00:01|2021-01-01T00:00:01|2021-01-01T00:25:06|2021-01-01T00:39:06|00:14:00|0:0|COMPLETED|8|192|16|2800Mn|00:15:00|v[31,41,43,47,52,60,63-64]|normal|0|115|8|00:00:00
112|112|micro|normal|account1|users|100|user1|1001|2021-01-01T00:00:01|2021-01-01T00:00:01|2021-01-01T00:23:04|2021-01-01T00:39:27|00:16:23|0:0|COMPLETED|7|168|14|2800Mn|00:18:00|v[48,50-51,55-56,65-66]|normal|0|112|8|00:00:00
121|121|micro|normal|account1|users|100|user1|1001|2021-01-01T00:00:01|2021-01-01T00:00:01|2021-01-01T00:27:45|2021-01-01T00:40:59|00:13:14|0:0|COMPLETED|2|48|4|2800Mn|00:14:00|v[30,32]|normal|0|121|8|00:00:00
119|119|micro|normal|account1|users|100|user1|1001|2021-01-01T00:00:01|2021-01-01T00:00:01|2021-01-01T00:30:52|2021-01-01T00:41:44|00:10:52|0:0|COMPLETED|5|120|10|2800Mn|00:12:00|v[16,19,26,36,54]|normal|0|119|8|00:00:00
125|125|micro|normal|account1|users|100|user1|1001|2021-01-01T00:00:01|2021-01-01T00:00:01|2021-01-01T00:30:37|2021-01-01T00:42:00|00:11:23|0:0|COMPLETED|1|24|2|2800Mn|00:13:00|v70|normal|0|125|8|00:00:00
124|124|micro|normal|account1|users|100|user1|1001|2021-01-01T00:00:01|2021-01-01T00:00:01|2021-01-01T00:34:25|2021-01-01T00:45:12|00:10:47|0:0|COMPLETED|7|168|14|2800Mn|00:12:00|v[17-18,21,44-45,49,71]|normal|0|124|8|00:00:00
122|122|micro|normal|account1|users|100|user1|1001|2021-01-01T00:00:01|2021-01-01T00:00:01|2021-01-01T00:30:52|2021-01-01T00:45:36|00:14:44|0:0|COMPLETED|3|72|6|2800Mn|00:16:00|v[57,67,72]|normal|0|122|8|00:00:00
126|126|micro|normal|account1|users|100|user1|1001|2021-01-01T00:00:01|2021-01-01T00:00:01|2021-01-01T00:32:44|2021-01-01T00:46:11|00:13:27|0:0|COMPLETED|1|24|2|2800Mn|00:15:00|v20|normal|0|126|8|00:00:00
123|123|micro|normal|account1|users|100|user1|1001|2021-01-01T00:00:01|2021-01-01T00:00:01|2021-01-01T00:34:17|2021-01-01T00:47:09|00:12:52|0:0|COMPLETED|3|72|6|2800Mn|00:14:00|v[35,39,42]|normal|0|123|8|00:00:00
127|127|micro|normal|account1|users|100|user1|1001|2021-01-01T00:00:01|2021-01-01T00:00:01|2021-01-01T00:35:53|2021-01-01T00:48:58|00:13:05|0:0|COMPLETED|6|144|12|2800Mn|00:14:00|v[23,29,33,38,53,58]|normal|0|127|8|00:00:00
133|133|micro|normal|account1|users|100|user1|1001|2021-01-01T00:00:01|2021-01-01T00:00:01|2021-01-01T00:39:12|2021-01-01T00:50:25|00:11:13|0:0|COMPLETED|7|168|14|2800Mn|00:12:00|v[25,31,37,40-41,43,47]|normal|0|133|8|00:00:00
134|134|micro|normal|account1|users|100|user1|1001|2021-01-01T00:00:01|2021-01-01T00:00:01|2021-01-01T00:39:12|2021-01-01T00:50:42|00:11:30|0:0|COMPLETED|8|192|16|2800Mn|00:13:00|v[34,52,60-64,68]|normal|0|134|8|00:00:00
131|131|micro|normal|account1|users|100|user1|1001|2021-01-01T00:00:01|2021-01-01T00:00:01|2021-01-01T00:37:49|2021-01-01T00:50:57|00:13:08|0:0|COMPLETED|3|72|6|2800Mn|00:14:00|v[24,27-28]|normal|0|131|8|00:00:00
129|129|micro|normal|account1|users|100|user1|1001|2021-01-01T00:00:01|2021-01-01T00:00:01|2021-01-01T00:39:36|2021-01-01T00:52:31|00:12:55|0:0|COMPLETED|2|48|4|2800Mn|00:14:00|v[48,50]|normal|0|129|8|00:00:00
128|128|micro|normal|account1|users|100|user1|1001|2021-01-01T00:00:01|2021-01-01T00:00:01|2021-01-01T00:37:16|2021-01-01T00:53:53|00:16:37|0:0|COMPLETED|3|72|6|2800Mn|00:18:00|v[46,59,69]|normal|0|128|8|00:00:00
130|130|micro|normal|account1|users|100|user1|1001|2021-01-01T00:00:01|2021-01-01T00:00:01|2021-01-01T00:39:43|2021-01-01T00:54:47|00:15:04|0:0|COMPLETED|5|120|10|2800Mn|00:16:00|v[51,55-56,65-66]|normal|0|130|8|00:00:00
132|132|micro|normal|account1|users|100|user1|1001|2021-01-01T00:00:01|2021-01-01T00:00:01|2021-01-01T00:38:33|2021-01-01T00:54:59|00:16:26|0:0|COMPLETED|3|72|6|2800Mn|00:18:00|v[14-15,22]|normal|0|132|8|00:00:00
135|135|micro|normal|account1|users|100|user1|1001|2021-01-01T00:00:01|2021-01-01T00:00:01|2021-01-01T00:41:53|2021-01-01T00:55:23|00:13:30|0:0|COMPLETED|7|168|14|2800Mn|00:15:00|v[16,19,26,30,32,36,54]|normal|0|135|8|00:00:00
136|136|micro|normal|account1|users|100|user1|1001|2021-01-01T00:00:01|2021-01-01T00:00:01|2021-01-01T00:45:21|2021-01-01T00:56:45|00:11:24|0:0|COMPLETED|6|144|12|2800Mn|00:13:00|v[17-18,21,44-45,49]|normal|0|136|8|00:00:00
137|137|micro|normal|account1|users|100|user1|1001|2021-01-01T00:00:01|2021-01-01T00:00:01|2021-01-01T00:47:14|2021-01-01T00:57:28|00:10:14|0:0|COMPLETED|8|192|16|2800Mn|00:11:00|v[20,35,39,42,57,67,71-72]|normal|0|137|8|00:00:00
138|138|micro|normal|account1|users|100|user1|1001|2021-01-01T00:00:01|2021-01-01T00:00:01|2021-01-01T00:42:10|2021-01-01T00:58:21|00:16:11|0:0|COMPLETED|1|24|2|2800Mn|00:17:00|v70|normal|0|138|8|00:00:00
139|139|micro|normal|account1|users|100|user1|1001|2021-01-01T00:00:01|2021-01-01T00:00:01|2021-01-01T00:49:05|2021-01-01T01:01:12|00:12:07|0:0|COMPLETED|2|48|4|2800Mn|00:13:00|v[23,29]|normal|0|139|8|00:00:00
143|143|micro|normal|account1|users|100|user1|1001|2021-01-01T00:00:01|2021-01-01T00:00:01|2021-01-01T00:49:05|2021-01-01T01:03:12|00:14:07|0:0|COMPLETED|2|48|4|2800Mn|00:15:00|v[53,58]|normal|0|143|8|00:00:00
140|140|micro|normal|account1|users|100|user1|1001|2021-01-01T00:00:01|2021-01-01T00:00:01|2021-01-01T00:49:05|2021-01-01T01:04:12|00:15:07|0:0|COMPLETED|2|48|4|2800Mn|00:16:00|v[33,38]|normal|0|140|8|00:00:00
141|141|micro|normal|account1|users|100|user1|1001|2021-01-01T00:00:01|2021-01-01T00:00:01|2021-01-01T00:50:32|2021-01-01T01:04:22|00:13:50|0:0|COMPLETED|6|144|12|2800Mn|00:15:00|v[25,31,37,40-41,43]|normal|0|141|8|00:00:00
146|146|micro|normal|account1|users|100|user1|1001|2021-01-01T00:00:01|2021-01-01T00:00:01|2021-01-01T00:54:52|2021-01-01T01:05:20|00:10:28|0:0|COMPLETED|3|72|6|2800Mn|00:12:00|v[55-56,65]|normal|0|146|8|00:00:00
145|145|micro|normal|account1|users|100|user1|1001|2021-01-01T00:00:01|2021-01-01T00:00:01|2021-01-01T00:54:52|2021-01-01T01:05:46|00:10:54|0:0|COMPLETED|1|24|2|2800Mn|00:12:00|v51|normal|0|145|8|00:00:00
142|142|micro|normal|account1|users|100|user1|1001|2021-01-01T00:00:01|2021-01-01T00:00:01|2021-01-01T00:50:48|2021-01-01T01:06:07|00:15:19|0:0|COMPLETED|8|192|16|2800Mn|00:16:00|v[34,52,60-64,68]|normal|0|142|8|00:00:00
147|147|micro|normal|account1|users|100|user1|1001|2021-01-01T00:00:01|2021-01-01T00:00:01|2021-01-01T00:55:29|2021-01-01T01:06:50|00:11:21|0:0|COMPLETED|8|192|16|2800Mn|00:13:00|v[16,19,26,30,32,36,46,54]|normal|0|147|8|00:00:00
153|153|micro|normal|account1|users|100|user1|1001|2021-01-01T00:00:01|2021-01-01T00:00:01|2021-01-01T00:56:54|2021-01-01T01:07:23|00:10:29|0:0|COMPLETED|1|24|2|2800Mn|00:12:00|v49|normal|0|153|8|00:00:00
148|148|micro|normal|account1|users|100|user1|1001|2021-01-01T00:00:01|2021-01-01T00:00:01|2021-01-01T00:54:52|2021-01-01T01:07:42|00:12:50|0:0|COMPLETED|1|24|2|2800Mn|00:14:00|v66|normal|0|148|8|00:00:00
144|144|micro|normal|account1|users|100|user1|1001|2021-01-01T00:00:01|2021-01-01T00:00:01|2021-01-01T00:52:39|2021-01-01T01:07:44|00:15:05|0:0|COMPLETED|6|144|12|2800Mn|00:16:00|v[24,27-28,47-48,50]|normal|0|144|8|00:00:00
154|154|micro|normal|account1|users|100|user1|1001|2021-01-01T00:00:01|2021-01-01T00:00:01|2021-01-01T00:57:36|2021-01-01T01:08:05|00:10:29|0:0|COMPLETED|7|168|14|2800Mn|00:12:00|v[20,35,39,42,57,67,71]|normal|0|154|8|00:00:00
149|149|micro|normal|account1|users|100|user1|1001|2021-01-01T00:00:01|2021-01-01T00:00:01|2021-01-01T00:55:08|2021-01-01T01:11:42|00:16:34|0:0|COMPLETED|5|120|10|2800Mn|00:18:00|v[14-15,22,59,69]|normal|0|149|8|00:00:00
152|152|micro|normal|account1|users|100|user1|1001|2021-01-01T00:00:01|2021-01-01T00:00:01|2021-01-01T00:56:54|2021-01-01T01:12:50|00:15:56|0:0|COMPLETED|5|120|10|2800Mn|00:17:00|v[17-18,21,44-45]|normal|0|152|8|00:00:00
155|155|micro|normal|account1|users|100|user1|1001|2021-01-01T00:00:01|2021-01-01T00:00:01|2021-01-01T01:03:17|2021-01-01T01:13:43|00:10:26|0:0|COMPLETED|5|120|10|2800Mn|00:12:00|v[23,29,53,58,70]|normal|0|155|8|00:00:00
160|160|micro|normal|account1|users|100|user1|1001|2021-01-01T00:00:01|2021-01-01T00:00:01|2021-01-01T01:06:16|2021-01-01T01:16:18|00:10:02|0:0|COMPLETED|4|96|8|2800Mn|00:11:00|v[62-64,68]|normal|0|160|8|00:00:00
156|156|micro|normal|account1|users|100|user1|1001|2021-01-01T00:00:01|2021-01-01T00:00:01|2021-01-01T01:05:29|2021-01-01T01:17:09|00:11:40|0:0|COMPLETED|8|192|16|2800Mn|00:13:00|v[25,31,37,40-41,43,55-56]|normal|0|156|8|00:00:00
158|158|micro|normal|account1|users|100|user1|1001|2021-01-01T00:00:01|2021-01-01T00:00:01|2021-01-01T01:07:50|2021-01-01T01:18:39|00:10:49|0:0|COMPLETED|5|120|10|2800Mn|00:12:00|v[24,27-28,47-48]|normal|0|158|8|00:00:00
159|159|micro|normal|account1|users|100|user1|1001|2021-01-01T00:00:01|2021-01-01T00:00:01|2021-01-01T01:07:50|2021-01-01T01:19:13|00:11:23|0:0|COMPLETED|1|24|2|2800Mn|00:13:00|v66|normal|0|159|8|00:00:00
157|157|micro|normal|account1|users|100|user1|1001|2021-01-01T00:00:01|2021-01-01T00:00:01|2021-01-01T01:05:55|2021-01-01T01:21:29|00:15:34|0:0|COMPLETED|5|120|10|2800Mn|00:17:00|v[33,38,51,65,72]|normal|0|157|8|00:00:00
165|165|micro|normal|account1|users|100|user1|1001|2021-01-01T00:00:01|2021-01-01T00:00:01|2021-01-01T01:07:03|2021-01-01T01:21:39|00:14:36|0:0|COMPLETED|1|24|2|2800Mn|00:16:00|v46|normal|0|165|8|00:00:00
163|163|micro|normal|account1|users|100|user1|1001|2021-01-01T00:00:01|2021-01-01T00:00:01|2021-01-01T01:07:03|2021-01-01T01:22:24|00:15:21|0:0|COMPLETED|6|144|12|2800Mn|00:17:00|v[16,19,26,30,32,36]|normal|0|163|8|00:00:00
166|166|micro|normal|account1|users|100|user1|1001|2021-01-01T00:00:01|2021-01-01T00:00:01|2021-01-01T01:08:11|2021-01-01T01:22:31|00:14:20|0:0|COMPLETED|8|192|16|2800Mn|00:16:00|v[20,35,39,42,49,57,67,71]|normal|0|166|8|00:00:00
151|151|micro|normal|account1|users|100|user1|1001|2021-01-01T00:00:01|2021-01-01T00:00:01|2021-01-01T01:12:58|2021-01-01T01:23:06|00:10:08|0:0|COMPLETED|8|192|16|2800Mn|00:11:00|v[14-15,17-18,21-22,44-45]|normal|0|151|8|00:00:00
150|150|micro|normal|account1|users|100|user1|1001|2021-01-01T00:00:01|2021-01-01T00:00:01|2021-01-01T01:07:50|2021-01-01T01:23:24|00:15:34|0:0|COMPLETED|5|120|10|2800Mn|00:17:00|v[34,50,52,60-61]|normal|0|150|8|00:00:00
164|164|micro|normal|account1|users|100|user1|1001|2021-01-01T00:00:01|2021-01-01T00:00:01|2021-01-01T01:11:51|2021-01-01T01:24:30|00:12:39|0:0|COMPLETED|2|48|4|2800Mn|00:14:00|v[54,69]|normal|0|164|8|00:00:00
172|172|micro|normal|account1|users|100|user1|1001|2021-01-01T00:00:01|2021-01-01T00:00:01|2021-01-01T01:13:50|2021-01-01T01:28:37|00:14:47|0:0|COMPLETED|2|48|4|2800Mn|00:16:00|v[53,58]|normal|0|172|8|00:00:00
178|178|micro|normal|account1|users|100|user1|1001|2021-01-01T00:00:01|2021-01-01T00:00:01|2021-01-01T01:13:50|2021-01-01T01:29:31|00:15:41|0:0|COMPLETED|1|24|2|2800Mn|00:17:00|v70|normal|0|178|8|00:00:00
161|161|micro|normal|account1|users|100|user1|1001|2021-01-01T00:00:01|2021-01-01T00:00:01|2021-01-01T01:17:16|2021-01-01T01:29:48|00:12:32|0:0|COMPLETED|7|168|14|2800Mn|00:14:00|v[55-56,59,62-64,68]|normal|0|161|8|00:00:00
162|162|micro|normal|account1|users|100|user1|1001|2021-01-01T00:00:01|2021-01-01T00:00:01|2021-01-01T01:18:44|2021-01-01T01:29:50|00:11:06|0:0|COMPLETED|4|96|8|2800Mn|00:12:00|v[24,27-28,47]|normal|0|162|8|00:00:00
171|171|micro|normal|account1|users|100|user1|1001|2021-01-01T00:00:01|2021-01-01T00:00:01|2021-01-01T01:13:50|2021-01-01T01:30:04|00:16:14|0:0|COMPLETED|2|48|4|2800Mn|00:17:00|v[23,29]|normal|0|171|8|00:00:00
173|173|micro|normal|account1|users|100|user1|1001|2021-01-01T00:00:01|2021-01-01T00:00:01|2021-01-01T01:17:26|2021-01-01T01:31:30|00:14:04|0:0|COMPLETED|6|144|12|2800Mn|00:15:00|v[25,31,37,40-41,43]|normal|0|173|8|00:00:00
176|176|micro|normal|account1|users|100|user1|1001|2021-01-01T00:00:01|2021-01-01T00:00:01|2021-01-01T01:21:38|2021-01-01T01:31:42|00:10:04|0:0|COMPLETED|5|120|10|2800Mn|00:11:00|v[33,38,51,65,72]|normal|0|176|8|00:00:00
1|1|micro|que|account1|users|100|user1|1001|2021-01-01T00:00:00|2021-01-01T00:00:00|2021-01-01T00:00:02|2021-01-01T01:31:44|01:08:20|0:0|COMPLETED|13|312|26|2800Mn|01:11:00|v[1-13]|normal|0|1|8|00:23:22
179|179|micro|normal|account1|users|100|user1|1001|2021-01-01T00:00:02|2021-01-01T00:00:02|2021-01-01T01:19:20|2021-01-01T01:33:00|00:13:40|0:0|COMPLETED|1|24|2|2800Mn|00:15:00|v66|normal|0|179|8|00:00:00
170|170|micro|normal|account1|users|100|user1|1001|2021-01-01T00:00:01|2021-01-01T00:00:01|2021-01-01T01:23:36|2021-01-01T01:36:16|00:12:40|0:0|COMPLETED|4|96|8|2800Mn|00:14:00|v[34,50,52,60]|normal|0|170|8|00:00:00
182|182|micro|normal|account1|users|100|user1|1001|2021-01-01T00:00:02|2021-01-01T00:00:02|2021-01-01T01:22:29|2021-01-01T01:37:32|00:15:03|0:0|COMPLETED|6|144|12|2800Mn|00:16:00|v[16,19,26,30,32,36]|normal|0|182|8|00:00:00
180|180|micro|normal|account1|users|100|user1|1001|2021-01-01T00:00:02|2021-01-01T00:00:02|2021-01-01T01:22:45|2021-01-01T01:37:40|00:14:55|0:0|COMPLETED|7|168|14|2800Mn|00:16:00|v[20,35,39,42,49,57,67]|normal|0|180|8|00:00:00
174|174|micro|normal|account1|users|100|user1|1001|2021-01-01T00:00:01|2021-01-01T00:00:01|2021-01-01T01:23:15|2021-01-01T01:39:42|00:16:27|0:0|COMPLETED|6|144|12|2800Mn|00:18:00|v[14-15,17-18,21-22]|normal|0|174|8|00:00:00
175|175|micro|normal|account1|users|100|user1|1001|2021-01-01T00:00:01|2021-01-01T00:00:01|2021-01-01T01:24:37|2021-01-01T01:39:46|00:15:09|0:0|COMPLETED|7|168|14|2800Mn|00:16:00|v[44-46,48,61,69,71]|normal|0|175|8|00:00:00
181|181|micro|normal|account1|users|100|user1|1001|2021-01-01T00:00:02|2021-01-01T00:00:02|2021-01-01T01:29:58|2021-01-01T01:41:27|00:11:29|0:0|COMPLETED|3|72|6|2800Mn|00:13:00|v[28,47,70]|normal|0|181|8|00:00:00
167|167|micro|normal|account1|users|100|user1|1001|2021-01-01T00:00:01|2021-01-01T00:00:01|2021-01-01T01:29:58|2021-01-01T01:41:58|00:12:00|0:0|COMPLETED|7|168|14|2800Mn|00:13:00|v[55-56,59,62-64,68]|normal|0|167|8|00:00:00
177|177|micro|normal|account1|users|100|user1|1001|2021-01-01T00:00:01|2021-01-01T00:00:01|2021-01-01T01:31:40|2021-01-01T01:43:03|00:11:23|0:0|COMPLETED|7|168|14|2800Mn|00:13:00|v[23,25,29,31,37,40-41]|normal|0|177|8|00:00:00
168|168|micro|normal|account1|users|100|user1|1001|2021-01-01T00:00:01|2021-01-01T00:00:01|2021-01-01T01:28:42|2021-01-01T01:43:55|00:15:13|0:0|COMPLETED|3|72|6|2800Mn|00:16:00|v[53-54,58]|normal|0|168|8|00:00:00
169|169|micro|normal|account1|users|100|user1|1001|2021-01-01T00:00:01|2021-01-01T00:00:01|2021-01-01T01:29:58|2021-01-01T01:44:10|00:14:12|0:0|COMPLETED|2|48|4|2800Mn|00:15:00|v[24,27]|normal|0|169|8|00:00:00
