JobID|JobIDRaw|Cluster|Partition|Account|Group|GID|User|UID|Submit|Eligible|Start|End|Elapsed|ExitCode|State|NNodes|NCPUS|ReqCPUS|ReqMem|Timelimit|NodeList|QOS|ScheduledBy|JobName|NVEs|ToTSusT
55|55|micro|normal|account1|users|100|user1|1001|2021-01-01T00:00:00|2021-01-01T00:00:00|2021-01-01T00:00:12|2021-01-01T00:03:13|00:03:01|0:0|COMPLETED|1|24|2|2800Mn|00:04:00|v72|normal|0|55|8|00:00:00
49|49|micro|normal|account1|users|100|user1|1001|2021-01-01T00:00:00|2021-01-01T00:00:00|2021-01-01T00:00:12|2021-01-01T00:03:33|00:03:21|0:0|COMPLETED|1|24|2|2800Mn|00:05:00|v66|normal|0|49|8|00:00:00
28|28|micro|normal|account1|users|100|user1|1001|2021-01-01T00:00:00|2021-01-01T00:00:00|2021-01-01T00:00:11|2021-01-01T00:03:40|00:03:29|0:0|COMPLETED|1|24|2|2800Mn|00:05:00|v45|normal|0|28|8|00:00:00
4|4|micro|normal|account1|users|100|user1|1001|2021-01-01T00:00:00|2021-01-01T00:00:00|2021-01-01T00:00:02|2021-01-01T00:03:46|00:03:44|0:0|COMPLETED|1|24|2|2800Mn|00:05:00|v21|normal|0|4|8|00:00:00
10|10|micro|normal|account1|users|100|user1|1001|2021-01-01T00:00:00|2021-01-01T00:00:00|2021-01-01T00:00:02|2021-01-01T00:04:00|00:03:58|0:0|COMPLETED|1|24|2|2800Mn|00:05:00|v27|normal|0|10|8|00:00:00
22|22|micro|normal|account1|users|100|user1|1001|2021-01-01T00:00:00|2021-01-01T00:00:00|2021-01-01T00:00:11|2021-01-01T00:04:18|00:04:07|0:0|COMPLETED|1|24|2|2800Mn|00:05:00|v39|normal|0|22|8|00:00:00
7|7|micro|normal|account1|users|100|user1|1001|2021-01-01T00:00:00|2021-01-01T00:00:00|2021-01-01T00:00:02|2021-01-01T00:04:18|00:04:16|0:0|COMPLETED|1|24|2|2800Mn|00:05:00|v24|normal|0|7|8|00:00:00
13|13|micro|normal|account1|users|100|user1|1001|2021-01-01T00:00:00|2021-01-01T00:00:00|2021-01-01T00:00:11|2021-01-01T00:04:22|00:04:11|0:0|COMPLETED|1|24|2|2800Mn|00:05:00|v30|normal|0|13|8|00:00:00
37|37|micro|normal|account1|users|100|user1|1001|2021-01-01T00:00:00|2021-01-01T00:00:00|2021-01-01T00:00:12|2021-01-01T00:04:28|00:04:16|0:0|COMPLETED|1|24|2|2800Mn|00:05:00|v54|normal|0|37|8|00:00:00
46|46|micro|normal|account1|users|100|user1|1001|2021-01-01T00:00:00|2021-01-01T00:00:00|2021-01-01T00:00:12|2021-01-01T00:04:50|00:04:38|0:0|COMPLETED|1|24|2|2800Mn|00:06:00|v63|normal|0|46|8|00:00:00
183|183|micro|normal|account1|users|100|user1|1001|2021-01-01T00:00:02|2021-01-01T00:00:02|2021-01-01T00:03:58|2021-01-01T00:05:07|00:01:09|0:0|COMPLETED|2|48|4|2800Mn|00:02:00|v[45,66]|normal|0|183|8|00:00:00
16|16|micro|normal|account1|users|100|user1|1001|2021-01-01T00:00:00|2021-01-01T00:00:00|2021-01-01T00:00:11|2021-01-01T00:05:40|00:05:29|0:0|COMPLETED|1|24|2|2800Mn|00:07:00|v33|normal|0|16|8|00:00:00
34|34|micro|normal|account1|users|100|user1|1001|2021-01-01T00:00:00|2021-01-01T00:00:00|2021-01-01T00:00:12|2021-01-01T00:06:04|00:05:52|0:0|COMPLETED|1|24|2|2800Mn|00:07:00|v51|normal|0|34|8|00:00:00
19|19|micro|normal|account1|users|100|user1|1001|2021-01-01T00:00:00|2021-01-01T00:00:00|2021-01-01T00:00:11|2021-01-01T00:06:15|00:06:04|0:0|COMPLETED|1|24|2|2800Mn|00:07:00|v36|normal|0|19|8|00:00:00
52|52|micro|normal|account1|users|100|user1|1001|2021-01-01T00:00:00|2021-01-01T00:00:00|2021-01-01T00:00:12|2021-01-01T00:06:38|00:06:26|0:0|COMPLETED|1|24|2|2800Mn|00:08:00|v69|normal|0|52|8|00:00:00
31|31|micro|normal|account1|users|100|user1|1001|2021-01-01T00:00:00|2021-01-01T00:00:00|2021-01-01T00:00:11|2021-01-01T00:06:44|00:06:33|0:0|COMPLETED|1|24|2|2800Mn|00:08:00|v48|normal|0|31|8|00:00:00
25|25|micro|normal|account1|users|100|user1|1001|2021-01-01T00:00:00|2021-01-01T00:00:00|2021-01-01T00:00:11|2021-01-01T00:06:50|00:06:39|0:0|COMPLETED|1|24|2|2800Mn|00:08:00|v42|normal|0|25|8|00:00:00
43|43|micro|normal|account1|users|100|user1|1001|2021-01-01T00:00:00|2021-01-01T00:00:00|2021-01-01T00:00:12|2021-01-01T00:06:59|00:06:47|0:0|COMPLETED|1|24|2|2800Mn|00:08:00|v60|normal|0|43|8|00:00:00
38|38|micro|normal|account1|users|100|user1|1001|2021-01-01T00:00:00|2021-01-01T00:00:00|2021-01-01T00:00:12|2021-01-01T00:07:06|00:06:54|0:0|COMPLETED|1|24|2|2800Mn|00:08:00|v55|normal|0|38|8|00:00:00
23|23|micro|normal|account1|users|100|user1|1001|2021-01-01T00:00:00|2021-01-01T00:00:00|2021-01-01T00:00:11|2021-01-01T00:07:22|00:07:11|0:0|COMPLETED|1|24|2|2800Mn|00:08:00|v40|normal|0|23|8|00:00:00
40|40|micro|normal|account1|users|100|user1|1001|2021-01-01T00:00:00|2021-01-01T00:00:00|2021-01-01T00:00:12|2021-01-01T00:07:25|00:07:13|0:0|COMPLETED|1|24|2|2800Mn|00:08:00|v57|normal|0|40|8|00:00:00
30|30|micro|normal|account1|users|100|user1|1001|2021-01-01T00:00:00|2021-01-01T00:00:00|2021-01-01T00:00:11|2021-01-01T00:07:28|00:07:17|0:0|COMPLETED|1|24|2|2800Mn|00:08:00|v47|normal|0|30|8|00:00:00
51|51|micro|normal|account1|users|100|user1|1001|2021-01-01T00:00:00|2021-01-01T00:00:00|2021-01-01T00:00:12|2021-01-01T00:07:30|00:07:18|0:0|COMPLETED|1|24|2|2800Mn|00:08:00|v68|normal|0|51|8|00:00:00
41|41|micro|normal|account1|users|100|user1|1001|2021-01-01T00:00:00|2021-01-01T00:00:00|2021-01-01T00:00:12|2021-01-01T00:07:30|00:07:18|0:0|COMPLETED|1|24|2|2800Mn|00:08:00|v58|normal|0|41|8|00:00:00
39|39|micro|normal|account1|users|100|user1|1001|2021-01-01T00:00:00|2021-01-01T00:00:00|2021-01-01T00:00:12|2021-01-01T00:07:45|00:07:33|0:0|COMPLETED|1|24|2|2800Mn|00:09:00|v56|normal|0|39|8|00:00:00
32|32|micro|normal|account1|users|100|user1|1001|2021-01-01T00:00:00|2021-01-01T00:00:00|2021-01-01T00:00:11|2021-01-01T00:07:45|00:07:34|0:0|COMPLETED|1|24|2|2800Mn|00:09:00|v49|normal|0|32|8|00:00:00
17|17|micro|normal|account1|users|100|user1|1001|2021-01-01T00:00:00|2021-01-01T00:00:00|2021-01-01T00:00:11|2021-01-01T00:07:46|00:07:35|0:0|COMPLETED|1|24|2|2800Mn|00:09:00|v34|normal|0|17|8|00:00:00
42|42|micro|normal|account1|users|100|user1|1001|2021-01-01T00:00:00|2021-01-01T00:00:00|2021-01-01T00:00:12|2021-01-01T00:07:48|00:07:36|0:0|COMPLETED|1|24|2|2800Mn|00:09:00|v59|normal|0|42|8|00:00:00
29|29|micro|normal|account1|users|100|user1|1001|2021-01-01T00:00:00|2021-01-01T00:00:00|2021-01-01T00:00:11|2021-01-01T00:08:02|00:07:51|0:0|COMPLETED|1|24|2|2800Mn|00:09:00|v46|normal|0|29|8|00:00:00
24|24|micro|normal|account1|users|100|user1|1001|2021-01-01T00:00:00|2021-01-01T00:00:00|2021-01-01T00:00:11|2021-01-01T00:08:02|00:07:51|0:0|COMPLETED|1|24|2|2800Mn|00:09:00|v41|normal|0|24|8|00:00:00
14|14|micro|normal|account1|users|100|user1|1001|2021-01-01T00:00:00|2021-01-01T00:00:00|2021-01-01T00:00:11|2021-01-01T00:08:02|00:07:51|0:0|COMPLETED|1|24|2|2800Mn|00:09:00|v31|normal|0|14|8|00:00:00
50|50|micro|normal|account1|users|100|user1|1001|2021-01-01T00:00:00|2021-01-01T00:00:00|2021-01-01T00:00:12|2021-01-01T00:08:08|00:07:56|0:0|COMPLETED|1|24|2|2800Mn|00:09:00|v67|normal|0|50|8|00:00:00
35|35|micro|normal|account1|users|100|user1|1001|2021-01-01T00:00:00|2021-01-01T00:00:00|2021-01-01T00:00:12|2021-01-01T00:08:10|00:07:58|0:0|COMPLETED|1|24|2|2800Mn|00:09:00|v52|normal|0|35|8|00:00:00
18|18|micro|normal|account1|users|100|user1|1001|2021-01-01T00:00:00|2021-01-01T00:00:00|2021-01-01T00:00:11|2021-01-01T00:08:13|00:08:02|0:0|COMPLETED|1|24|2|2800Mn|00:09:00|v35|normal|0|18|8|00:00:00
3|3|micro|normal|account1|users|100|user1|1001|2021-01-01T00:00:00|2021-01-01T00:00:00|2021-01-01T00:00:02|2021-01-01T00:08:14|00:08:12|0:0|COMPLETED|1|24|2|2800Mn|00:09:00|v20|normal|0|3|8|00:00:00
45|45|micro|normal|account1|users|100|user1|1001|2021-01-01T00:00:00|2021-01-01T00:00:00|2021-01-01T00:00:12|2021-01-01T00:08:18|00:08:06|0:0|COMPLETED|1|24|2|2800Mn|00:09:00|v62|normal|0|45|8|00:00:00
8|8|micro|normal|account1|users|100|user1|1001|2021-01-01T00:00:00|2021-01-01T00:00:00|2021-01-01T00:00:02|2021-01-01T00:08:20|00:08:18|0:0|COMPLETED|1|24|2|2800Mn|00:09:00|v25|normal|0|8|8|00:00:00
21|21|micro|normal|account1|users|100|user1|1001|2021-01-01T00:00:00|2021-01-01T00:00:00|2021-01-01T00:00:11|2021-01-01T00:08:23|00:08:12|0:0|COMPLETED|1|24|2|2800Mn|00:09:00|v38|normal|0|21|8|00:00:00
11|11|micro|normal|account1|users|100|user1|1001|2021-01-01T00:00:00|2021-01-01T00:00:00|2021-01-01T00:00:02|2021-01-01T00:08:25|00:08:23|0:0|COMPLETED|1|24|2|2800Mn|00:10:00|v28|normal|0|11|8|00:00:00
33|33|micro|normal|account1|users|100|user1|1001|2021-01-01T00:00:00|2021-01-01T00:00:00|2021-01-01T00:00:11|2021-01-01T00:08:28|00:08:17|0:0|COMPLETED|1|24|2|2800Mn|00:09:00|v50|normal|0|33|8|00:00:00
15|15|micro|normal|account1|users|100|user1|1001|2021-01-01T00:00:00|2021-01-01T00:00:00|2021-01-01T00:00:11|2021-01-01T00:08:31|00:08:20|0:0|COMPLETED|1|24|2|2800Mn|00:10:00|v32|normal|0|15|8|00:00:00
6|6|micro|normal|account1|users|100|user1|1001|2021-01-01T00:00:00|2021-01-01T00:00:00|2021-01-01T00:00:02|2021-01-01T00:08:31|00:08:29|0:0|COMPLETED|1|24|2|2800Mn|00:10:00|v23|normal|0|6|8|00:00:00
47|47|micro|normal|account1|users|100|user1|1001|2021-01-01T00:00:00|2021-01-01T00:00:00|2021-01-01T00:00:12|2021-01-01T00:08:53|00:08:41|0:0|COMPLETED|1|24|2|2800Mn|00:10:00|v64|normal|0|47|8|00:00:00
27|27|micro|normal|account1|users|100|user1|1001|2021-01-01T00:00:00|2021-01-01T00:00:00|2021-01-01T00:00:11|2021-01-01T00:08:55|00:08:44|0:0|COMPLETED|1|24|2|2800Mn|00:10:00|v44|normal|0|27|8|00:00:00
5|5|micro|normal|account1|users|100|user1|1001|2021-01-01T00:00:00|2021-01-01T00:00:00|2021-01-01T00:00:02|2021-01-01T00:08:57|00:08:55|0:0|COMPLETED|1|24|2|2800Mn|00:10:00|v22|normal|0|5|8|00:00:00
44|44|micro|normal|account1|users|100|user1|1001|2021-01-01T00:00:00|2021-01-01T00:00:00|2021-01-01T00:00:12|2021-01-01T00:09:08|00:08:56|0:0|COMPLETED|1|24|2|2800Mn|00:10:00|v61|normal|0|44|8|00:00:00
12|12|micro|normal|account1|users|100|user1|1001|2021-01-01T00:00:00|2021-01-01T00:00:00|2021-01-01T00:00:02|2021-01-01T00:09:09|00:09:07|0:0|COMPLETED|1|24|2|2800Mn|00:10:00|v29|normal|0|12|8|00:00:00
53|53|micro|normal|account1|users|100|user1|1001|2021-01-01T00:00:00|2021-01-01T00:00:00|2021-01-01T00:00:12|2021-01-01T00:09:11|00:08:59|0:0|COMPLETED|1|24|2|2800Mn|00:10:00|v70|normal|0|53|8|00:00:00
9|9|micro|normal|account1|users|100|user1|1001|2021-01-01T00:00:00|2021-01-01T00:00:00|2021-01-01T00:00:02|2021-01-01T00:09:26|00:09:24|0:0|COMPLETED|1|24|2|2800Mn|00:11:00|v26|normal|0|9|8|00:00:00
20|20|micro|normal|account1|users|100|user1|1001|2021-01-01T00:00:00|2021-01-01T00:00:00|2021-01-01T00:00:11|2021-01-01T00:09:32|00:09:21|0:0|COMPLETED|1|24|2|2800Mn|00:11:00|v37|normal|0|20|8|00:00:00
36|36|micro|normal|account1|users|100|user1|1001|2021-01-01T00:00:00|2021-01-01T00:00:00|2021-01-01T00:00:12|2021-01-01T00:09:38|00:09:26|0:0|COMPLETED|1|24|2|2800Mn|00:11:00|v53|normal|0|36|8|00:00:00
26|26|micro|normal|account1|users|100|user1|1001|2021-01-01T00:00:00|2021-01-01T00:00:00|2021-01-01T00:00:11|2021-01-01T00:09:38|00:09:27|0:0|COMPLETED|1|24|2|2800Mn|00:11:00|v43|normal|0|26|8|00:00:00
2|2|micro|normal|account1|users|100|user1|1001|2021-01-01T00:00:00|2021-01-01T00:00:00|2021-01-01T00:00:02|2021-01-01T00:09:46|00:09:44|0:0|COMPLETED|1|24|2|2800Mn|00:11:00|v19|normal|0|2|8|00:00:00
48|48|micro|normal|account1|users|100|user1|1001|2021-01-01T00:00:00|2021-01-01T00:00:00|2021-01-01T00:00:12|2021-01-01T00:09:50|00:09:38|0:0|COMPLETED|1|24|2|2800Mn|00:11:00|v65|normal|0|48|8|00:00:00
54|54|micro|normal|account1|users|100|user1|1001|2021-01-01T00:00:00|2021-01-01T00:00:00|2021-01-01T00:00:12|2021-01-01T00:09:54|00:09:42|0:0|COMPLETED|1|24|2|2800Mn|00:11:00|v71|normal|0|54|8|00:00:00
101|101|micro|normal|account1|users|100|user1|1001|2021-01-01T00:00:01|2021-01-01T00:00:01|2021-01-01T00:06:24|2021-01-01T00:17:48|00:11:24|0:0|COMPLETED|3|72|6|2800Mn|00:13:00|v[33,36,51]|normal|0|101|8|00:00:00
98|98|micro|normal|account1|users|100|user1|1001|2021-01-01T00:00:01|2021-01-01T00:00:01|2021-01-01T00:04:36|2021-01-01T00:18:08|00:13:32|0:0|COMPLETED|4|96|8|2800Mn|00:15:00|v[21,24,27,30]|normal|0|98|8|00:00:00
99|99|micro|normal|account1|users|100|user1|1001|2021-01-01T00:00:01|2021-01-01T00:00:01|2021-01-01T00:05:16|2021-01-01T00:18:17|00:13:01|0:0|COMPLETED|6|144|12|2800Mn|00:14:00|v[39,45,54,63,66,72]|normal|0|99|8|00:00:00
109|109|micro|normal|account1|users|100|user1|1001|2021-01-01T00:00:01|2021-01-01T00:00:01|2021-01-01T00:08:37|2021-01-01T00:18:49|00:10:12|0:0|COMPLETED|2|48|4|2800Mn|00:11:00|v[67,69]|normal|0|109|8|00:00:00
103|103|micro|normal|account1|users|100|user1|1001|2021-01-01T00:00:01|2021-01-01T00:00:01|2021-01-01T00:08:37|2021-01-01T00:18:58|00:10:21|0:0|COMPLETED|3|72|6|2800Mn|00:12:00|v[20,25,31]|normal|0|103|8|00:00:00
105|105|micro|normal|account1|users|100|user1|1001|2021-01-01T00:00:01|2021-01-01T00:00:01|2021-01-01T00:08:37|2021-01-01T00:19:24|00:10:47|0:0|COMPLETED|8|192|16|2800Mn|00:12:00|v[41,46,49-50,52,56,59,62]|normal|0|105|8|00:00:00
184|184|micro|urgent|account1|users|100|user1|1001|2021-01-01T00:00:30|2021-01-01T00:00:30|2021-01-01T00:00:36|2021-01-01T00:19:31|00:18:55|0:0|COMPLETED|18|432|36|2800Mn|00:20:00|v[1-18]|normal|0|184|8|00:00:00
106|106|micro|normal|account1|users|100|user1|1001|2021-01-01T00:00:01|2021-01-01T00:00:01|2021-01-01T00:09:16|2021-01-01T00:19:51|00:10:35|0:0|COMPLETED|6|144|12|2800Mn|00:12:00|v[22-23,28-29,32,44]|normal|0|106|8|00:00:00
104|104|micro|normal|account1|users|100|user1|1001|2021-01-01T00:00:01|2021-01-01T00:00:01|2021-01-01T00:08:37|2021-01-01T00:20:26|00:11:49|0:0|COMPLETED|3|72|6|2800Mn|00:13:00|v[34-35,38]|normal|0|104|8|00:00:00
100|100|micro|normal|account1|users|100|user1|1001|2021-01-01T00:00:01|2021-01-01T00:00:01|2021-01-01T00:07:36|2021-01-01T00:20:46|00:13:10|0:0|COMPLETED|6|144|12|2800Mn|00:14:00|v[40,42,47-48,55,57]|normal|0|100|8|00:00:00
102|102|micro|normal|account1|users|100|user1|1001|2021-01-01T00:00:01|2021-01-01T00:00:01|2021-01-01T00:07:36|2021-01-01T00:22:15|00:14:39|0:0|COMPLETED|2|48|4|2800Mn|00:16:00|v[58,60]|normal|0|102|8|00:00:00
108|108|micro|normal|account1|users|100|user1|1001|2021-01-01T00:00:01|2021-01-01T00:00:01|2021-01-01T00:07:36|2021-01-01T00:22:49|00:15:13|0:0|COMPLETED|1|24|2|2800Mn|00:16:00|v68|normal|0|108|8|00:00:00
107|107|micro|normal|account1|users|100|user1|1001|2021-01-01T00:00:01|2021-01-01T00:00:01|2021-01-01T00:09:59|2021-01-01T00:23:12|00:13:13|0:0|COMPLETED|8|192|16|2800Mn|00:14:00|v[19,26,37,43,53,61,65,71]|normal|0|107|8|00:00:00
111|111|micro|normal|account1|users|100|user1|1001|2021-01-01T00:00:01|2021-01-01T00:00:01|2021-01-01T00:18:24|2021-01-01T00:29:39|00:11:15|0:0|COMPLETED|4|96|8|2800Mn|00:12:00|v[39,45,54,63]|normal|0|111|8|00:00:00
113|113|micro|normal|account1|users|100|user1|1001|2021-01-01T00:00:01|2021-01-01T00:00:01|2021-01-01T00:19:36|2021-01-01T00:30:15|00:10:39|0:0|COMPLETED|5|120|10|2800Mn|00:12:00|v[41,46,49-50,52]|normal|0|113|8|00:00:00
116|116|micro|normal|account1|users|100|user1|1001|2021-01-01T00:00:01|2021-01-01T00:00:01|2021-01-01T00:19:03|2021-01-01T00:30:25|00:11:22|0:0|COMPLETED|4|96|8|2800Mn|00:13:00|v[25,31,64,70]|normal|0|116|8|00:00:00
114|114|micro|normal|account1|users|100|user1|1001|2021-01-01T00:00:01|2021-01-01T00:00:01|2021-01-01T00:19:36|2021-01-01T00:32:00|00:12:24|0:0|COMPLETED|4|96|8|2800Mn|00:14:00|v[20,56,59,62]|normal|0|114|8|00:00:00
120|120|micro|normal|account1|users|100|user1|1001|2021-01-01T00:00:01|2021-01-01T00:00:01|2021-01-01T00:20:33|2021-01-01T00:33:36|00:13:03|0:0|COMPLETED|1|24|2|2800Mn|00:14:00|v35|normal|0|120|8|00:00:00
118|118|micro|normal|account1|users|100|user1|1001|2021-01-01T00:00:01|2021-01-01T00:00:01|2021-01-01T00:23:21|2021-01-01T00:34:09|00:10:48|0:0|COMPLETED|3|72|6|2800Mn|00:12:00|v[19,26,37]|normal|0|118|8|00:00:00
119|119|micro|normal|account1|users|100|user1|1001|2021-01-01T00:00:01|2021-01-01T00:00:01|2021-01-01T00:23:21|2021-01-01T00:34:13|00:10:52|0:0|COMPLETED|5|120|10|2800Mn|00:12:00|v[43,53,61,65,71]|normal|0|119|8|00:00:00
110|110|micro|normal|account1|users|100|user1|1001|2021-01-01T00:00:01|2021-01-01T00:00:01|2021-01-01T00:18:13|2021-01-01T00:34:26|00:16:13|0:0|COMPLETED|4|96|8|2800Mn|00:17:00|v[21,24,27,30]|normal|0|110|8|00:00:00
117|117|micro|normal|account1|users|100|user1|1001|2021-01-01T00:00:01|2021-01-01T00:00:01|2021-01-01T00:22:55|2021-01-01T00:34:54|00:11:59|0:0|COMPLETED|8|192|16|2800Mn|00:13:00|v[34,47-48,55,57-58,60,68]|normal|0|117|8|00:00:00
115|115|micro|normal|account1|users|100|user1|1001|2021-01-01T00:00:01|2021-01-01T00:00:01|2021-01-01T00:20:55|2021-01-01T00:34:55|00:14:00|0:0|COMPLETED|8|192|16|2800Mn|00:15:00|v[22-23,28-29,32,40,42,44]|normal|0|115|8|00:00:00
112|112|micro|normal|account1|users|100|user1|1001|2021-01-01T00:00:01|2021-01-01T00:00:01|2021-01-01T00:19:03|2021-01-01T00:35:25|00:16:22|0:0|COMPLETED|7|168|14|2800Mn|00:18:00|v[33,36,51,66-67,69,72]|normal|0|112|8|00:00:00
185|185|micro|urgent|account1|users|100|user1|1001|2021-01-01T00:01:00|2021-01-01T00:01:00|2021-01-01T00:19:36|2021-01-01T00:38:31|00:18:55|0:0|COMPLETED|18|432|36|2800Mn|00:20:00|v[1-18]|normal|0|185|8|00:00:00
125|125|micro|normal|account1|users|100|user1|1001|2021-01-01T00:00:01|2021-01-01T00:00:01|2021-01-01T00:30:22|2021-01-01T00:41:45|00:11:23|0:0|COMPLETED|1|24|2|2800Mn|00:13:00|v50|normal|0|125|8|00:00:00
124|124|micro|normal|account1|users|100|user1|1001|2021-01-01T00:00:01|2021-01-01T00:00:01|2021-01-01T00:32:06|2021-01-01T00:42:54|00:10:48|0:0|COMPLETED|7|168|14|2800Mn|00:12:00|v[20,25,31,56,59,62,64]|normal|0|124|8|00:00:00
121|121|micro|normal|account1|users|100|user1|1001|2021-01-01T00:00:01|2021-01-01T00:00:01|2021-01-01T00:29:49|2021-01-01T00:43:03|00:13:14|0:0|COMPLETED|2|48|4|2800Mn|00:14:00|v[39,45]|normal|0|121|8|00:00:00
123|123|micro|normal|account1|users|100|user1|1001|2021-01-01T00:00:01|2021-01-01T00:00:01|2021-01-01T00:30:22|2021-01-01T00:43:14|00:12:52|0:0|COMPLETED|3|72|6|2800Mn|00:14:00|v[41,46,49]|normal|0|123|8|00:00:00
126|126|micro|normal|account1|users|100|user1|1001|2021-01-01T00:00:01|2021-01-01T00:00:01|2021-01-01T00:30:22|2021-01-01T00:43:49|00:13:27|0:0|COMPLETED|1|24|2|2800Mn|00:15:00|v52|normal|0|126|8|00:00:00
122|122|micro|normal|account1|users|100|user1|1001|2021-01-01T00:00:01|2021-01-01T00:00:01|2021-01-01T00:29:49|2021-01-01T00:44:33|00:14:44|0:0|COMPLETED|3|72|6|2800Mn|00:16:00|v[38,54,63]|normal|0|122|8|00:00:00
133|133|micro|normal|account1|users|100|user1|1001|2021-01-01T00:00:01|2021-01-01T00:00:01|2021-01-01T00:35:01|2021-01-01T00:46:14|00:11:13|0:0|COMPLETED|7|168|14|2800Mn|00:12:00|v[44,47-48,55,57-58,60]|normal|0|133|8|00:00:00
129|129|micro|normal|account1|users|100|user1|1001|2021-01-01T00:00:01|2021-01-01T00:00:01|2021-01-01T00:33:44|2021-01-01T00:46:38|00:12:54|0:0|COMPLETED|2|48|4|2800Mn|00:14:00|v[35,70]|normal|0|129|8|00:00:00
134|134|micro|normal|account1|users|100|user1|1001|2021-01-01T00:00:01|2021-01-01T00:00:01|2021-01-01T00:35:34|2021-01-01T00:47:04|00:11:30|0:0|COMPLETED|8|192|16|2800Mn|00:13:00|v[33,36,51,66-69,72]|normal|0|134|8|00:00:00
131|131|micro|normal|account1|users|100|user1|1001|2021-01-01T00:00:01|2021-01-01T00:00:01|2021-01-01T00:34:33|2021-01-01T00:47:40|00:13:07|0:0|COMPLETED|3|72|6|2800Mn|00:14:00|v[21,24,27]|normal|0|131|8|00:00:00
127|127|micro|normal|account1|users|100|user1|1001|2021-01-01T00:00:01|2021-01-01T00:00:01|2021-01-01T00:35:01|2021-01-01T00:48:06|00:13:05|0:0|COMPLETED|6|144|12|2800Mn|00:14:00|v[22-23,28-29,32,34]|normal|0|127|8|00:00:00
130|130|micro|normal|account1|users|100|user1|1001|2021-01-01T00:00:01|2021-01-01T00:00:01|2021-01-01T00:34:22|2021-01-01T00:49:26|00:15:04|0:0|COMPLETED|5|120|10|2800Mn|00:16:00|v[43,53,61,65,71]|normal|0|130|8|00:00:00
128|128|micro|normal|account1|users|100|user1|1001|2021-01-01T00:00:01|2021-01-01T00:00:01|2021-01-01T00:34:22|2021-01-01T00:50:59|00:16:37|0:0|COMPLETED|3|72|6|2800Mn|00:18:00|v[19,26,37]|normal|0|128|8|00:00:00
132|132|micro|normal|account1|users|100|user1|1001|2021-01-01T00:00:01|2021-01-01T00:00:01|2021-01-01T00:35:01|2021-01-01T00:51:27|00:16:26|0:0|COMPLETED|3|72|6|2800Mn|00:18:00|v[30,40,42]|normal|0|132|8|00:00:00
136|136|micro|normal|account1|users|100|user1|1001|2021-01-01T00:00:01|2021-01-01T00:00:01|2021-01-01T00:43:19|2021-01-01T00:54:43|00:11:24|0:0|COMPLETED|6|144|12|2800Mn|00:13:00|v[39,41,45-46,49-50]|normal|0|136|8|00:00:00
137|137|micro|normal|account1|users|100|user1|1001|2021-01-01T00:00:01|2021-01-01T00:00:01|2021-01-01T00:46:23|2021-01-01T00:56:37|00:10:14|0:0|COMPLETED|8|192|16|2800Mn|00:11:00|v[38,44,47-48,55,57-58,60]|normal|0|137|8|00:00:00
135|135|micro|normal|account1|users|100|user1|1001|2021-01-01T00:00:01|2021-01-01T00:00:01|2021-01-01T00:43:08|2021-01-01T00:56:38|00:13:30|0:0|COMPLETED|7|168|14|2800Mn|00:15:00|v[20,25,31,56,59,62,64]|normal|0|135|8|00:00:00
139|139|micro|normal|account1|users|100|user1|1001|2021-01-01T00:00:01|2021-01-01T00:00:01|2021-01-01T00:44:40|2021-01-01T00:56:47|00:12:07|0:0|COMPLETED|2|48|4|2800Mn|00:13:00|v[54,63]|normal|0|139|8|00:00:00
138|138|micro|normal|account1|users|100|user1|1001|2021-01-01T00:00:01|2021-01-01T00:00:01|2021-01-01T00:43:57|2021-01-01T01:00:08|00:16:11|0:0|COMPLETED|1|24|2|2800Mn|00:17:00|v52|normal|0|138|8|00:00:00
140|140|micro|normal|account1|users|100|user1|1001|2021-01-01T00:00:01|2021-01-01T00:00:01|2021-01-01T00:46:44|2021-01-01T01:01:51|00:15:07|0:0|COMPLETED|2|48|4|2800Mn|00:16:00|v[35,70]|normal|0|140|8|00:00:00
143|143|micro|normal|account1|users|100|user1|1001|2021-01-01T00:00:01|2021-01-01T00:00:01|2021-01-01T00:47:49|2021-01-01T01:01:56|00:14:07|0:0|COMPLETED|2|48|4|2800Mn|00:15:00|v[21,24]|normal|0|143|8|00:00:00
145|145|micro|normal|account1|users|100|user1|1001|2021-01-01T00:00:01|2021-01-01T00:00:01|2021-01-01T00:51:04|2021-01-01T01:01:58|00:10:54|0:0|COMPLETED|1|24|2|2800Mn|00:12:00|v19|normal|0|145|8|00:00:00
141|141|micro|normal|account1|users|100|user1|1001|2021-01-01T00:00:01|2021-01-01T00:00:01|2021-01-01T00:48:11|2021-01-01T01:02:01|00:13:50|0:0|COMPLETED|6|144|12|2800Mn|00:15:00|v[22-23,28-29,32,34]|normal|0|141|8|00:00:00
146|146|micro|normal|account1|users|100|user1|1001|2021-01-01T00:00:01|2021-01-01T00:00:01|2021-01-01T00:51:36|2021-01-01T01:02:03|00:10:27|0:0|COMPLETED|3|72|6|2800Mn|00:12:00|v[26,30,37]|normal|0|146|8|00:00:00
153|153|micro|normal|account1|users|100|user1|1001|2021-01-01T00:00:01|2021-01-01T00:00:01|2021-01-01T00:51:36|2021-01-01T01:02:05|00:10:29|0:0|COMPLETED|1|24|2|2800Mn|00:12:00|v42|normal|0|153|8|00:00:00
142|142|micro|normal|account1|users|100|user1|1001|2021-01-01T00:00:01|2021-01-01T00:00:01|2021-01-01T00:47:11|2021-01-01T01:02:29|00:15:18|0:0|COMPLETED|8|192|16|2800Mn|00:16:00|v[33,36,51,66-69,72]|normal|0|142|8|00:00:00
148|148|micro|normal|account1|users|100|user1|1001|2021-01-01T00:00:01|2021-01-01T00:00:01|2021-01-01T00:51:36|2021-01-01T01:04:26|00:12:50|0:0|COMPLETED|1|24|2|2800Mn|00:14:00|v40|normal|0|148|8|00:00:00
144|144|micro|normal|account1|users|100|user1|1001|2021-01-01T00:00:01|2021-01-01T00:00:01|2021-01-01T00:49:32|2021-01-01T01:04:37|00:15:05|0:0|COMPLETED|6|144|12|2800Mn|00:16:00|v[27,43,53,61,65,71]|normal|0|144|8|00:00:00
159|159|micro|normal|account1|users|100|user1|1001|2021-01-01T00:00:01|2021-01-01T00:00:01|2021-01-01T00:54:52|2021-01-01T01:06:15|00:11:23|0:0|COMPLETED|1|24|2|2800Mn|00:13:00|v50|normal|0|159|8|00:00:00
154|154|micro|normal|account1|users|100|user1|1001|2021-01-01T00:00:01|2021-01-01T00:00:01|2021-01-01T00:56:43|2021-01-01T01:07:12|00:10:29|0:0|COMPLETED|7|168|14|2800Mn|00:12:00|v[20,25,31,56,59,62,64]|normal|0|154|8|00:00:00
147|147|micro|normal|account1|users|100|user1|1001|2021-01-01T00:00:01|2021-01-01T00:00:01|2021-01-01T00:56:43|2021-01-01T01:08:04|00:11:21|0:0|COMPLETED|8|192|16|2800Mn|00:13:00|v[38,44,47-48,55,57-58,60]|normal|0|147|8|00:00:00
149|149|micro|normal|account1|users|100|user1|1001|2021-01-01T00:00:01|2021-01-01T00:00:01|2021-01-01T00:54:52|2021-01-01T01:11:26|00:16:34|0:0|COMPLETED|5|120|10|2800Mn|00:18:00|v[39,41,45-46,49]|normal|0|149|8|00:00:00
155|155|micro|normal|account1|users|100|user1|1001|2021-01-01T00:00:01|2021-01-01T00:00:01|2021-01-01T01:02:10|2021-01-01T01:12:36|00:10:26|0:0|COMPLETED|5|120|10|2800Mn|00:12:00|v[22-23,28-29,32]|normal|0|155|8|00:00:00
158|158|micro|normal|account1|users|100|user1|1001|2021-01-01T00:00:01|2021-01-01T00:00:01|2021-01-01T01:02:36|2021-01-01T01:13:25|00:10:49|0:0|COMPLETED|5|120|10|2800Mn|00:12:00|v[26,30,68-69,72]|normal|0|158|8|00:00:00
156|156|micro|normal|account1|users|100|user1|1001|2021-01-01T00:00:01|2021-01-01T00:00:01|2021-01-01T01:02:10|2021-01-01T01:13:50|00:11:40|0:0|COMPLETED|8|192|16|2800Mn|00:13:00|v[21,24,34-35,52,54,63,70]|normal|0|156|8|00:00:00
160|160|micro|normal|account1|users|100|user1|1001|2021-01-01T00:00:01|2021-01-01T00:00:01|2021-01-01T01:04:43|2021-01-01T01:14:45|00:10:02|0:0|COMPLETED|4|96|8|2800Mn|00:11:00|v[27,43,53,61]|normal|0|160|8|00:00:00
164|164|micro|normal|account1|users|100|user1|1001|2021-01-01T00:00:01|2021-01-01T00:00:01|2021-01-01T01:02:10|2021-01-01T01:14:49|00:12:39|0:0|COMPLETED|2|48|4|2800Mn|00:14:00|v[19,42]|normal|0|164|8|00:00:00
162|162|micro|normal|account1|users|100|user1|1001|2021-01-01T00:00:01|2021-01-01T00:00:01|2021-01-01T01:04:43|2021-01-01T01:15:50|00:11:07|0:0|COMPLETED|4|96|8|2800Mn|00:12:00|v[37,40,65,71]|normal|0|162|8|00:00:00
157|157|micro|normal|account1|users|100|user1|1001|2021-01-01T00:00:01|2021-01-01T00:00:01|2021-01-01T01:02:36|2021-01-01T01:18:10|00:15:34|0:0|COMPLETED|5|120|10|2800Mn|00:17:00|v[33,36,51,66-67]|normal|0|157|8|00:00:00
165|165|micro|normal|account1|users|100|user1|1001|2021-01-01T00:00:01|2021-01-01T00:00:01|2021-01-01T01:06:23|2021-01-01T01:20:59|00:14:36|0:0|COMPLETED|1|24|2|2800Mn|00:16:00|v50|normal|0|165|8|00:00:00
166|166|micro|normal|account1|users|100|user1|1001|2021-01-01T00:00:01|2021-01-01T00:00:01|2021-01-01T01:08:18|2021-01-01T01:22:38|00:14:20|0:0|COMPLETED|8|192|16|2800Mn|00:16:00|v[20,25,31,56,58-59,62,64]|normal|0|166|8|00:00:00
163|163|micro|normal|account1|users|100|user1|1001|2021-01-01T00:00:01|2021-01-01T00:00:01|2021-01-01T01:08:18|2021-01-01T01:23:39|00:15:21|0:0|COMPLETED|6|144|12|2800Mn|00:17:00|v[38,44,47-48,55,57]|normal|0|163|8|00:00:00
170|170|micro|normal|account1|users|100|user1|1001|2021-01-01T00:00:01|2021-01-01T00:00:01|2021-01-01T01:12:42|2021-01-01T01:25:22|00:12:40|0:0|COMPLETED|4|96|8|2800Mn|00:14:00|v[22-23,28-29]|normal|0|170|8|00:00:00
176|176|micro|normal|account1|users|100|user1|1001|2021-01-01T00:00:01|2021-01-01T00:00:01|2021-01-01T01:15:58|2021-01-01T01:26:03|00:10:05|0:0|COMPLETED|5|120|10|2800Mn|00:11:00|v[19,37,40,65,71]|normal|0|176|8|00:00:00
172|172|micro|normal|account1|users|100|user1|1001|2021-01-01T00:00:01|2021-01-01T00:00:01|2021-01-01T01:11:35|2021-01-01T01:26:22|00:14:47|0:0|COMPLETED|2|48|4|2800Mn|00:16:00|v[41,45]|normal|0|172|8|00:00:00
173|173|micro|normal|account1|users|100|user1|1001|2021-01-01T00:00:01|2021-01-01T00:00:01|2021-01-01T01:14:05|2021-01-01T01:28:09|00:14:04|0:0|COMPLETED|6|144|12|2800Mn|00:15:00|v[21,24,34-35,52,54]|normal|0|173|8|00:00:00
171|171|micro|normal|account1|users|100|user1|1001|2021-01-01T00:00:01|2021-01-01T00:00:01|2021-01-01T01:12:42|2021-01-01T01:28:56|00:16:14|0:0|COMPLETED|2|48|4|2800Mn|00:17:00|v[32,39]|normal|0|171|8|00:00:00
175|175|micro|normal|account1|users|100|user1|1001|2021-01-01T00:00:01|2021-01-01T00:00:01|2021-01-01T01:14:57|2021-01-01T01:30:06|00:15:09|0:0|COMPLETED|7|168|14|2800Mn|00:16:00|v[27,43,46,49,53,61,72]|normal|0|175|8|00:00:00
174|174|micro|normal|account1|users|100|user1|1001|2021-01-01T00:00:01|2021-01-01T00:00:01|2021-01-01T01:14:05|2021-01-01T01:30:32|00:16:27|0:0|COMPLETED|6|144|12|2800Mn|00:18:00|v[26,30,63,68-70]|normal|0|174|8|00:00:00
178|178|micro|normal|account1|users|100|user1|1001|2021-01-01T00:00:01|2021-01-01T00:00:01|2021-01-01T01:14:57|2021-01-01T01:30:38|00:15:41|0:0|COMPLETED|1|24|2|2800Mn|00:17:00|v42|normal|0|178|8|00:00:00
179|179|micro|normal|account1|users|100|user1|1001|2021-01-01T00:00:01|2021-01-01T00:00:01|2021-01-01T01:18:17|2021-01-01T01:31:57|00:13:40|0:0|COMPLETED|1|24|2|2800Mn|00:15:00|v33|normal|0|179|8|00:00:00
151|151|micro|normal|account1|users|100|user1|1001|2021-01-01T00:00:01|2021-01-01T00:00:01|2021-01-01T01:22:43|2021-01-01T01:32:51|00:10:08|0:0|COMPLETED|8|192|16|2800Mn|00:11:00|v[20,25,31,56,58-59,62,64]|normal|0|151|8|00:00:00
150|150|micro|normal|account1|users|100|user1|1001|2021-01-01T00:00:01|2021-01-01T00:00:01|2021-01-01T01:18:17|2021-01-01T01:33:51|00:15:34|0:0|COMPLETED|5|120|10|2800Mn|00:17:00|v[36,51,60,66-67]|normal|0|150|8|00:00:00
181|181|micro|normal|account1|users|100|user1|1001|2021-01-01T00:00:01|2021-01-01T00:00:01|2021-01-01T01:23:45|2021-01-01T01:35:14|00:11:29|0:0|COMPLETED|3|72|6|2800Mn|00:13:00|v[38,44,47]|normal|0|181|8|00:00:00
161|161|micro|normal|account1|users|100|user1|1001|2021-01-01T00:00:01|2021-01-01T00:00:01|2021-01-01T01:25:27|2021-01-01T01:37:59|00:12:32|0:0|COMPLETED|7|168|14|2800Mn|00:14:00|v[22-23,28-29,48,55,57]|normal|0|161|8|00:00:00
167|167|micro|normal|account1|users|100|user1|1001|2021-01-01T00:00:01|2021-01-01T00:00:01|2021-01-01T01:28:17|2021-01-01T01:40:17|00:12:00|0:0|COMPLETED|7|168|14|2800Mn|00:13:00|v[21,24,34-35,41,52,54]|normal|0|167|8|00:00:00
152|152|micro|normal|account1|users|100|user1|1001|2021-01-01T00:00:01|2021-01-01T00:00:01|2021-01-01T01:26:09|2021-01-01T01:42:05|00:15:56|0:0|COMPLETED|5|120|10|2800Mn|00:17:00|v[19,37,40,65,71]|normal|0|152|8|00:00:00
177|177|micro|normal|account1|users|100|user1|1001|2021-01-01T00:00:01|2021-01-01T00:00:01|2021-01-01T01:30:45|2021-01-01T01:42:08|00:11:23|0:0|COMPLETED|7|168|14|2800Mn|00:13:00|v[26,30,46,63,68-70]|normal|0|177|8|00:00:00
168|168|micro|normal|account1|users|100|user1|1001|2021-01-01T00:00:01|2021-01-01T00:00:01|2021-01-01T01:29:03|2021-01-01T01:44:16|00:15:13|0:0|COMPLETED|3|72|6|2800Mn|00:16:00|v[32,39,45]|normal|0|168|8|00:00:00
169|169|micro|normal|account1|users|100|user1|1001|2021-01-01T00:00:01|2021-01-01T00:00:01|2021-01-01T01:30:15|2021-01-01T01:44:27|00:14:12|0:0|COMPLETED|2|48|4|2800Mn|00:15:00|v[27,43]|normal|0|169|8|00:00:00
1|1|micro|que|account1|users|100|user1|1001|2021-01-01T00:00:00|2021-01-01T00:00:00|2021-01-01T00:00:02|2021-01-01T01:46:29|01:08:20|0:0|COMPLETED|18|432|36|2800Mn|01:11:00|v[1-18]|normal|0|1|8|00:38:07
180|180|micro|normal|account1|users|100|user1|1001|2021-01-01T00:00:01|2021-01-01T00:00:01|2021-01-01T01:32:06|2021-01-01T01:47:01|00:14:55|0:0|COMPLETED|7|168|14|2800Mn|00:16:00|v[33,42,49-50,53,61,72]|normal|0|180|8|00:00:00
182|182|micro|normal|account1|users|100|user1|1001|2021-01-01T00:00:02|2021-01-01T00:00:02|2021-01-01T01:32:57|2021-01-01T01:48:00|00:15:03|0:0|COMPLETED|6|144|12|2800Mn|00:16:00|v[20,25,31,56,58-59]|normal|0|182|8|00:00:00
